{"/Users/lokesh-inumpudi1/Desktop/Experiments/moana-city/server/index.js": {"path":"/Users/lokesh-inumpudi1/Desktop/Experiments/moana-city/server/index.js","statementMap":{"0":{"start":{"line":1,"column":16},"end":{"line":1,"column":34}},"1":{"start":{"line":2,"column":25},"end":{"line":2,"column":40}},"2":{"start":{"line":3,"column":19},"end":{"line":3,"column":39}},"3":{"start":{"line":4,"column":13},"end":{"line":4,"column":28}},"4":{"start":{"line":6,"column":12},"end":{"line":6,"column":21}},"5":{"start":{"line":7,"column":0},"end":{"line":7,"column":16}},"6":{"start":{"line":9,"column":19},"end":{"line":9,"column":36}},"7":{"start":{"line":10,"column":11},"end":{"line":17,"column":2}},"8":{"start":{"line":20,"column":16},"end":{"line":20,"column":25}},"9":{"start":{"line":23,"column":20},"end":{"line":23,"column":29}},"10":{"start":{"line":26,"column":16},"end":{"line":26,"column":19}},"11":{"start":{"line":27,"column":32},"end":{"line":27,"column":37}},"12":{"start":{"line":30,"column":21},"end":{"line":57,"column":1}},"13":{"start":{"line":60,"column":18},"end":{"line":65,"column":1}},"14":{"start":{"line":69,"column":19},"end":{"line":69,"column":45}},"15":{"start":{"line":70,"column":2},"end":{"line":74,"column":4}},"16":{"start":{"line":79,"column":2},"end":{"line":86,"column":3}},"17":{"start":{"line":80,"column":15},"end":{"line":80,"column":42}},"18":{"start":{"line":81,"column":15},"end":{"line":81,"column":42}},"19":{"start":{"line":82,"column":21},"end":{"line":82,"column":49}},"20":{"start":{"line":83,"column":4},"end":{"line":85,"column":5}},"21":{"start":{"line":84,"column":6},"end":{"line":84,"column":19}},"22":{"start":{"line":87,"column":2},"end":{"line":87,"column":14}},"23":{"start":{"line":92,"column":77},"end":{"line":92,"column":97}},"24":{"start":{"line":94,"column":2},"end":{"line":134,"column":3}},"25":{"start":{"line":94,"column":15},"end":{"line":94,"column":16}},"26":{"start":{"line":96,"column":18},"end":{"line":96,"column":23}},"27":{"start":{"line":97,"column":19},"end":{"line":97,"column":20}},"28":{"start":{"line":100,"column":4},"end":{"line":104,"column":5}},"29":{"start":{"line":101,"column":6},"end":{"line":101,"column":42}},"30":{"start":{"line":102,"column":6},"end":{"line":102,"column":74}},"31":{"start":{"line":103,"column":6},"end":{"line":103,"column":17}},"32":{"start":{"line":107,"column":19},"end":{"line":115,"column":5}},"33":{"start":{"line":118,"column":4},"end":{"line":131,"column":5}},"34":{"start":{"line":119,"column":28},"end":{"line":122,"column":7}},"35":{"start":{"line":124,"column":6},"end":{"line":128,"column":8}},"36":{"start":{"line":130,"column":6},"end":{"line":130,"column":43}},"37":{"start":{"line":133,"column":4},"end":{"line":133,"column":35}},"38":{"start":{"line":136,"column":2},"end":{"line":136,"column":63}},"39":{"start":{"line":141,"column":31},"end":{"line":141,"column":56}},"40":{"start":{"line":143,"column":2},"end":{"line":179,"column":5}},"41":{"start":{"line":145,"column":18},"end":{"line":145,"column":97}},"42":{"start":{"line":147,"column":4},"end":{"line":178,"column":5}},"43":{"start":{"line":147,"column":17},"end":{"line":147,"column":18}},"44":{"start":{"line":149,"column":20},"end":{"line":149,"column":47}},"45":{"start":{"line":150,"column":23},"end":{"line":150,"column":60}},"46":{"start":{"line":152,"column":23},"end":{"line":155,"column":7}},"47":{"start":{"line":158,"column":17},"end":{"line":158,"column":47}},"48":{"start":{"line":159,"column":17},"end":{"line":159,"column":47}},"49":{"start":{"line":160,"column":33},"end":{"line":160,"column":61}},"50":{"start":{"line":161,"column":21},"end":{"line":161,"column":90}},"51":{"start":{"line":163,"column":6},"end":{"line":163,"column":32}},"52":{"start":{"line":166,"column":19},"end":{"line":166,"column":66}},"53":{"start":{"line":167,"column":20},"end":{"line":167,"column":55}},"54":{"start":{"line":169,"column":26},"end":{"line":175,"column":7}},"55":{"start":{"line":177,"column":6},"end":{"line":177,"column":47}},"56":{"start":{"line":181,"column":2},"end":{"line":181,"column":73}},"57":{"start":{"line":186,"column":27},"end":{"line":186,"column":49}},"58":{"start":{"line":188,"column":2},"end":{"line":222,"column":3}},"59":{"start":{"line":188,"column":15},"end":{"line":188,"column":16}},"60":{"start":{"line":190,"column":18},"end":{"line":190,"column":23}},"61":{"start":{"line":191,"column":19},"end":{"line":191,"column":20}},"62":{"start":{"line":194,"column":4},"end":{"line":206,"column":5}},"63":{"start":{"line":195,"column":6},"end":{"line":195,"column":42}},"64":{"start":{"line":198,"column":6},"end":{"line":198,"column":65}},"65":{"start":{"line":201,"column":6},"end":{"line":203,"column":7}},"66":{"start":{"line":202,"column":8},"end":{"line":202,"column":69}},"67":{"start":{"line":205,"column":6},"end":{"line":205,"column":17}},"68":{"start":{"line":208,"column":4},"end":{"line":208,"column":27}},"69":{"start":{"line":208,"column":18},"end":{"line":208,"column":27}},"70":{"start":{"line":211,"column":17},"end":{"line":211,"column":64}},"71":{"start":{"line":213,"column":21},"end":{"line":219,"column":5}},"72":{"start":{"line":221,"column":4},"end":{"line":221,"column":39}},"73":{"start":{"line":224,"column":2},"end":{"line":224,"column":67}},"74":{"start":{"line":230,"column":22},"end":{"line":230,"column":25}},"75":{"start":{"line":231,"column":20},"end":{"line":231,"column":22}},"76":{"start":{"line":233,"column":2},"end":{"line":253,"column":3}},"77":{"start":{"line":233,"column":15},"end":{"line":233,"column":16}},"78":{"start":{"line":234,"column":18},"end":{"line":234,"column":47}},"79":{"start":{"line":237,"column":28},"end":{"line":237,"column":52}},"80":{"start":{"line":238,"column":26},"end":{"line":238,"column":55}},"81":{"start":{"line":240,"column":21},"end":{"line":244,"column":5}},"82":{"start":{"line":246,"column":17},"end":{"line":250,"column":5}},"83":{"start":{"line":252,"column":4},"end":{"line":252,"column":31}},"84":{"start":{"line":255,"column":2},"end":{"line":255,"column":59}},"85":{"start":{"line":261,"column":2},"end":{"line":261,"column":25}},"86":{"start":{"line":262,"column":2},"end":{"line":262,"column":30}},"87":{"start":{"line":263,"column":2},"end":{"line":263,"column":27}},"88":{"start":{"line":264,"column":2},"end":{"line":264,"column":23}},"89":{"start":{"line":267,"column":2},"end":{"line":267,"column":20}},"90":{"start":{"line":268,"column":2},"end":{"line":268,"column":25}},"91":{"start":{"line":269,"column":2},"end":{"line":269,"column":22}},"92":{"start":{"line":270,"column":2},"end":{"line":270,"column":18}},"93":{"start":{"line":272,"column":2},"end":{"line":272,"column":44}},"94":{"start":{"line":276,"column":0},"end":{"line":276,"column":18}},"95":{"start":{"line":279,"column":0},"end":{"line":285,"column":3}},"96":{"start":{"line":280,"column":2},"end":{"line":284,"column":5}},"97":{"start":{"line":288,"column":27},"end":{"line":288,"column":29}},"98":{"start":{"line":289,"column":25},"end":{"line":289,"column":35}},"99":{"start":{"line":292,"column":14},"end":{"line":292,"column":24}},"100":{"start":{"line":293,"column":20},"end":{"line":293,"column":53}},"101":{"start":{"line":294,"column":2},"end":{"line":294,"column":27}},"102":{"start":{"line":297,"column":2},"end":{"line":395,"column":5}},"103":{"start":{"line":299,"column":4},"end":{"line":302,"column":5}},"104":{"start":{"line":300,"column":6},"end":{"line":300,"column":29}},"105":{"start":{"line":301,"column":6},"end":{"line":301,"column":13}},"106":{"start":{"line":305,"column":4},"end":{"line":305,"column":49}},"107":{"start":{"line":308,"column":4},"end":{"line":308,"column":63}},"108":{"start":{"line":309,"column":4},"end":{"line":309,"column":63}},"109":{"start":{"line":310,"column":4},"end":{"line":310,"column":63}},"110":{"start":{"line":313,"column":4},"end":{"line":394,"column":7}},"111":{"start":{"line":315,"column":6},"end":{"line":315,"column":50}},"112":{"start":{"line":315,"column":43},"end":{"line":315,"column":50}},"113":{"start":{"line":318,"column":6},"end":{"line":318,"column":56}},"114":{"start":{"line":318,"column":49},"end":{"line":318,"column":56}},"115":{"start":{"line":321,"column":17},"end":{"line":321,"column":63}},"116":{"start":{"line":322,"column":17},"end":{"line":322,"column":63}},"117":{"start":{"line":323,"column":17},"end":{"line":323,"column":63}},"118":{"start":{"line":324,"column":23},"end":{"line":324,"column":55}},"119":{"start":{"line":327,"column":30},"end":{"line":327,"column":74}},"120":{"start":{"line":329,"column":6},"end":{"line":393,"column":7}},"121":{"start":{"line":331,"column":28},"end":{"line":335,"column":9}},"122":{"start":{"line":338,"column":8},"end":{"line":342,"column":11}},"123":{"start":{"line":345,"column":29},"end":{"line":345,"column":50}},"124":{"start":{"line":346,"column":8},"end":{"line":373,"column":9}},"125":{"start":{"line":348,"column":28},"end":{"line":348,"column":98}},"126":{"start":{"line":351,"column":10},"end":{"line":369,"column":11}},"127":{"start":{"line":353,"column":27},"end":{"line":353,"column":58}},"128":{"start":{"line":354,"column":12},"end":{"line":368,"column":13}},"129":{"start":{"line":355,"column":14},"end":{"line":355,"column":53}},"130":{"start":{"line":358,"column":14},"end":{"line":361,"column":17}},"131":{"start":{"line":364,"column":14},"end":{"line":367,"column":17}},"132":{"start":{"line":372,"column":10},"end":{"line":372,"column":60}},"133":{"start":{"line":376,"column":8},"end":{"line":380,"column":11}},"134":{"start":{"line":383,"column":8},"end":{"line":389,"column":11}},"135":{"start":{"line":392,"column":8},"end":{"line":392,"column":31}},"136":{"start":{"line":399,"column":0},"end":{"line":399,"column":57}},"137":{"start":{"line":401,"column":0},"end":{"line":664,"column":3}},"138":{"start":{"line":402,"column":2},"end":{"line":402,"column":76}},"139":{"start":{"line":403,"column":2},"end":{"line":403,"column":56}},"140":{"start":{"line":406,"column":21},"end":{"line":411,"column":3}},"141":{"start":{"line":415,"column":2},"end":{"line":417,"column":5}},"142":{"start":{"line":416,"column":4},"end":{"line":416,"column":24}},"143":{"start":{"line":420,"column":2},"end":{"line":445,"column":5}},"144":{"start":{"line":421,"column":4},"end":{"line":421,"column":75}},"145":{"start":{"line":422,"column":4},"end":{"line":422,"column":44}},"146":{"start":{"line":424,"column":4},"end":{"line":444,"column":5}},"147":{"start":{"line":425,"column":6},"end":{"line":428,"column":9}},"148":{"start":{"line":431,"column":6},"end":{"line":434,"column":9}},"149":{"start":{"line":437,"column":30},"end":{"line":438,"column":50}},"150":{"start":{"line":438,"column":26},"end":{"line":438,"column":49}},"151":{"start":{"line":439,"column":6},"end":{"line":439,"column":64}},"152":{"start":{"line":440,"column":6},"end":{"line":440,"column":51}},"153":{"start":{"line":443,"column":6},"end":{"line":443,"column":58}},"154":{"start":{"line":448,"column":2},"end":{"line":538,"column":5}},"155":{"start":{"line":449,"column":4},"end":{"line":537,"column":5}},"156":{"start":{"line":450,"column":6},"end":{"line":534,"column":7}},"157":{"start":{"line":452,"column":30},"end":{"line":452,"column":52}},"158":{"start":{"line":455,"column":8},"end":{"line":458,"column":11}},"159":{"start":{"line":461,"column":8},"end":{"line":520,"column":9}},"160":{"start":{"line":463,"column":30},"end":{"line":467,"column":11}},"161":{"start":{"line":465,"column":34},"end":{"line":465,"column":57}},"162":{"start":{"line":466,"column":32},"end":{"line":466,"column":34}},"163":{"start":{"line":470,"column":10},"end":{"line":504,"column":13}},"164":{"start":{"line":471,"column":12},"end":{"line":503,"column":13}},"165":{"start":{"line":473,"column":41},"end":{"line":473,"column":75}},"166":{"start":{"line":474,"column":14},"end":{"line":474,"column":68}},"167":{"start":{"line":475,"column":14},"end":{"line":475,"column":68}},"168":{"start":{"line":478,"column":14},"end":{"line":483,"column":17}},"169":{"start":{"line":486,"column":14},"end":{"line":493,"column":17}},"170":{"start":{"line":496,"column":14},"end":{"line":502,"column":17}},"171":{"start":{"line":507,"column":29},"end":{"line":507,"column":74}},"172":{"start":{"line":507,"column":68},"end":{"line":507,"column":72}},"173":{"start":{"line":508,"column":10},"end":{"line":519,"column":11}},"174":{"start":{"line":509,"column":12},"end":{"line":518,"column":13}},"175":{"start":{"line":510,"column":14},"end":{"line":510,"column":37}},"176":{"start":{"line":513,"column":14},"end":{"line":517,"column":17}},"177":{"start":{"line":524,"column":31},"end":{"line":530,"column":9}},"178":{"start":{"line":533,"column":8},"end":{"line":533,"column":64}},"179":{"start":{"line":536,"column":6},"end":{"line":536,"column":59}},"180":{"start":{"line":541,"column":2},"end":{"line":569,"column":5}},"181":{"start":{"line":542,"column":4},"end":{"line":568,"column":5}},"182":{"start":{"line":543,"column":6},"end":{"line":543,"column":42}},"183":{"start":{"line":543,"column":35},"end":{"line":543,"column":42}},"184":{"start":{"line":546,"column":27},"end":{"line":546,"column":76}},"185":{"start":{"line":549,"column":6},"end":{"line":556,"column":9}},"186":{"start":{"line":559,"column":6},"end":{"line":565,"column":9}},"187":{"start":{"line":567,"column":6},"end":{"line":567,"column":62}},"188":{"start":{"line":572,"column":2},"end":{"line":592,"column":5}},"189":{"start":{"line":573,"column":4},"end":{"line":591,"column":5}},"190":{"start":{"line":574,"column":6},"end":{"line":574,"column":42}},"191":{"start":{"line":574,"column":35},"end":{"line":574,"column":42}},"192":{"start":{"line":577,"column":21},"end":{"line":577,"column":43}},"193":{"start":{"line":578,"column":6},"end":{"line":578,"column":29}},"194":{"start":{"line":581,"column":6},"end":{"line":588,"column":9}},"195":{"start":{"line":590,"column":6},"end":{"line":590,"column":68}},"196":{"start":{"line":595,"column":2},"end":{"line":637,"column":5}},"197":{"start":{"line":596,"column":4},"end":{"line":636,"column":5}},"198":{"start":{"line":597,"column":6},"end":{"line":597,"column":42}},"199":{"start":{"line":597,"column":35},"end":{"line":597,"column":42}},"200":{"start":{"line":600,"column":31},"end":{"line":600,"column":97}},"201":{"start":{"line":600,"column":69},"end":{"line":600,"column":96}},"202":{"start":{"line":602,"column":6},"end":{"line":633,"column":7}},"203":{"start":{"line":604,"column":28},"end":{"line":604,"column":81}},"204":{"start":{"line":607,"column":8},"end":{"line":610,"column":11}},"205":{"start":{"line":613,"column":23},"end":{"line":613,"column":45}},"206":{"start":{"line":614,"column":8},"end":{"line":632,"column":9}},"207":{"start":{"line":616,"column":10},"end":{"line":625,"column":11}},"208":{"start":{"line":618,"column":14},"end":{"line":618,"column":77}},"209":{"start":{"line":619,"column":14},"end":{"line":619,"column":20}},"210":{"start":{"line":621,"column":14},"end":{"line":621,"column":81}},"211":{"start":{"line":622,"column":14},"end":{"line":622,"column":20}},"212":{"start":{"line":624,"column":14},"end":{"line":624,"column":54}},"213":{"start":{"line":628,"column":10},"end":{"line":631,"column":13}},"214":{"start":{"line":635,"column":6},"end":{"line":635,"column":65}},"215":{"start":{"line":640,"column":2},"end":{"line":655,"column":5}},"216":{"start":{"line":641,"column":4},"end":{"line":641,"column":81}},"217":{"start":{"line":642,"column":4},"end":{"line":642,"column":35}},"218":{"start":{"line":645,"column":4},"end":{"line":649,"column":5}},"219":{"start":{"line":646,"column":6},"end":{"line":648,"column":7}},"220":{"start":{"line":647,"column":8},"end":{"line":647,"column":31}},"221":{"start":{"line":652,"column":4},"end":{"line":652,"column":30}},"222":{"start":{"line":653,"column":4},"end":{"line":653,"column":38}},"223":{"start":{"line":654,"column":4},"end":{"line":654,"column":52}},"224":{"start":{"line":658,"column":2},"end":{"line":660,"column":5}},"225":{"start":{"line":659,"column":4},"end":{"line":659,"column":42}},"226":{"start":{"line":663,"column":2},"end":{"line":663,"column":39}},"227":{"start":{"line":666,"column":13},"end":{"line":666,"column":37}},"228":{"start":{"line":667,"column":0},"end":{"line":672,"column":3}},"229":{"start":{"line":668,"column":2},"end":{"line":668,"column":78}},"230":{"start":{"line":669,"column":2},"end":{"line":671,"column":5}}},"fnMap":{"0":{"name":"generateRandomPosition","decl":{"start":{"line":68,"column":9},"end":{"line":68,"column":31}},"loc":{"start":{"line":68,"column":34},"end":{"line":75,"column":1}},"line":68},"1":{"name":"isPositionValid","decl":{"start":{"line":78,"column":9},"end":{"line":78,"column":24}},"loc":{"start":{"line":78,"column":65},"end":{"line":88,"column":1}},"line":78},"2":{"name":"generateIslands","decl":{"start":{"line":91,"column":9},"end":{"line":91,"column":24}},"loc":{"start":{"line":91,"column":27},"end":{"line":137,"column":1}},"line":91},"3":{"name":"generateCollectibles","decl":{"start":{"line":140,"column":9},"end":{"line":140,"column":29}},"loc":{"start":{"line":140,"column":32},"end":{"line":182,"column":1}},"line":140},"4":{"name":"(anonymous_4)","decl":{"start":{"line":143,"column":28},"end":{"line":143,"column":29}},"loc":{"start":{"line":143,"column":53},"end":{"line":179,"column":3}},"line":143},"5":{"name":"generateObstacles","decl":{"start":{"line":185,"column":9},"end":{"line":185,"column":26}},"loc":{"start":{"line":185,"column":29},"end":{"line":225,"column":1}},"line":185},"6":{"name":"generateBuoys","decl":{"start":{"line":228,"column":9},"end":{"line":228,"column":22}},"loc":{"start":{"line":228,"column":25},"end":{"line":256,"column":1}},"line":228},"7":{"name":"initializeWorld","decl":{"start":{"line":259,"column":9},"end":{"line":259,"column":24}},"loc":{"start":{"line":259,"column":27},"end":{"line":273,"column":1}},"line":259},"8":{"name":"(anonymous_8)","decl":{"start":{"line":279,"column":19},"end":{"line":279,"column":20}},"loc":{"start":{"line":279,"column":33},"end":{"line":285,"column":1}},"line":279},"9":{"name":"updateProjectilePhysics","decl":{"start":{"line":291,"column":9},"end":{"line":291,"column":32}},"loc":{"start":{"line":291,"column":35},"end":{"line":396,"column":1}},"line":291},"10":{"name":"(anonymous_10)","decl":{"start":{"line":297,"column":22},"end":{"line":297,"column":23}},"loc":{"start":{"line":297,"column":42},"end":{"line":395,"column":3}},"line":297},"11":{"name":"(anonymous_11)","decl":{"start":{"line":313,"column":20},"end":{"line":313,"column":21}},"loc":{"start":{"line":313,"column":42},"end":{"line":394,"column":5}},"line":313},"12":{"name":"(anonymous_12)","decl":{"start":{"line":401,"column":20},"end":{"line":401,"column":21}},"loc":{"start":{"line":401,"column":32},"end":{"line":664,"column":1}},"line":401},"13":{"name":"(anonymous_13)","decl":{"start":{"line":415,"column":20},"end":{"line":415,"column":21}},"loc":{"start":{"line":415,"column":26},"end":{"line":417,"column":3}},"line":415},"14":{"name":"(anonymous_14)","decl":{"start":{"line":420,"column":27},"end":{"line":420,"column":28}},"loc":{"start":{"line":420,"column":43},"end":{"line":445,"column":3}},"line":420},"15":{"name":"(anonymous_15)","decl":{"start":{"line":438,"column":16},"end":{"line":438,"column":17}},"loc":{"start":{"line":438,"column":26},"end":{"line":438,"column":49}},"line":438},"16":{"name":"(anonymous_16)","decl":{"start":{"line":448,"column":28},"end":{"line":448,"column":29}},"loc":{"start":{"line":448,"column":43},"end":{"line":538,"column":3}},"line":448},"17":{"name":"(anonymous_17)","decl":{"start":{"line":465,"column":22},"end":{"line":465,"column":23}},"loc":{"start":{"line":465,"column":34},"end":{"line":465,"column":57}},"line":465},"18":{"name":"(anonymous_18)","decl":{"start":{"line":466,"column":19},"end":{"line":466,"column":20}},"loc":{"start":{"line":466,"column":32},"end":{"line":466,"column":34}},"line":466},"19":{"name":"(anonymous_19)","decl":{"start":{"line":470,"column":40},"end":{"line":470,"column":41}},"loc":{"start":{"line":470,"column":58},"end":{"line":504,"column":11}},"line":470},"20":{"name":"(anonymous_20)","decl":{"start":{"line":507,"column":63},"end":{"line":507,"column":64}},"loc":{"start":{"line":507,"column":68},"end":{"line":507,"column":72}},"line":507},"21":{"name":"(anonymous_21)","decl":{"start":{"line":541,"column":31},"end":{"line":541,"column":32}},"loc":{"start":{"line":541,"column":51},"end":{"line":569,"column":3}},"line":541},"22":{"name":"(anonymous_22)","decl":{"start":{"line":572,"column":30},"end":{"line":572,"column":31}},"loc":{"start":{"line":572,"column":40},"end":{"line":592,"column":3}},"line":572},"23":{"name":"(anonymous_23)","decl":{"start":{"line":595,"column":34},"end":{"line":595,"column":35}},"loc":{"start":{"line":595,"column":44},"end":{"line":637,"column":3}},"line":595},"24":{"name":"(anonymous_24)","decl":{"start":{"line":600,"column":64},"end":{"line":600,"column":65}},"loc":{"start":{"line":600,"column":69},"end":{"line":600,"column":96}},"line":600},"25":{"name":"(anonymous_25)","decl":{"start":{"line":640,"column":26},"end":{"line":640,"column":27}},"loc":{"start":{"line":640,"column":38},"end":{"line":655,"column":3}},"line":640},"26":{"name":"(anonymous_26)","decl":{"start":{"line":658,"column":21},"end":{"line":658,"column":22}},"loc":{"start":{"line":658,"column":32},"end":{"line":660,"column":3}},"line":658},"27":{"name":"(anonymous_27)","decl":{"start":{"line":667,"column":24},"end":{"line":667,"column":25}},"loc":{"start":{"line":667,"column":30},"end":{"line":672,"column":1}},"line":667}},"branchMap":{"0":{"loc":{"start":{"line":12,"column":12},"end":{"line":14,"column":62}},"type":"cond-expr","locations":[{"start":{"line":13,"column":8},"end":{"line":13,"column":39}},{"start":{"line":14,"column":8},"end":{"line":14,"column":62}}],"line":12},"1":{"loc":{"start":{"line":83,"column":4},"end":{"line":85,"column":5}},"type":"if","locations":[{"start":{"line":83,"column":4},"end":{"line":85,"column":5}},{"start":{},"end":{}}],"line":83},"2":{"loc":{"start":{"line":100,"column":11},"end":{"line":100,"column":36}},"type":"binary-expr","locations":[{"start":{"line":100,"column":11},"end":{"line":100,"column":19}},{"start":{"line":100,"column":23},"end":{"line":100,"column":36}}],"line":100},"3":{"loc":{"start":{"line":118,"column":4},"end":{"line":131,"column":5}},"type":"if","locations":[{"start":{"line":118,"column":4},"end":{"line":131,"column":5}},{"start":{},"end":{}}],"line":118},"4":{"loc":{"start":{"line":194,"column":11},"end":{"line":194,"column":36}},"type":"binary-expr","locations":[{"start":{"line":194,"column":11},"end":{"line":194,"column":19}},{"start":{"line":194,"column":23},"end":{"line":194,"column":36}}],"line":194},"5":{"loc":{"start":{"line":201,"column":6},"end":{"line":203,"column":7}},"type":"if","locations":[{"start":{"line":201,"column":6},"end":{"line":203,"column":7}},{"start":{},"end":{}}],"line":201},"6":{"loc":{"start":{"line":208,"column":4},"end":{"line":208,"column":27}},"type":"if","locations":[{"start":{"line":208,"column":4},"end":{"line":208,"column":27}},{"start":{},"end":{}}],"line":208},"7":{"loc":{"start":{"line":299,"column":4},"end":{"line":302,"column":5}},"type":"if","locations":[{"start":{"line":299,"column":4},"end":{"line":302,"column":5}},{"start":{},"end":{}}],"line":299},"8":{"loc":{"start":{"line":315,"column":6},"end":{"line":315,"column":50}},"type":"if","locations":[{"start":{"line":315,"column":6},"end":{"line":315,"column":50}},{"start":{},"end":{}}],"line":315},"9":{"loc":{"start":{"line":318,"column":6},"end":{"line":318,"column":56}},"type":"if","locations":[{"start":{"line":318,"column":6},"end":{"line":318,"column":56}},{"start":{},"end":{}}],"line":318},"10":{"loc":{"start":{"line":318,"column":10},"end":{"line":318,"column":47}},"type":"binary-expr","locations":[{"start":{"line":318,"column":10},"end":{"line":318,"column":22}},{"start":{"line":318,"column":26},"end":{"line":318,"column":47}}],"line":318},"11":{"loc":{"start":{"line":327,"column":30},"end":{"line":327,"column":74}},"type":"cond-expr","locations":[{"start":{"line":327,"column":65},"end":{"line":327,"column":68}},{"start":{"line":327,"column":71},"end":{"line":327,"column":74}}],"line":327},"12":{"loc":{"start":{"line":329,"column":6},"end":{"line":393,"column":7}},"type":"if","locations":[{"start":{"line":329,"column":6},"end":{"line":393,"column":7}},{"start":{},"end":{}}],"line":329},"13":{"loc":{"start":{"line":339,"column":18},"end":{"line":339,"column":59}},"type":"cond-expr","locations":[{"start":{"line":339,"column":53},"end":{"line":339,"column":54}},{"start":{"line":339,"column":57},"end":{"line":339,"column":59}}],"line":339},"14":{"loc":{"start":{"line":346,"column":8},"end":{"line":373,"column":9}},"type":"if","locations":[{"start":{"line":346,"column":8},"end":{"line":373,"column":9}},{"start":{},"end":{}}],"line":346},"15":{"loc":{"start":{"line":346,"column":12},"end":{"line":346,"column":73}},"type":"binary-expr","locations":[{"start":{"line":346,"column":12},"end":{"line":346,"column":24}},{"start":{"line":346,"column":28},"end":{"line":346,"column":45}},{"start":{"line":346,"column":49},"end":{"line":346,"column":73}}],"line":346},"16":{"loc":{"start":{"line":348,"column":56},"end":{"line":348,"column":97}},"type":"cond-expr","locations":[{"start":{"line":348,"column":91},"end":{"line":348,"column":92}},{"start":{"line":348,"column":95},"end":{"line":348,"column":97}}],"line":348},"17":{"loc":{"start":{"line":351,"column":10},"end":{"line":369,"column":11}},"type":"if","locations":[{"start":{"line":351,"column":10},"end":{"line":369,"column":11}},{"start":{},"end":{}}],"line":351},"18":{"loc":{"start":{"line":354,"column":12},"end":{"line":368,"column":13}},"type":"if","locations":[{"start":{"line":354,"column":12},"end":{"line":368,"column":13}},{"start":{},"end":{}}],"line":354},"19":{"loc":{"start":{"line":355,"column":30},"end":{"line":355,"column":47}},"type":"binary-expr","locations":[{"start":{"line":355,"column":30},"end":{"line":355,"column":42}},{"start":{"line":355,"column":46},"end":{"line":355,"column":47}}],"line":355},"20":{"loc":{"start":{"line":450,"column":6},"end":{"line":534,"column":7}},"type":"if","locations":[{"start":{"line":450,"column":6},"end":{"line":534,"column":7}},{"start":{},"end":{}}],"line":450},"21":{"loc":{"start":{"line":461,"column":8},"end":{"line":520,"column":9}},"type":"if","locations":[{"start":{"line":461,"column":8},"end":{"line":520,"column":9}},{"start":{},"end":{}}],"line":461},"22":{"loc":{"start":{"line":461,"column":12},"end":{"line":461,"column":69}},"type":"binary-expr","locations":[{"start":{"line":461,"column":12},"end":{"line":461,"column":33}},{"start":{"line":461,"column":37},"end":{"line":461,"column":69}}],"line":461},"23":{"loc":{"start":{"line":471,"column":12},"end":{"line":503,"column":13}},"type":"if","locations":[{"start":{"line":471,"column":12},"end":{"line":503,"column":13}},{"start":{"line":484,"column":19},"end":{"line":503,"column":13}}],"line":471},"24":{"loc":{"start":{"line":509,"column":12},"end":{"line":518,"column":13}},"type":"if","locations":[{"start":{"line":509,"column":12},"end":{"line":518,"column":13}},{"start":{},"end":{}}],"line":509},"25":{"loc":{"start":{"line":543,"column":6},"end":{"line":543,"column":42}},"type":"if","locations":[{"start":{"line":543,"column":6},"end":{"line":543,"column":42}},{"start":{},"end":{}}],"line":543},"26":{"loc":{"start":{"line":546,"column":27},"end":{"line":546,"column":76}},"type":"binary-expr","locations":[{"start":{"line":546,"column":27},"end":{"line":546,"column":44}},{"start":{"line":546,"column":48},"end":{"line":546,"column":76}}],"line":546},"27":{"loc":{"start":{"line":574,"column":6},"end":{"line":574,"column":42}},"type":"if","locations":[{"start":{"line":574,"column":6},"end":{"line":574,"column":42}},{"start":{},"end":{}}],"line":574},"28":{"loc":{"start":{"line":597,"column":6},"end":{"line":597,"column":42}},"type":"if","locations":[{"start":{"line":597,"column":6},"end":{"line":597,"column":42}},{"start":{},"end":{}}],"line":597},"29":{"loc":{"start":{"line":602,"column":6},"end":{"line":633,"column":7}},"type":"if","locations":[{"start":{"line":602,"column":6},"end":{"line":633,"column":7}},{"start":{},"end":{}}],"line":602},"30":{"loc":{"start":{"line":614,"column":8},"end":{"line":632,"column":9}},"type":"if","locations":[{"start":{"line":614,"column":8},"end":{"line":632,"column":9}},{"start":{},"end":{}}],"line":614},"31":{"loc":{"start":{"line":616,"column":10},"end":{"line":625,"column":11}},"type":"switch","locations":[{"start":{"line":617,"column":12},"end":{"line":619,"column":20}},{"start":{"line":620,"column":12},"end":{"line":622,"column":20}},{"start":{"line":623,"column":12},"end":{"line":624,"column":54}}],"line":616},"32":{"loc":{"start":{"line":618,"column":30},"end":{"line":618,"column":47}},"type":"binary-expr","locations":[{"start":{"line":618,"column":30},"end":{"line":618,"column":42}},{"start":{"line":618,"column":46},"end":{"line":618,"column":47}}],"line":618},"33":{"loc":{"start":{"line":618,"column":52},"end":{"line":618,"column":75}},"type":"binary-expr","locations":[{"start":{"line":618,"column":52},"end":{"line":618,"column":69}},{"start":{"line":618,"column":73},"end":{"line":618,"column":75}}],"line":618},"34":{"loc":{"start":{"line":621,"column":30},"end":{"line":621,"column":47}},"type":"binary-expr","locations":[{"start":{"line":621,"column":30},"end":{"line":621,"column":42}},{"start":{"line":621,"column":46},"end":{"line":621,"column":47}}],"line":621},"35":{"loc":{"start":{"line":621,"column":52},"end":{"line":621,"column":75}},"type":"binary-expr","locations":[{"start":{"line":621,"column":52},"end":{"line":621,"column":69}},{"start":{"line":621,"column":73},"end":{"line":621,"column":75}}],"line":621},"36":{"loc":{"start":{"line":624,"column":30},"end":{"line":624,"column":47}},"type":"binary-expr","locations":[{"start":{"line":624,"column":30},"end":{"line":624,"column":42}},{"start":{"line":624,"column":46},"end":{"line":624,"column":47}}],"line":624},"37":{"loc":{"start":{"line":646,"column":6},"end":{"line":648,"column":7}},"type":"if","locations":[{"start":{"line":646,"column":6},"end":{"line":648,"column":7}},{"start":{},"end":{}}],"line":646},"38":{"loc":{"start":{"line":666,"column":13},"end":{"line":666,"column":37}},"type":"binary-expr","locations":[{"start":{"line":666,"column":13},"end":{"line":666,"column":29}},{"start":{"line":666,"column":33},"end":{"line":666,"column":37}}],"line":666},"39":{"loc":{"start":{"line":670,"column":17},"end":{"line":670,"column":54}},"type":"binary-expr","locations":[{"start":{"line":670,"column":17},"end":{"line":670,"column":37}},{"start":{"line":670,"column":41},"end":{"line":670,"column":54}}],"line":670}},"s":{"0":0,"1":0,"2":0,"3":0,"4":0,"5":0,"6":0,"7":0,"8":0,"9":0,"10":0,"11":0,"12":0,"13":0,"14":0,"15":0,"16":0,"17":0,"18":0,"19":0,"20":0,"21":0,"22":0,"23":0,"24":0,"25":0,"26":0,"27":0,"28":0,"29":0,"30":0,"31":0,"32":0,"33":0,"34":0,"35":0,"36":0,"37":0,"38":0,"39":0,"40":0,"41":0,"42":0,"43":0,"44":0,"45":0,"46":0,"47":0,"48":0,"49":0,"50":0,"51":0,"52":0,"53":0,"54":0,"55":0,"56":0,"57":0,"58":0,"59":0,"60":0,"61":0,"62":0,"63":0,"64":0,"65":0,"66":0,"67":0,"68":0,"69":0,"70":0,"71":0,"72":0,"73":0,"74":0,"75":0,"76":0,"77":0,"78":0,"79":0,"80":0,"81":0,"82":0,"83":0,"84":0,"85":0,"86":0,"87":0,"88":0,"89":0,"90":0,"91":0,"92":0,"93":0,"94":0,"95":0,"96":0,"97":0,"98":0,"99":0,"100":0,"101":0,"102":0,"103":0,"104":0,"105":0,"106":0,"107":0,"108":0,"109":0,"110":0,"111":0,"112":0,"113":0,"114":0,"115":0,"116":0,"117":0,"118":0,"119":0,"120":0,"121":0,"122":0,"123":0,"124":0,"125":0,"126":0,"127":0,"128":0,"129":0,"130":0,"131":0,"132":0,"133":0,"134":0,"135":0,"136":0,"137":0,"138":0,"139":0,"140":0,"141":0,"142":0,"143":0,"144":0,"145":0,"146":0,"147":0,"148":0,"149":0,"150":0,"151":0,"152":0,"153":0,"154":0,"155":0,"156":0,"157":0,"158":0,"159":0,"160":0,"161":0,"162":0,"163":0,"164":0,"165":0,"166":0,"167":0,"168":0,"169":0,"170":0,"171":0,"172":0,"173":0,"174":0,"175":0,"176":0,"177":0,"178":0,"179":0,"180":0,"181":0,"182":0,"183":0,"184":0,"185":0,"186":0,"187":0,"188":0,"189":0,"190":0,"191":0,"192":0,"193":0,"194":0,"195":0,"196":0,"197":0,"198":0,"199":0,"200":0,"201":0,"202":0,"203":0,"204":0,"205":0,"206":0,"207":0,"208":0,"209":0,"210":0,"211":0,"212":0,"213":0,"214":0,"215":0,"216":0,"217":0,"218":0,"219":0,"220":0,"221":0,"222":0,"223":0,"224":0,"225":0,"226":0,"227":0,"228":0,"229":0,"230":0},"f":{"0":0,"1":0,"2":0,"3":0,"4":0,"5":0,"6":0,"7":0,"8":0,"9":0,"10":0,"11":0,"12":0,"13":0,"14":0,"15":0,"16":0,"17":0,"18":0,"19":0,"20":0,"21":0,"22":0,"23":0,"24":0,"25":0,"26":0,"27":0},"b":{"0":[0,0],"1":[0,0],"2":[0,0],"3":[0,0],"4":[0,0],"5":[0,0],"6":[0,0],"7":[0,0],"8":[0,0],"9":[0,0],"10":[0,0],"11":[0,0],"12":[0,0],"13":[0,0],"14":[0,0],"15":[0,0,0],"16":[0,0],"17":[0,0],"18":[0,0],"19":[0,0],"20":[0,0],"21":[0,0],"22":[0,0],"23":[0,0],"24":[0,0],"25":[0,0],"26":[0,0],"27":[0,0],"28":[0,0],"29":[0,0],"30":[0,0],"31":[0,0,0],"32":[0,0],"33":[0,0],"34":[0,0],"35":[0,0],"36":[0,0],"37":[0,0],"38":[0,0],"39":[0,0]}}
}
