TN:
SF:index.js
FN:68,generateRandomPosition
FN:78,isPositionValid
FN:91,generateIslands
FN:140,generateCollectibles
FN:143,(anonymous_4)
FN:185,generateObstacles
FN:228,generateBuoys
FN:259,initializeWorld
FN:279,(anonymous_8)
FN:291,updateProjectilePhysics
FN:297,(anonymous_10)
FN:313,(anonymous_11)
FN:401,(anonymous_12)
FN:415,(anonymous_13)
FN:420,(anonymous_14)
FN:438,(anonymous_15)
FN:448,(anonymous_16)
FN:465,(anonymous_17)
FN:466,(anonymous_18)
FN:470,(anonymous_19)
FN:507,(anonymous_20)
FN:541,(anonymous_21)
FN:572,(anonymous_22)
FN:595,(anonymous_23)
FN:600,(anonymous_24)
FN:640,(anonymous_25)
FN:658,(anonymous_26)
FN:667,(anonymous_27)
FNF:28
FNH:0
FNDA:0,generateRandomPosition
FNDA:0,isPositionValid
FNDA:0,generateIslands
FNDA:0,generateCollectibles
FNDA:0,(anonymous_4)
FNDA:0,generateObstacles
FNDA:0,generateBuoys
FNDA:0,initializeWorld
FNDA:0,(anonymous_8)
FNDA:0,updateProjectilePhysics
FNDA:0,(anonymous_10)
FNDA:0,(anonymous_11)
FNDA:0,(anonymous_12)
FNDA:0,(anonymous_13)
FNDA:0,(anonymous_14)
FNDA:0,(anonymous_15)
FNDA:0,(anonymous_16)
FNDA:0,(anonymous_17)
FNDA:0,(anonymous_18)
FNDA:0,(anonymous_19)
FNDA:0,(anonymous_20)
FNDA:0,(anonymous_21)
FNDA:0,(anonymous_22)
FNDA:0,(anonymous_23)
FNDA:0,(anonymous_24)
FNDA:0,(anonymous_25)
FNDA:0,(anonymous_26)
FNDA:0,(anonymous_27)
DA:1,0
DA:2,0
DA:3,0
DA:4,0
DA:6,0
DA:7,0
DA:9,0
DA:10,0
DA:20,0
DA:23,0
DA:26,0
DA:27,0
DA:30,0
DA:60,0
DA:69,0
DA:70,0
DA:79,0
DA:80,0
DA:81,0
DA:82,0
DA:83,0
DA:84,0
DA:87,0
DA:92,0
DA:94,0
DA:96,0
DA:97,0
DA:100,0
DA:101,0
DA:102,0
DA:103,0
DA:107,0
DA:118,0
DA:119,0
DA:124,0
DA:130,0
DA:133,0
DA:136,0
DA:141,0
DA:143,0
DA:145,0
DA:147,0
DA:149,0
DA:150,0
DA:152,0
DA:158,0
DA:159,0
DA:160,0
DA:161,0
DA:163,0
DA:166,0
DA:167,0
DA:169,0
DA:177,0
DA:181,0
DA:186,0
DA:188,0
DA:190,0
DA:191,0
DA:194,0
DA:195,0
DA:198,0
DA:201,0
DA:202,0
DA:205,0
DA:208,0
DA:211,0
DA:213,0
DA:221,0
DA:224,0
DA:230,0
DA:231,0
DA:233,0
DA:234,0
DA:237,0
DA:238,0
DA:240,0
DA:246,0
DA:252,0
DA:255,0
DA:261,0
DA:262,0
DA:263,0
DA:264,0
DA:267,0
DA:268,0
DA:269,0
DA:270,0
DA:272,0
DA:276,0
DA:279,0
DA:280,0
DA:288,0
DA:289,0
DA:292,0
DA:293,0
DA:294,0
DA:297,0
DA:299,0
DA:300,0
DA:301,0
DA:305,0
DA:308,0
DA:309,0
DA:310,0
DA:313,0
DA:315,0
DA:318,0
DA:321,0
DA:322,0
DA:323,0
DA:324,0
DA:327,0
DA:329,0
DA:331,0
DA:338,0
DA:345,0
DA:346,0
DA:348,0
DA:351,0
DA:353,0
DA:354,0
DA:355,0
DA:358,0
DA:364,0
DA:372,0
DA:376,0
DA:383,0
DA:392,0
DA:399,0
DA:401,0
DA:402,0
DA:403,0
DA:406,0
DA:415,0
DA:416,0
DA:420,0
DA:421,0
DA:422,0
DA:424,0
DA:425,0
DA:431,0
DA:437,0
DA:438,0
DA:439,0
DA:440,0
DA:443,0
DA:448,0
DA:449,0
DA:450,0
DA:452,0
DA:455,0
DA:461,0
DA:463,0
DA:465,0
DA:466,0
DA:470,0
DA:471,0
DA:473,0
DA:474,0
DA:475,0
DA:478,0
DA:486,0
DA:496,0
DA:507,0
DA:508,0
DA:509,0
DA:510,0
DA:513,0
DA:524,0
DA:533,0
DA:536,0
DA:541,0
DA:542,0
DA:543,0
DA:546,0
DA:549,0
DA:559,0
DA:567,0
DA:572,0
DA:573,0
DA:574,0
DA:577,0
DA:578,0
DA:581,0
DA:590,0
DA:595,0
DA:596,0
DA:597,0
DA:600,0
DA:602,0
DA:604,0
DA:607,0
DA:613,0
DA:614,0
DA:616,0
DA:618,0
DA:619,0
DA:621,0
DA:622,0
DA:624,0
DA:628,0
DA:635,0
DA:640,0
DA:641,0
DA:642,0
DA:645,0
DA:646,0
DA:647,0
DA:652,0
DA:653,0
DA:654,0
DA:658,0
DA:659,0
DA:663,0
DA:666,0
DA:667,0
DA:668,0
DA:669,0
LF:219
LH:0
BRDA:12,0,0,0
BRDA:12,0,1,0
BRDA:83,1,0,0
BRDA:83,1,1,0
BRDA:100,2,0,0
BRDA:100,2,1,0
BRDA:118,3,0,0
BRDA:118,3,1,0
BRDA:194,4,0,0
BRDA:194,4,1,0
BRDA:201,5,0,0
BRDA:201,5,1,0
BRDA:208,6,0,0
BRDA:208,6,1,0
BRDA:299,7,0,0
BRDA:299,7,1,0
BRDA:315,8,0,0
BRDA:315,8,1,0
BRDA:318,9,0,0
BRDA:318,9,1,0
BRDA:318,10,0,0
BRDA:318,10,1,0
BRDA:327,11,0,0
BRDA:327,11,1,0
BRDA:329,12,0,0
BRDA:329,12,1,0
BRDA:339,13,0,0
BRDA:339,13,1,0
BRDA:346,14,0,0
BRDA:346,14,1,0
BRDA:346,15,0,0
BRDA:346,15,1,0
BRDA:346,15,2,0
BRDA:348,16,0,0
BRDA:348,16,1,0
BRDA:351,17,0,0
BRDA:351,17,1,0
BRDA:354,18,0,0
BRDA:354,18,1,0
BRDA:355,19,0,0
BRDA:355,19,1,0
BRDA:450,20,0,0
BRDA:450,20,1,0
BRDA:461,21,0,0
BRDA:461,21,1,0
BRDA:461,22,0,0
BRDA:461,22,1,0
BRDA:471,23,0,0
BRDA:471,23,1,0
BRDA:509,24,0,0
BRDA:509,24,1,0
BRDA:543,25,0,0
BRDA:543,25,1,0
BRDA:546,26,0,0
BRDA:546,26,1,0
BRDA:574,27,0,0
BRDA:574,27,1,0
BRDA:597,28,0,0
BRDA:597,28,1,0
BRDA:602,29,0,0
BRDA:602,29,1,0
BRDA:614,30,0,0
BRDA:614,30,1,0
BRDA:616,31,0,0
BRDA:616,31,1,0
BRDA:616,31,2,0
BRDA:618,32,0,0
BRDA:618,32,1,0
BRDA:618,33,0,0
BRDA:618,33,1,0
BRDA:621,34,0,0
BRDA:621,34,1,0
BRDA:621,35,0,0
BRDA:621,35,1,0
BRDA:624,36,0,0
BRDA:624,36,1,0
BRDA:646,37,0,0
BRDA:646,37,1,0
BRDA:666,38,0,0
BRDA:666,38,1,0
BRDA:670,39,0,0
BRDA:670,39,1,0
BRF:82
BRH:0
end_of_record
