{"/Users/lokesh-inumpudi1/Desktop/Experiments/moana-city/client/src/js/Game.js": {"path":"/Users/lokesh-inumpudi1/Desktop/Experiments/moana-city/client/src/js/Game.js","statementMap":{"0":{"start":{"line":25,"column":4},"end":{"line":25,"column":31}},"1":{"start":{"line":28,"column":4},"end":{"line":28,"column":27}},"2":{"start":{"line":29,"column":4},"end":{"line":29,"column":22}},"3":{"start":{"line":30,"column":4},"end":{"line":30,"column":26}},"4":{"start":{"line":31,"column":4},"end":{"line":31,"column":24}},"5":{"start":{"line":32,"column":4},"end":{"line":32,"column":20}},"6":{"start":{"line":35,"column":4},"end":{"line":35,"column":19}},"7":{"start":{"line":36,"column":4},"end":{"line":36,"column":19}},"8":{"start":{"line":39,"column":4},"end":{"line":39,"column":32}},"9":{"start":{"line":40,"column":4},"end":{"line":40,"column":29}},"10":{"start":{"line":41,"column":4},"end":{"line":41,"column":36}},"11":{"start":{"line":42,"column":4},"end":{"line":42,"column":33}},"12":{"start":{"line":45,"column":4},"end":{"line":45,"column":38}},"13":{"start":{"line":46,"column":4},"end":{"line":46,"column":38}},"14":{"start":{"line":47,"column":4},"end":{"line":47,"column":36}},"15":{"start":{"line":50,"column":4},"end":{"line":126,"column":6}},"16":{"start":{"line":55,"column":10},"end":{"line":55,"column":73}},"17":{"start":{"line":56,"column":10},"end":{"line":56,"column":66}},"18":{"start":{"line":64,"column":10},"end":{"line":68,"column":12}},"19":{"start":{"line":69,"column":10},"end":{"line":69,"column":65}},"20":{"start":{"line":77,"column":35},"end":{"line":77,"column":50}},"21":{"start":{"line":78,"column":10},"end":{"line":78,"column":33}},"22":{"start":{"line":80,"column":10},"end":{"line":82,"column":20}},"23":{"start":{"line":81,"column":12},"end":{"line":81,"column":47}},"24":{"start":{"line":84,"column":10},"end":{"line":84,"column":69}},"25":{"start":{"line":92,"column":10},"end":{"line":92,"column":37}},"26":{"start":{"line":95,"column":10},"end":{"line":106,"column":11}},"27":{"start":{"line":96,"column":35},"end":{"line":96,"column":70}},"28":{"start":{"line":97,"column":35},"end":{"line":101,"column":14}},"29":{"start":{"line":102,"column":12},"end":{"line":102,"column":81}},"30":{"start":{"line":103,"column":12},"end":{"line":103,"column":49}},"31":{"start":{"line":105,"column":12},"end":{"line":105,"column":47}},"32":{"start":{"line":108,"column":10},"end":{"line":113,"column":20}},"33":{"start":{"line":109,"column":12},"end":{"line":109,"column":40}},"34":{"start":{"line":110,"column":12},"end":{"line":112,"column":13}},"35":{"start":{"line":111,"column":14},"end":{"line":111,"column":50}},"36":{"start":{"line":115,"column":10},"end":{"line":115,"column":64}},"37":{"start":{"line":122,"column":10},"end":{"line":122,"column":28}},"38":{"start":{"line":123,"column":10},"end":{"line":123,"column":59}},"39":{"start":{"line":129,"column":4},"end":{"line":129,"column":57}},"40":{"start":{"line":130,"column":4},"end":{"line":130,"column":47}},"41":{"start":{"line":133,"column":4},"end":{"line":133,"column":70}},"42":{"start":{"line":136,"column":4},"end":{"line":136,"column":27}},"43":{"start":{"line":137,"column":4},"end":{"line":142,"column":6}},"44":{"start":{"line":145,"column":4},"end":{"line":145,"column":30}},"45":{"start":{"line":147,"column":4},"end":{"line":147,"column":25}},"46":{"start":{"line":148,"column":4},"end":{"line":148,"column":27}},"47":{"start":{"line":151,"column":4},"end":{"line":151,"column":47}},"48":{"start":{"line":155,"column":4},"end":{"line":201,"column":7}},"49":{"start":{"line":156,"column":6},"end":{"line":200,"column":7}},"50":{"start":{"line":158,"column":8},"end":{"line":158,"column":26}},"51":{"start":{"line":161,"column":8},"end":{"line":161,"column":51}},"52":{"start":{"line":164,"column":8},"end":{"line":164,"column":53}},"53":{"start":{"line":167,"column":8},"end":{"line":169,"column":11}},"54":{"start":{"line":168,"column":10},"end":{"line":168,"column":98}},"55":{"start":{"line":171,"column":8},"end":{"line":175,"column":11}},"56":{"start":{"line":172,"column":10},"end":{"line":174,"column":11}},"57":{"start":{"line":173,"column":12},"end":{"line":173,"column":94}},"58":{"start":{"line":177,"column":8},"end":{"line":181,"column":11}},"59":{"start":{"line":178,"column":10},"end":{"line":180,"column":11}},"60":{"start":{"line":179,"column":12},"end":{"line":179,"column":93}},"61":{"start":{"line":184,"column":8},"end":{"line":197,"column":11}},"62":{"start":{"line":186,"column":10},"end":{"line":186,"column":63}},"63":{"start":{"line":189,"column":10},"end":{"line":189,"column":35}},"64":{"start":{"line":192,"column":10},"end":{"line":192,"column":32}},"65":{"start":{"line":193,"column":10},"end":{"line":193,"column":37}},"66":{"start":{"line":194,"column":10},"end":{"line":194,"column":25}},"67":{"start":{"line":196,"column":10},"end":{"line":196,"column":20}},"68":{"start":{"line":199,"column":8},"end":{"line":199,"column":22}},"69":{"start":{"line":206,"column":4},"end":{"line":206,"column":35}},"70":{"start":{"line":209,"column":4},"end":{"line":209,"column":54}},"71":{"start":{"line":212,"column":4},"end":{"line":217,"column":6}},"72":{"start":{"line":218,"column":4},"end":{"line":218,"column":40}},"73":{"start":{"line":221,"column":4},"end":{"line":221,"column":65}},"74":{"start":{"line":222,"column":4},"end":{"line":222,"column":65}},"75":{"start":{"line":223,"column":4},"end":{"line":223,"column":42}},"76":{"start":{"line":224,"column":4},"end":{"line":224,"column":43}},"77":{"start":{"line":225,"column":4},"end":{"line":225,"column":58}},"78":{"start":{"line":228,"column":4},"end":{"line":228,"column":57}},"79":{"start":{"line":231,"column":4},"end":{"line":231,"column":21}},"80":{"start":{"line":234,"column":4},"end":{"line":234,"column":77}},"81":{"start":{"line":235,"column":4},"end":{"line":235,"column":39}},"82":{"start":{"line":236,"column":4},"end":{"line":236,"column":39}},"83":{"start":{"line":237,"column":4},"end":{"line":237,"column":52}},"84":{"start":{"line":238,"column":4},"end":{"line":238,"column":35}},"85":{"start":{"line":239,"column":4},"end":{"line":239,"column":36}},"86":{"start":{"line":244,"column":4},"end":{"line":244,"column":60}},"87":{"start":{"line":245,"column":4},"end":{"line":245,"column":46}},"88":{"start":{"line":246,"column":4},"end":{"line":246,"column":36}},"89":{"start":{"line":249,"column":4},"end":{"line":249,"column":46}},"90":{"start":{"line":250,"column":4},"end":{"line":250,"column":47}},"91":{"start":{"line":251,"column":4},"end":{"line":251,"column":43}},"92":{"start":{"line":252,"column":4},"end":{"line":252,"column":42}},"93":{"start":{"line":253,"column":4},"end":{"line":253,"column":44}},"94":{"start":{"line":254,"column":4},"end":{"line":254,"column":44}},"95":{"start":{"line":255,"column":4},"end":{"line":255,"column":42}},"96":{"start":{"line":256,"column":4},"end":{"line":256,"column":46}},"97":{"start":{"line":259,"column":22},"end":{"line":259,"column":72}},"98":{"start":{"line":262,"column":4},"end":{"line":262,"column":34}},"99":{"start":{"line":263,"column":4},"end":{"line":263,"column":30}},"100":{"start":{"line":267,"column":4},"end":{"line":336,"column":7}},"101":{"start":{"line":268,"column":6},"end":{"line":335,"column":7}},"102":{"start":{"line":269,"column":6},"end":{"line":331,"column":11}},"103":{"start":{"line":272,"column":10},"end":{"line":272,"column":37}},"104":{"start":{"line":273,"column":10},"end":{"line":276,"column":13}},"105":{"start":{"line":274,"column":12},"end":{"line":274,"column":45}},"106":{"start":{"line":275,"column":12},"end":{"line":275,"column":22}},"107":{"start":{"line":281,"column":10},"end":{"line":281,"column":35}},"108":{"start":{"line":282,"column":10},"end":{"line":285,"column":13}},"109":{"start":{"line":283,"column":12},"end":{"line":283,"column":44}},"110":{"start":{"line":284,"column":12},"end":{"line":284,"column":22}},"111":{"start":{"line":290,"column":12},"end":{"line":290,"column":58}},"112":{"start":{"line":291,"column":10},"end":{"line":299,"column":13}},"113":{"start":{"line":292,"column":12},"end":{"line":292,"column":43}},"114":{"start":{"line":294,"column":12},"end":{"line":294,"column":45}},"115":{"start":{"line":295,"column":12},"end":{"line":298,"column":15}},"116":{"start":{"line":296,"column":14},"end":{"line":296,"column":50}},"117":{"start":{"line":297,"column":14},"end":{"line":297,"column":24}},"118":{"start":{"line":304,"column":12},"end":{"line":304,"column":47}},"119":{"start":{"line":305,"column":12},"end":{"line":305,"column":47}},"120":{"start":{"line":306,"column":10},"end":{"line":306,"column":20}},"121":{"start":{"line":311,"column":12},"end":{"line":322,"column":13}},"122":{"start":{"line":312,"column":14},"end":{"line":318,"column":15}},"123":{"start":{"line":314,"column":16},"end":{"line":314,"column":43}},"124":{"start":{"line":317,"column":16},"end":{"line":317,"column":46}},"125":{"start":{"line":319,"column":10},"end":{"line":319,"column":20}},"126":{"start":{"line":321,"column":14},"end":{"line":321,"column":28}},"127":{"start":{"line":326,"column":8},"end":{"line":326,"column":30}},"128":{"start":{"line":327,"column":8},"end":{"line":327,"column":18}},"129":{"start":{"line":329,"column":10},"end":{"line":329,"column":61}},"130":{"start":{"line":330,"column":10},"end":{"line":330,"column":24}},"131":{"start":{"line":333,"column":8},"end":{"line":333,"column":59}},"132":{"start":{"line":334,"column":8},"end":{"line":334,"column":22}},"133":{"start":{"line":340,"column":4},"end":{"line":343,"column":5}},"134":{"start":{"line":341,"column":6},"end":{"line":341,"column":67}},"135":{"start":{"line":342,"column":6},"end":{"line":342,"column":13}},"136":{"start":{"line":346,"column":4},"end":{"line":346,"column":22}},"137":{"start":{"line":349,"column":4},"end":{"line":349,"column":33}},"138":{"start":{"line":352,"column":4},"end":{"line":352,"column":38}},"139":{"start":{"line":355,"column":4},"end":{"line":355,"column":35}},"140":{"start":{"line":358,"column":4},"end":{"line":358,"column":31}},"141":{"start":{"line":360,"column":4},"end":{"line":360,"column":50}},"142":{"start":{"line":365,"column":4},"end":{"line":372,"column":5}},"143":{"start":{"line":366,"column":6},"end":{"line":370,"column":9}},"144":{"start":{"line":367,"column":8},"end":{"line":369,"column":9}},"145":{"start":{"line":368,"column":10},"end":{"line":368,"column":41}},"146":{"start":{"line":371,"column":6},"end":{"line":371,"column":24}},"147":{"start":{"line":375,"column":4},"end":{"line":382,"column":5}},"148":{"start":{"line":376,"column":6},"end":{"line":380,"column":9}},"149":{"start":{"line":377,"column":8},"end":{"line":379,"column":9}},"150":{"start":{"line":378,"column":10},"end":{"line":378,"column":46}},"151":{"start":{"line":381,"column":6},"end":{"line":381,"column":29}},"152":{"start":{"line":385,"column":4},"end":{"line":392,"column":5}},"153":{"start":{"line":386,"column":6},"end":{"line":390,"column":9}},"154":{"start":{"line":387,"column":8},"end":{"line":389,"column":9}},"155":{"start":{"line":388,"column":10},"end":{"line":388,"column":43}},"156":{"start":{"line":391,"column":6},"end":{"line":391,"column":26}},"157":{"start":{"line":395,"column":4},"end":{"line":402,"column":5}},"158":{"start":{"line":396,"column":6},"end":{"line":400,"column":9}},"159":{"start":{"line":397,"column":8},"end":{"line":399,"column":9}},"160":{"start":{"line":398,"column":10},"end":{"line":398,"column":39}},"161":{"start":{"line":401,"column":6},"end":{"line":401,"column":22}},"162":{"start":{"line":406,"column":4},"end":{"line":406,"column":71}},"163":{"start":{"line":409,"column":4},"end":{"line":411,"column":7}},"164":{"start":{"line":410,"column":6},"end":{"line":410,"column":37}},"165":{"start":{"line":412,"column":4},"end":{"line":412,"column":22}},"166":{"start":{"line":415,"column":4},"end":{"line":439,"column":7}},"167":{"start":{"line":416,"column":21},"end":{"line":427,"column":8}},"168":{"start":{"line":430,"column":6},"end":{"line":430,"column":34}},"169":{"start":{"line":433,"column":6},"end":{"line":435,"column":7}},"170":{"start":{"line":434,"column":8},"end":{"line":434,"column":49}},"171":{"start":{"line":438,"column":6},"end":{"line":438,"column":32}},"172":{"start":{"line":441,"column":4},"end":{"line":441,"column":58}},"173":{"start":{"line":445,"column":4},"end":{"line":448,"column":5}},"174":{"start":{"line":446,"column":6},"end":{"line":446,"column":52}},"175":{"start":{"line":447,"column":6},"end":{"line":447,"column":13}},"176":{"start":{"line":450,"column":4},"end":{"line":450,"column":27}},"177":{"start":{"line":452,"column":4},"end":{"line":484,"column":7}},"178":{"start":{"line":453,"column":6},"end":{"line":483,"column":7}},"179":{"start":{"line":455,"column":25},"end":{"line":455,"column":49}},"180":{"start":{"line":456,"column":23},"end":{"line":456,"column":80}},"181":{"start":{"line":456,"column":51},"end":{"line":456,"column":79}},"182":{"start":{"line":458,"column":8},"end":{"line":461,"column":9}},"183":{"start":{"line":459,"column":10},"end":{"line":459,"column":76}},"184":{"start":{"line":460,"column":10},"end":{"line":460,"column":17}},"185":{"start":{"line":464,"column":25},"end":{"line":468,"column":9}},"186":{"start":{"line":471,"column":28},"end":{"line":477,"column":10}},"187":{"start":{"line":479,"column":8},"end":{"line":479,"column":41}},"188":{"start":{"line":480,"column":8},"end":{"line":480,"column":44}},"189":{"start":{"line":482,"column":8},"end":{"line":482,"column":77}},"190":{"start":{"line":486,"column":4},"end":{"line":486,"column":85}},"191":{"start":{"line":490,"column":4},"end":{"line":493,"column":5}},"192":{"start":{"line":491,"column":6},"end":{"line":491,"column":49}},"193":{"start":{"line":492,"column":6},"end":{"line":492,"column":13}},"194":{"start":{"line":495,"column":4},"end":{"line":495,"column":24}},"195":{"start":{"line":497,"column":4},"end":{"line":547,"column":7}},"196":{"start":{"line":498,"column":6},"end":{"line":546,"column":7}},"197":{"start":{"line":500,"column":25},"end":{"line":504,"column":9}},"198":{"start":{"line":509,"column":8},"end":{"line":537,"column":9}},"199":{"start":{"line":511,"column":12},"end":{"line":516,"column":15}},"200":{"start":{"line":517,"column":12},"end":{"line":517,"column":18}},"201":{"start":{"line":519,"column":12},"end":{"line":524,"column":15}},"202":{"start":{"line":525,"column":12},"end":{"line":525,"column":18}},"203":{"start":{"line":527,"column":12},"end":{"line":532,"column":15}},"204":{"start":{"line":533,"column":12},"end":{"line":533,"column":18}},"205":{"start":{"line":535,"column":12},"end":{"line":535,"column":72}},"206":{"start":{"line":536,"column":12},"end":{"line":536,"column":19}},"207":{"start":{"line":540,"column":8},"end":{"line":540,"column":44}},"208":{"start":{"line":542,"column":8},"end":{"line":542,"column":38}},"209":{"start":{"line":543,"column":8},"end":{"line":543,"column":38}},"210":{"start":{"line":545,"column":8},"end":{"line":545,"column":74}},"211":{"start":{"line":549,"column":4},"end":{"line":549,"column":79}},"212":{"start":{"line":553,"column":4},"end":{"line":556,"column":5}},"213":{"start":{"line":554,"column":6},"end":{"line":554,"column":45}},"214":{"start":{"line":555,"column":6},"end":{"line":555,"column":13}},"215":{"start":{"line":558,"column":4},"end":{"line":558,"column":20}},"216":{"start":{"line":560,"column":4},"end":{"line":583,"column":7}},"217":{"start":{"line":561,"column":6},"end":{"line":582,"column":7}},"218":{"start":{"line":563,"column":25},"end":{"line":567,"column":9}},"219":{"start":{"line":570,"column":21},"end":{"line":573,"column":10}},"220":{"start":{"line":576,"column":8},"end":{"line":576,"column":36}},"221":{"start":{"line":578,"column":8},"end":{"line":578,"column":34}},"222":{"start":{"line":579,"column":8},"end":{"line":579,"column":30}},"223":{"start":{"line":581,"column":8},"end":{"line":581,"column":70}},"224":{"start":{"line":585,"column":4},"end":{"line":585,"column":71}},"225":{"start":{"line":589,"column":4},"end":{"line":589,"column":76}},"226":{"start":{"line":592,"column":19},"end":{"line":598,"column":6}},"227":{"start":{"line":600,"column":4},"end":{"line":600,"column":32}},"228":{"start":{"line":601,"column":4},"end":{"line":601,"column":28}},"229":{"start":{"line":606,"column":4},"end":{"line":606,"column":79}},"230":{"start":{"line":607,"column":4},"end":{"line":607,"column":38}},"231":{"start":{"line":612,"column":4},"end":{"line":612,"column":83}},"232":{"start":{"line":613,"column":4},"end":{"line":613,"column":40}},"233":{"start":{"line":617,"column":4},"end":{"line":617,"column":93}},"234":{"start":{"line":618,"column":4},"end":{"line":618,"column":45}},"235":{"start":{"line":622,"column":4},"end":{"line":622,"column":87}},"236":{"start":{"line":623,"column":4},"end":{"line":623,"column":42}},"237":{"start":{"line":627,"column":31},"end":{"line":629,"column":37}},"238":{"start":{"line":631,"column":21},"end":{"line":631,"column":76}},"239":{"start":{"line":632,"column":21},"end":{"line":634,"column":6}},"240":{"start":{"line":636,"column":17},"end":{"line":636,"column":51}},"241":{"start":{"line":637,"column":4},"end":{"line":637,"column":33}},"242":{"start":{"line":639,"column":4},"end":{"line":650,"column":6}},"243":{"start":{"line":647,"column":8},"end":{"line":647,"column":39}},"244":{"start":{"line":648,"column":8},"end":{"line":648,"column":76}},"245":{"start":{"line":655,"column":27},"end":{"line":655,"column":57}},"246":{"start":{"line":658,"column":4},"end":{"line":658,"column":37}},"247":{"start":{"line":658,"column":25},"end":{"line":658,"column":37}},"248":{"start":{"line":661,"column":23},"end":{"line":665,"column":5}},"249":{"start":{"line":668,"column":4},"end":{"line":668,"column":29}},"250":{"start":{"line":671,"column":4},"end":{"line":671,"column":38}},"251":{"start":{"line":674,"column":4},"end":{"line":674,"column":36}},"252":{"start":{"line":677,"column":4},"end":{"line":679,"column":5}},"253":{"start":{"line":678,"column":6},"end":{"line":678,"column":68}},"254":{"start":{"line":682,"column":4},"end":{"line":684,"column":5}},"255":{"start":{"line":683,"column":6},"end":{"line":683,"column":49}},"256":{"start":{"line":687,"column":4},"end":{"line":695,"column":5}},"257":{"start":{"line":688,"column":32},"end":{"line":693,"column":7}},"258":{"start":{"line":694,"column":6},"end":{"line":694,"column":64}},"259":{"start":{"line":697,"column":4},"end":{"line":697,"column":22}},"260":{"start":{"line":702,"column":27},"end":{"line":702,"column":57}},"261":{"start":{"line":705,"column":4},"end":{"line":705,"column":37}},"262":{"start":{"line":705,"column":25},"end":{"line":705,"column":37}},"263":{"start":{"line":708,"column":23},"end":{"line":712,"column":5}},"264":{"start":{"line":715,"column":4},"end":{"line":715,"column":29}},"265":{"start":{"line":718,"column":4},"end":{"line":718,"column":38}},"266":{"start":{"line":721,"column":4},"end":{"line":721,"column":36}},"267":{"start":{"line":724,"column":4},"end":{"line":726,"column":5}},"268":{"start":{"line":725,"column":6},"end":{"line":725,"column":69}},"269":{"start":{"line":729,"column":4},"end":{"line":731,"column":5}},"270":{"start":{"line":730,"column":6},"end":{"line":730,"column":53}},"271":{"start":{"line":734,"column":4},"end":{"line":742,"column":5}},"272":{"start":{"line":735,"column":32},"end":{"line":740,"column":7}},"273":{"start":{"line":741,"column":6},"end":{"line":741,"column":64}},"274":{"start":{"line":744,"column":4},"end":{"line":744,"column":22}},"275":{"start":{"line":748,"column":4},"end":{"line":752,"column":5}},"276":{"start":{"line":750,"column":31},"end":{"line":750,"column":55}},"277":{"start":{"line":751,"column":6},"end":{"line":751,"column":47}},"278":{"start":{"line":756,"column":16},"end":{"line":756,"column":26}},"279":{"start":{"line":759,"column":4},"end":{"line":761,"column":5}},"280":{"start":{"line":760,"column":6},"end":{"line":760,"column":13}},"281":{"start":{"line":763,"column":4},"end":{"line":763,"column":31}},"282":{"start":{"line":766,"column":24},"end":{"line":766,"column":27}},"283":{"start":{"line":767,"column":19},"end":{"line":767,"column":24}},"284":{"start":{"line":770,"column":4},"end":{"line":783,"column":5}},"285":{"start":{"line":770,"column":17},"end":{"line":770,"column":44}},"286":{"start":{"line":771,"column":25},"end":{"line":771,"column":44}},"287":{"start":{"line":774,"column":23},"end":{"line":774,"column":83}},"288":{"start":{"line":775,"column":18},"end":{"line":775,"column":44}},"289":{"start":{"line":777,"column":6},"end":{"line":782,"column":7}},"290":{"start":{"line":778,"column":8},"end":{"line":778,"column":43}},"291":{"start":{"line":781,"column":8},"end":{"line":781,"column":38}},"292":{"start":{"line":787,"column":16},"end":{"line":787,"column":26}},"293":{"start":{"line":790,"column":4},"end":{"line":792,"column":5}},"294":{"start":{"line":791,"column":6},"end":{"line":791,"column":13}},"295":{"start":{"line":794,"column":4},"end":{"line":794,"column":34}},"296":{"start":{"line":797,"column":4},"end":{"line":797,"column":55}},"297":{"start":{"line":797,"column":48},"end":{"line":797,"column":55}},"298":{"start":{"line":800,"column":25},"end":{"line":800,"column":48}},"299":{"start":{"line":803,"column":4},"end":{"line":854,"column":5}},"300":{"start":{"line":804,"column":6},"end":{"line":853,"column":9}},"301":{"start":{"line":805,"column":8},"end":{"line":805,"column":54}},"302":{"start":{"line":805,"column":47},"end":{"line":805,"column":54}},"303":{"start":{"line":808,"column":31},"end":{"line":808,"column":81}},"304":{"start":{"line":809,"column":8},"end":{"line":809,"column":41}},"305":{"start":{"line":809,"column":34},"end":{"line":809,"column":41}},"306":{"start":{"line":812,"column":30},"end":{"line":812,"column":67}},"307":{"start":{"line":815,"column":27},"end":{"line":815,"column":78}},"308":{"start":{"line":817,"column":8},"end":{"line":852,"column":9}},"309":{"start":{"line":817,"column":21},"end":{"line":817,"column":22}},"310":{"start":{"line":818,"column":24},"end":{"line":818,"column":66}},"311":{"start":{"line":819,"column":29},"end":{"line":819,"column":52}},"312":{"start":{"line":822,"column":10},"end":{"line":824,"column":11}},"313":{"start":{"line":823,"column":12},"end":{"line":823,"column":21}},"314":{"start":{"line":826,"column":10},"end":{"line":826,"column":46}},"315":{"start":{"line":829,"column":27},"end":{"line":829,"column":89}},"316":{"start":{"line":832,"column":10},"end":{"line":851,"column":11}},"317":{"start":{"line":834,"column":12},"end":{"line":834,"column":74}},"318":{"start":{"line":837,"column":12},"end":{"line":837,"column":47}},"319":{"start":{"line":838,"column":36},"end":{"line":838,"column":72}},"320":{"start":{"line":839,"column":12},"end":{"line":841,"column":13}},"321":{"start":{"line":840,"column":14},"end":{"line":840,"column":58}},"322":{"start":{"line":844,"column":12},"end":{"line":847,"column":15}},"323":{"start":{"line":850,"column":12},"end":{"line":850,"column":29}},"324":{"start":{"line":857,"column":4},"end":{"line":882,"column":5}},"325":{"start":{"line":859,"column":28},"end":{"line":859,"column":62}},"326":{"start":{"line":860,"column":25},"end":{"line":860,"column":74}},"327":{"start":{"line":862,"column":6},"end":{"line":881,"column":7}},"328":{"start":{"line":862,"column":19},"end":{"line":862,"column":20}},"329":{"start":{"line":863,"column":22},"end":{"line":863,"column":62}},"330":{"start":{"line":864,"column":25},"end":{"line":864,"column":46}},"331":{"start":{"line":866,"column":8},"end":{"line":866,"column":37}},"332":{"start":{"line":866,"column":28},"end":{"line":866,"column":37}},"333":{"start":{"line":869,"column":33},"end":{"line":869,"column":80}},"334":{"start":{"line":870,"column":8},"end":{"line":870,"column":44}},"335":{"start":{"line":870,"column":35},"end":{"line":870,"column":44}},"336":{"start":{"line":873,"column":8},"end":{"line":880,"column":9}},"337":{"start":{"line":874,"column":27},"end":{"line":874,"column":85}},"338":{"start":{"line":876,"column":10},"end":{"line":879,"column":11}},"339":{"start":{"line":878,"column":12},"end":{"line":878,"column":55}},"340":{"start":{"line":887,"column":26},"end":{"line":889,"column":18}},"341":{"start":{"line":892,"column":4},"end":{"line":892,"column":62}},"342":{"start":{"line":895,"column":4},"end":{"line":895,"column":28}},"343":{"start":{"line":898,"column":4},"end":{"line":898,"column":71}},"344":{"start":{"line":902,"column":4},"end":{"line":919,"column":6}},"345":{"start":{"line":913,"column":46},"end":{"line":918,"column":7}},"346":{"start":{"line":923,"column":4},"end":{"line":923,"column":26}},"347":{"start":{"line":926,"column":26},"end":{"line":926,"column":67}},"348":{"start":{"line":927,"column":4},"end":{"line":929,"column":5}},"349":{"start":{"line":928,"column":6},"end":{"line":928,"column":29}},"350":{"start":{"line":932,"column":33},"end":{"line":932,"column":86}},"351":{"start":{"line":933,"column":4},"end":{"line":933,"column":60}},"352":{"start":{"line":933,"column":43},"end":{"line":933,"column":58}},"353":{"start":{"line":936,"column":4},"end":{"line":939,"column":5}},"354":{"start":{"line":937,"column":6},"end":{"line":937,"column":36}},"355":{"start":{"line":938,"column":6},"end":{"line":938,"column":70}},"356":{"start":{"line":941,"column":4},"end":{"line":941,"column":19}},"357":{"start":{"line":945,"column":4},"end":{"line":945,"column":27}},"358":{"start":{"line":949,"column":4},"end":{"line":949,"column":25}},"359":{"start":{"line":953,"column":4},"end":{"line":953,"column":26}},"360":{"start":{"line":954,"column":4},"end":{"line":954,"column":31}},"361":{"start":{"line":955,"column":4},"end":{"line":955,"column":19}},"362":{"start":{"line":960,"column":4},"end":{"line":960,"column":64}},"363":{"start":{"line":961,"column":4},"end":{"line":961,"column":41}},"364":{"start":{"line":964,"column":4},"end":{"line":964,"column":65}},"365":{"start":{"line":968,"column":4},"end":{"line":968,"column":32}},"366":{"start":{"line":968,"column":25},"end":{"line":968,"column":32}},"367":{"start":{"line":971,"column":4},"end":{"line":971,"column":48}},"368":{"start":{"line":971,"column":32},"end":{"line":971,"column":46}},"369":{"start":{"line":974,"column":4},"end":{"line":974,"column":30}},"370":{"start":{"line":974,"column":23},"end":{"line":974,"column":30}},"371":{"start":{"line":977,"column":16},"end":{"line":977,"column":26}},"372":{"start":{"line":978,"column":18},"end":{"line":978,"column":46}},"373":{"start":{"line":979,"column":4},"end":{"line":979,"column":24}},"374":{"start":{"line":982,"column":4},"end":{"line":984,"column":5}},"375":{"start":{"line":983,"column":6},"end":{"line":983,"column":29}},"376":{"start":{"line":987,"column":4},"end":{"line":989,"column":5}},"377":{"start":{"line":988,"column":6},"end":{"line":988,"column":39}},"378":{"start":{"line":992,"column":4},"end":{"line":992,"column":23}},"379":{"start":{"line":995,"column":4},"end":{"line":995,"column":18}},"380":{"start":{"line":999,"column":4},"end":{"line":999,"column":18}},"381":{"start":{"line":1001,"column":16},"end":{"line":1001,"column":26}},"382":{"start":{"line":1002,"column":4},"end":{"line":1007,"column":5}},"383":{"start":{"line":1003,"column":18},"end":{"line":1003,"column":79}},"384":{"start":{"line":1004,"column":6},"end":{"line":1004,"column":50}},"385":{"start":{"line":1005,"column":6},"end":{"line":1005,"column":22}},"386":{"start":{"line":1006,"column":6},"end":{"line":1006,"column":31}},"387":{"start":{"line":1011,"column":4},"end":{"line":1011,"column":32}},"388":{"start":{"line":1011,"column":25},"end":{"line":1011,"column":32}},"389":{"start":{"line":1014,"column":17},"end":{"line":1014,"column":35}},"390":{"start":{"line":1017,"column":4},"end":{"line":1073,"column":5}},"391":{"start":{"line":1019,"column":6},"end":{"line":1019,"column":49}},"392":{"start":{"line":1022,"column":6},"end":{"line":1062,"column":7}},"393":{"start":{"line":1023,"column":8},"end":{"line":1039,"column":9}},"394":{"start":{"line":1024,"column":10},"end":{"line":1038,"column":11}},"395":{"start":{"line":1026,"column":12},"end":{"line":1029,"column":15}},"396":{"start":{"line":1032,"column":12},"end":{"line":1035,"column":13}},"397":{"start":{"line":1033,"column":14},"end":{"line":1033,"column":106}},"398":{"start":{"line":1034,"column":14},"end":{"line":1034,"column":51}},"399":{"start":{"line":1037,"column":12},"end":{"line":1037,"column":18}},"400":{"start":{"line":1042,"column":8},"end":{"line":1061,"column":9}},"401":{"start":{"line":1043,"column":10},"end":{"line":1060,"column":11}},"402":{"start":{"line":1044,"column":12},"end":{"line":1059,"column":13}},"403":{"start":{"line":1046,"column":14},"end":{"line":1050,"column":15}},"404":{"start":{"line":1047,"column":16},"end":{"line":1047,"column":95}},"405":{"start":{"line":1048,"column":16},"end":{"line":1048,"column":47}},"406":{"start":{"line":1049,"column":16},"end":{"line":1049,"column":72}},"407":{"start":{"line":1049,"column":33},"end":{"line":1049,"column":64}},"408":{"start":{"line":1053,"column":14},"end":{"line":1057,"column":16}},"409":{"start":{"line":1058,"column":14},"end":{"line":1058,"column":20}},"410":{"start":{"line":1065,"column":6},"end":{"line":1072,"column":7}},"411":{"start":{"line":1066,"column":27},"end":{"line":1070,"column":9}},"412":{"start":{"line":1071,"column":8},"end":{"line":1071,"column":47}},"413":{"start":{"line":1076,"column":4},"end":{"line":1078,"column":5}},"414":{"start":{"line":1077,"column":6},"end":{"line":1077,"column":53}},"415":{"start":{"line":1081,"column":4},"end":{"line":1085,"column":5}},"416":{"start":{"line":1082,"column":6},"end":{"line":1084,"column":9}},"417":{"start":{"line":1083,"column":8},"end":{"line":1083,"column":40}},"418":{"start":{"line":1088,"column":4},"end":{"line":1090,"column":5}},"419":{"start":{"line":1089,"column":6},"end":{"line":1089,"column":31}},"420":{"start":{"line":1093,"column":4},"end":{"line":1095,"column":5}},"421":{"start":{"line":1094,"column":6},"end":{"line":1094,"column":35}},"422":{"start":{"line":1098,"column":4},"end":{"line":1102,"column":5}},"423":{"start":{"line":1099,"column":6},"end":{"line":1101,"column":9}},"424":{"start":{"line":1100,"column":8},"end":{"line":1100,"column":35}},"425":{"start":{"line":1105,"column":4},"end":{"line":1105,"column":33}},"426":{"start":{"line":1108,"column":4},"end":{"line":1108,"column":34}},"427":{"start":{"line":1111,"column":4},"end":{"line":1113,"column":5}},"428":{"start":{"line":1112,"column":6},"end":{"line":1112,"column":40}},"429":{"start":{"line":1116,"column":4},"end":{"line":1118,"column":7}},"430":{"start":{"line":1117,"column":6},"end":{"line":1117,"column":25}},"431":{"start":{"line":1121,"column":4},"end":{"line":1123,"column":7}},"432":{"start":{"line":1122,"column":6},"end":{"line":1122,"column":29}},"433":{"start":{"line":1126,"column":16},"end":{"line":1126,"column":26}},"434":{"start":{"line":1127,"column":4},"end":{"line":1131,"column":5}},"435":{"start":{"line":1128,"column":6},"end":{"line":1128,"column":29}},"436":{"start":{"line":1129,"column":6},"end":{"line":1129,"column":35}},"437":{"start":{"line":1130,"column":6},"end":{"line":1130,"column":40}},"438":{"start":{"line":1134,"column":4},"end":{"line":1134,"column":29}},"439":{"start":{"line":1137,"column":4},"end":{"line":1139,"column":5}},"440":{"start":{"line":1138,"column":6},"end":{"line":1138,"column":39}},"441":{"start":{"line":1142,"column":4},"end":{"line":1157,"column":5}},"442":{"start":{"line":1143,"column":6},"end":{"line":1156,"column":9}},"443":{"start":{"line":1160,"column":4},"end":{"line":1162,"column":5}},"444":{"start":{"line":1161,"column":6},"end":{"line":1161,"column":40}},"445":{"start":{"line":1166,"column":4},"end":{"line":1166,"column":45}},"446":{"start":{"line":1166,"column":38},"end":{"line":1166,"column":45}},"447":{"start":{"line":1169,"column":25},"end":{"line":1169,"column":56}},"448":{"start":{"line":1172,"column":33},"end":{"line":1172,"column":53}},"449":{"start":{"line":1173,"column":4},"end":{"line":1173,"column":32}},"450":{"start":{"line":1176,"column":25},"end":{"line":1176,"column":50}},"451":{"start":{"line":1177,"column":21},"end":{"line":1177,"column":23}},"452":{"start":{"line":1178,"column":4},"end":{"line":1178,"column":64}},"453":{"start":{"line":1179,"column":4},"end":{"line":1179,"column":64}},"454":{"start":{"line":1182,"column":4},"end":{"line":1182,"column":65}},"455":{"start":{"line":1185,"column":4},"end":{"line":1185,"column":44}},"456":{"start":{"line":1186,"column":4},"end":{"line":1186,"column":27}},"457":{"start":{"line":1191,"column":4},"end":{"line":1191,"column":27}},"458":{"start":{"line":1191,"column":20},"end":{"line":1191,"column":27}},"459":{"start":{"line":1194,"column":20},"end":{"line":1194,"column":23}},"460":{"start":{"line":1195,"column":31},"end":{"line":1195,"column":34}},"461":{"start":{"line":1196,"column":27},"end":{"line":1196,"column":50}},"462":{"start":{"line":1199,"column":4},"end":{"line":1226,"column":5}},"463":{"start":{"line":1199,"column":17},"end":{"line":1199,"column":44}},"464":{"start":{"line":1200,"column":25},"end":{"line":1200,"column":44}},"465":{"start":{"line":1203,"column":6},"end":{"line":1206,"column":7}},"466":{"start":{"line":1204,"column":8},"end":{"line":1204,"column":38}},"467":{"start":{"line":1205,"column":8},"end":{"line":1205,"column":17}},"468":{"start":{"line":1209,"column":6},"end":{"line":1209,"column":31}},"469":{"start":{"line":1212,"column":18},"end":{"line":1212,"column":63}},"470":{"start":{"line":1213,"column":31},"end":{"line":1213,"column":58}},"471":{"start":{"line":1215,"column":6},"end":{"line":1222,"column":7}},"472":{"start":{"line":1217,"column":8},"end":{"line":1217,"column":43}},"473":{"start":{"line":1220,"column":8},"end":{"line":1220,"column":38}},"474":{"start":{"line":1221,"column":8},"end":{"line":1221,"column":17}},"475":{"start":{"line":1225,"column":6},"end":{"line":1225,"column":49}},"476":{"start":{"line":1229,"column":4},"end":{"line":1270,"column":5}},"477":{"start":{"line":1230,"column":6},"end":{"line":1269,"column":9}},"478":{"start":{"line":1232,"column":8},"end":{"line":1235,"column":9}},"479":{"start":{"line":1233,"column":10},"end":{"line":1233,"column":34}},"480":{"start":{"line":1234,"column":10},"end":{"line":1234,"column":17}},"481":{"start":{"line":1237,"column":8},"end":{"line":1268,"column":9}},"482":{"start":{"line":1237,"column":21},"end":{"line":1237,"column":50}},"483":{"start":{"line":1238,"column":29},"end":{"line":1238,"column":50}},"484":{"start":{"line":1241,"column":10},"end":{"line":1244,"column":11}},"485":{"start":{"line":1242,"column":12},"end":{"line":1242,"column":44}},"486":{"start":{"line":1243,"column":12},"end":{"line":1243,"column":21}},"487":{"start":{"line":1246,"column":22},"end":{"line":1246,"column":67}},"488":{"start":{"line":1249,"column":35},"end":{"line":1249,"column":86}},"489":{"start":{"line":1250,"column":10},"end":{"line":1252,"column":11}},"490":{"start":{"line":1251,"column":12},"end":{"line":1251,"column":21}},"491":{"start":{"line":1255,"column":10},"end":{"line":1255,"column":51}},"492":{"start":{"line":1256,"column":10},"end":{"line":1256,"column":70}},"493":{"start":{"line":1257,"column":10},"end":{"line":1257,"column":70}},"494":{"start":{"line":1258,"column":10},"end":{"line":1258,"column":70}},"495":{"start":{"line":1261,"column":10},"end":{"line":1267,"column":11}},"496":{"start":{"line":1263,"column":12},"end":{"line":1263,"column":47}},"497":{"start":{"line":1266,"column":12},"end":{"line":1266,"column":44}},"498":{"start":{"line":1275,"column":4},"end":{"line":1275,"column":50}},"499":{"start":{"line":1279,"column":4},"end":{"line":1279,"column":49}},"500":{"start":{"line":1279,"column":42},"end":{"line":1279,"column":49}},"501":{"start":{"line":1281,"column":25},"end":{"line":1281,"column":56}},"502":{"start":{"line":1282,"column":25},"end":{"line":1282,"column":26}},"503":{"start":{"line":1285,"column":4},"end":{"line":1417,"column":5}},"504":{"start":{"line":1285,"column":17},"end":{"line":1285,"column":45}},"505":{"start":{"line":1286,"column":26},"end":{"line":1286,"column":46}},"506":{"start":{"line":1289,"column":6},"end":{"line":1289,"column":54}},"507":{"start":{"line":1289,"column":45},"end":{"line":1289,"column":54}},"508":{"start":{"line":1292,"column":23},"end":{"line":1292,"column":73}},"509":{"start":{"line":1295,"column":6},"end":{"line":1416,"column":7}},"510":{"start":{"line":1297,"column":8},"end":{"line":1397,"column":9}},"511":{"start":{"line":1300,"column":12},"end":{"line":1300,"column":44}},"512":{"start":{"line":1301,"column":12},"end":{"line":1301,"column":78}},"513":{"start":{"line":1302,"column":12},"end":{"line":1302,"column":18}},"514":{"start":{"line":1306,"column":12},"end":{"line":1306,"column":48}},"515":{"start":{"line":1307,"column":12},"end":{"line":1307,"column":82}},"516":{"start":{"line":1308,"column":12},"end":{"line":1308,"column":18}},"517":{"start":{"line":1312,"column":12},"end":{"line":1312,"column":68}},"518":{"start":{"line":1313,"column":12},"end":{"line":1313,"column":68}},"519":{"start":{"line":1314,"column":12},"end":{"line":1314,"column":18}},"520":{"start":{"line":1318,"column":12},"end":{"line":1318,"column":40}},"521":{"start":{"line":1319,"column":12},"end":{"line":1319,"column":44}},"522":{"start":{"line":1320,"column":12},"end":{"line":1320,"column":67}},"523":{"start":{"line":1321,"column":12},"end":{"line":1321,"column":18}},"524":{"start":{"line":1325,"column":12},"end":{"line":1325,"column":35}},"525":{"start":{"line":1326,"column":12},"end":{"line":1326,"column":71}},"526":{"start":{"line":1327,"column":12},"end":{"line":1327,"column":48}},"527":{"start":{"line":1328,"column":12},"end":{"line":1328,"column":18}},"528":{"start":{"line":1332,"column":37},"end":{"line":1332,"column":55}},"529":{"start":{"line":1333,"column":12},"end":{"line":1333,"column":38}},"530":{"start":{"line":1334,"column":12},"end":{"line":1334,"column":48}},"531":{"start":{"line":1336,"column":12},"end":{"line":1338,"column":22}},"532":{"start":{"line":1337,"column":14},"end":{"line":1337,"column":52}},"533":{"start":{"line":1340,"column":12},"end":{"line":1340,"column":71}},"534":{"start":{"line":1341,"column":12},"end":{"line":1341,"column":18}},"535":{"start":{"line":1345,"column":12},"end":{"line":1345,"column":42}},"536":{"start":{"line":1346,"column":12},"end":{"line":1346,"column":49}},"537":{"start":{"line":1349,"column":12},"end":{"line":1360,"column":13}},"538":{"start":{"line":1350,"column":37},"end":{"line":1350,"column":72}},"539":{"start":{"line":1351,"column":37},"end":{"line":1355,"column":16}},"540":{"start":{"line":1356,"column":14},"end":{"line":1356,"column":86}},"541":{"start":{"line":1357,"column":14},"end":{"line":1357,"column":57}},"542":{"start":{"line":1359,"column":14},"end":{"line":1359,"column":52}},"543":{"start":{"line":1362,"column":12},"end":{"line":1367,"column":22}},"544":{"start":{"line":1363,"column":14},"end":{"line":1363,"column":45}},"545":{"start":{"line":1364,"column":14},"end":{"line":1366,"column":15}},"546":{"start":{"line":1365,"column":16},"end":{"line":1365,"column":55}},"547":{"start":{"line":1369,"column":12},"end":{"line":1369,"column":66}},"548":{"start":{"line":1370,"column":12},"end":{"line":1370,"column":18}},"549":{"start":{"line":1374,"column":12},"end":{"line":1374,"column":43}},"550":{"start":{"line":1375,"column":12},"end":{"line":1375,"column":49}},"551":{"start":{"line":1378,"column":41},"end":{"line":1378,"column":79}},"552":{"start":{"line":1379,"column":45},"end":{"line":1379,"column":87}},"553":{"start":{"line":1382,"column":12},"end":{"line":1382,"column":56}},"554":{"start":{"line":1383,"column":12},"end":{"line":1383,"column":60}},"555":{"start":{"line":1385,"column":12},"end":{"line":1389,"column":22}},"556":{"start":{"line":1386,"column":14},"end":{"line":1386,"column":46}},"557":{"start":{"line":1387,"column":14},"end":{"line":1387,"column":76}},"558":{"start":{"line":1388,"column":14},"end":{"line":1388,"column":84}},"559":{"start":{"line":1391,"column":12},"end":{"line":1391,"column":68}},"560":{"start":{"line":1392,"column":12},"end":{"line":1392,"column":18}},"561":{"start":{"line":1395,"column":12},"end":{"line":1395,"column":29}},"562":{"start":{"line":1396,"column":12},"end":{"line":1396,"column":60}},"563":{"start":{"line":1400,"column":8},"end":{"line":1400,"column":44}},"564":{"start":{"line":1403,"column":8},"end":{"line":1403,"column":39}},"565":{"start":{"line":1406,"column":8},"end":{"line":1410,"column":9}},"566":{"start":{"line":1407,"column":10},"end":{"line":1409,"column":13}},"567":{"start":{"line":1413,"column":8},"end":{"line":1415,"column":9}},"568":{"start":{"line":1414,"column":10},"end":{"line":1414,"column":84}},"569":{"start":{"line":1422,"column":4},"end":{"line":1464,"column":5}},"570":{"start":{"line":1423,"column":6},"end":{"line":1463,"column":9}},"571":{"start":{"line":1424,"column":8},"end":{"line":1424,"column":37}},"572":{"start":{"line":1424,"column":30},"end":{"line":1424,"column":37}},"573":{"start":{"line":1426,"column":31},"end":{"line":1426,"column":55}},"574":{"start":{"line":1427,"column":29},"end":{"line":1427,"column":32}},"575":{"start":{"line":1429,"column":25},"end":{"line":1429,"column":76}},"576":{"start":{"line":1431,"column":8},"end":{"line":1462,"column":9}},"577":{"start":{"line":1433,"column":26},"end":{"line":1438,"column":11}},"578":{"start":{"line":1440,"column":10},"end":{"line":1442,"column":11}},"579":{"start":{"line":1441,"column":12},"end":{"line":1441,"column":58}},"580":{"start":{"line":1445,"column":8},"end":{"line":1447,"column":11}},"581":{"start":{"line":1446,"column":12},"end":{"line":1446,"column":92}},"582":{"start":{"line":1450,"column":10},"end":{"line":1450,"column":45}},"583":{"start":{"line":1451,"column":24},"end":{"line":1451,"column":60}},"584":{"start":{"line":1452,"column":10},"end":{"line":1454,"column":11}},"585":{"start":{"line":1453,"column":12},"end":{"line":1453,"column":46}},"586":{"start":{"line":1457,"column":10},"end":{"line":1459,"column":11}},"587":{"start":{"line":1458,"column":12},"end":{"line":1458,"column":68}},"588":{"start":{"line":1461,"column":10},"end":{"line":1461,"column":22}},"589":{"start":{"line":1467,"column":4},"end":{"line":1495,"column":5}},"590":{"start":{"line":1468,"column":6},"end":{"line":1468,"column":45}},"591":{"start":{"line":1468,"column":36},"end":{"line":1468,"column":45}},"592":{"start":{"line":1470,"column":31},"end":{"line":1470,"column":53}},"593":{"start":{"line":1471,"column":29},"end":{"line":1471,"column":58}},"594":{"start":{"line":1473,"column":23},"end":{"line":1473,"column":76}},"595":{"start":{"line":1475,"column":6},"end":{"line":1494,"column":7}},"596":{"start":{"line":1477,"column":8},"end":{"line":1479,"column":9}},"597":{"start":{"line":1478,"column":10},"end":{"line":1478,"column":85}},"598":{"start":{"line":1482,"column":8},"end":{"line":1482,"column":43}},"599":{"start":{"line":1483,"column":22},"end":{"line":1483,"column":58}},"600":{"start":{"line":1484,"column":8},"end":{"line":1486,"column":9}},"601":{"start":{"line":1485,"column":10},"end":{"line":1485,"column":44}},"602":{"start":{"line":1489,"column":8},"end":{"line":1491,"column":9}},"603":{"start":{"line":1490,"column":10},"end":{"line":1490,"column":66}},"604":{"start":{"line":1493,"column":8},"end":{"line":1493,"column":20}},"605":{"start":{"line":1498,"column":4},"end":{"line":1524,"column":5}},"606":{"start":{"line":1499,"column":29},"end":{"line":1499,"column":49}},"607":{"start":{"line":1500,"column":27},"end":{"line":1500,"column":40}},"608":{"start":{"line":1502,"column":23},"end":{"line":1502,"column":74}},"609":{"start":{"line":1504,"column":6},"end":{"line":1523,"column":7}},"610":{"start":{"line":1506,"column":8},"end":{"line":1508,"column":9}},"611":{"start":{"line":1507,"column":10},"end":{"line":1507,"column":90}},"612":{"start":{"line":1511,"column":8},"end":{"line":1511,"column":43}},"613":{"start":{"line":1512,"column":22},"end":{"line":1512,"column":58}},"614":{"start":{"line":1513,"column":8},"end":{"line":1515,"column":9}},"615":{"start":{"line":1514,"column":10},"end":{"line":1514,"column":44}},"616":{"start":{"line":1518,"column":8},"end":{"line":1520,"column":9}},"617":{"start":{"line":1519,"column":10},"end":{"line":1519,"column":66}},"618":{"start":{"line":1522,"column":8},"end":{"line":1522,"column":20}},"619":{"start":{"line":1526,"column":4},"end":{"line":1526,"column":17}},"620":{"start":{"line":1531,"column":4},"end":{"line":1531,"column":41}},"621":{"start":{"line":1532,"column":4},"end":{"line":1532,"column":41}},"622":{"start":{"line":1533,"column":4},"end":{"line":1533,"column":24}},"623":{"start":{"line":1534,"column":4},"end":{"line":1534,"column":27}},"624":{"start":{"line":1537,"column":4},"end":{"line":1537,"column":19}},"625":{"start":{"line":1540,"column":4},"end":{"line":1547,"column":5}},"626":{"start":{"line":1541,"column":6},"end":{"line":1546,"column":9}},"627":{"start":{"line":1550,"column":4},"end":{"line":1550,"column":76}},"628":{"start":{"line":1553,"column":4},"end":{"line":1557,"column":5}},"629":{"start":{"line":1554,"column":6},"end":{"line":1556,"column":9}},"630":{"start":{"line":1561,"column":4},"end":{"line":1561,"column":61}},"631":{"start":{"line":1569,"column":4},"end":{"line":1569,"column":42}},"632":{"start":{"line":1573,"column":4},"end":{"line":1573,"column":60}},"633":{"start":{"line":1576,"column":21},"end":{"line":1576,"column":38}},"634":{"start":{"line":1579,"column":25},"end":{"line":1579,"column":55}},"635":{"start":{"line":1580,"column":25},"end":{"line":1580,"column":76}},"636":{"start":{"line":1581,"column":17},"end":{"line":1581,"column":59}},"637":{"start":{"line":1582,"column":4},"end":{"line":1582,"column":27}},"638":{"start":{"line":1583,"column":4},"end":{"line":1583,"column":30}},"639":{"start":{"line":1584,"column":4},"end":{"line":1584,"column":23}},"640":{"start":{"line":1587,"column":25},"end":{"line":1587,"column":67}},"641":{"start":{"line":1588,"column":25},"end":{"line":1588,"column":76}},"642":{"start":{"line":1589,"column":17},"end":{"line":1589,"column":59}},"643":{"start":{"line":1590,"column":4},"end":{"line":1590,"column":33}},"644":{"start":{"line":1591,"column":4},"end":{"line":1591,"column":27}},"645":{"start":{"line":1592,"column":4},"end":{"line":1592,"column":23}},"646":{"start":{"line":1595,"column":25},"end":{"line":1595,"column":54}},"647":{"start":{"line":1596,"column":25},"end":{"line":1599,"column":6}},"648":{"start":{"line":1600,"column":17},"end":{"line":1600,"column":59}},"649":{"start":{"line":1601,"column":4},"end":{"line":1601,"column":33}},"650":{"start":{"line":1602,"column":4},"end":{"line":1602,"column":34}},"651":{"start":{"line":1603,"column":4},"end":{"line":1603,"column":27}},"652":{"start":{"line":1604,"column":4},"end":{"line":1604,"column":23}},"653":{"start":{"line":1607,"column":27},"end":{"line":1607,"column":69}},"654":{"start":{"line":1608,"column":4},"end":{"line":1608,"column":40}},"655":{"start":{"line":1609,"column":27},"end":{"line":1609,"column":78}},"656":{"start":{"line":1611,"column":23},"end":{"line":1611,"column":69}},"657":{"start":{"line":1612,"column":4},"end":{"line":1612,"column":42}},"658":{"start":{"line":1613,"column":4},"end":{"line":1613,"column":33}},"659":{"start":{"line":1614,"column":4},"end":{"line":1614,"column":29}},"660":{"start":{"line":1617,"column":24},"end":{"line":1617,"column":70}},"661":{"start":{"line":1618,"column":4},"end":{"line":1618,"column":42}},"662":{"start":{"line":1619,"column":4},"end":{"line":1619,"column":34}},"663":{"start":{"line":1620,"column":4},"end":{"line":1620,"column":30}},"664":{"start":{"line":1623,"column":25},"end":{"line":1623,"column":57}},"665":{"start":{"line":1624,"column":22},"end":{"line":1624,"column":71}},"666":{"start":{"line":1625,"column":25},"end":{"line":1625,"column":77}},"667":{"start":{"line":1626,"column":17},"end":{"line":1626,"column":59}},"668":{"start":{"line":1627,"column":4},"end":{"line":1627,"column":34}},"669":{"start":{"line":1628,"column":4},"end":{"line":1628,"column":23}},"670":{"start":{"line":1631,"column":4},"end":{"line":1631,"column":35}},"671":{"start":{"line":1634,"column":4},"end":{"line":1648,"column":5}},"672":{"start":{"line":1635,"column":6},"end":{"line":1635,"column":56}},"673":{"start":{"line":1636,"column":6},"end":{"line":1636,"column":56}},"674":{"start":{"line":1639,"column":6},"end":{"line":1647,"column":7}},"675":{"start":{"line":1640,"column":21},"end":{"line":1640,"column":39}},"676":{"start":{"line":1641,"column":27},"end":{"line":1645,"column":9}},"677":{"start":{"line":1646,"column":8},"end":{"line":1646,"column":41}},"678":{"start":{"line":1651,"column":4},"end":{"line":1651,"column":29}},"679":{"start":{"line":1653,"column":4},"end":{"line":1653,"column":20}},"680":{"start":{"line":1657,"column":19},"end":{"line":1657,"column":64}},"681":{"start":{"line":1658,"column":4},"end":{"line":1658,"column":44}},"682":{"start":{"line":1658,"column":37},"end":{"line":1658,"column":44}},"683":{"start":{"line":1661,"column":4},"end":{"line":1661,"column":50}},"684":{"start":{"line":1662,"column":4},"end":{"line":1662,"column":50}},"685":{"start":{"line":1665,"column":17},"end":{"line":1665,"column":35}},"686":{"start":{"line":1666,"column":4},"end":{"line":1682,"column":5}},"687":{"start":{"line":1668,"column":25},"end":{"line":1672,"column":7}},"688":{"start":{"line":1673,"column":6},"end":{"line":1673,"column":46}},"689":{"start":{"line":1676,"column":26},"end":{"line":1676,"column":79}},"690":{"start":{"line":1677,"column":25},"end":{"line":1677,"column":78}},"691":{"start":{"line":1680,"column":6},"end":{"line":1680,"column":47}},"692":{"start":{"line":1681,"column":6},"end":{"line":1681,"column":46}},"693":{"start":{"line":1686,"column":19},"end":{"line":1686,"column":64}},"694":{"start":{"line":1687,"column":4},"end":{"line":1687,"column":24}},"695":{"start":{"line":1687,"column":17},"end":{"line":1687,"column":24}},"696":{"start":{"line":1690,"column":4},"end":{"line":1692,"column":5}},"697":{"start":{"line":1691,"column":6},"end":{"line":1691,"column":41}},"698":{"start":{"line":1695,"column":4},"end":{"line":1701,"column":5}},"699":{"start":{"line":1696,"column":6},"end":{"line":1700,"column":9}},"700":{"start":{"line":1697,"column":8},"end":{"line":1699,"column":9}},"701":{"start":{"line":1698,"column":10},"end":{"line":1698,"column":57}},"702":{"start":{"line":1706,"column":4},"end":{"line":1706,"column":63}},"703":{"start":{"line":1706,"column":56},"end":{"line":1706,"column":63}},"704":{"start":{"line":1709,"column":19},"end":{"line":1709,"column":69}},"705":{"start":{"line":1710,"column":4},"end":{"line":1713,"column":5}},"706":{"start":{"line":1711,"column":6},"end":{"line":1711,"column":70}},"707":{"start":{"line":1712,"column":6},"end":{"line":1712,"column":13}},"708":{"start":{"line":1716,"column":4},"end":{"line":1718,"column":5}},"709":{"start":{"line":1717,"column":6},"end":{"line":1717,"column":30}},"710":{"start":{"line":1721,"column":29},"end":{"line":1721,"column":75}},"711":{"start":{"line":1721,"column":58},"end":{"line":1721,"column":74}},"712":{"start":{"line":1722,"column":4},"end":{"line":1727,"column":5}},"713":{"start":{"line":1724,"column":6},"end":{"line":1724,"column":59}},"714":{"start":{"line":1725,"column":6},"end":{"line":1725,"column":54}},"715":{"start":{"line":1726,"column":6},"end":{"line":1726,"column":13}},"716":{"start":{"line":1730,"column":21},"end":{"line":1734,"column":5}},"717":{"start":{"line":1736,"column":21},"end":{"line":1740,"column":5}},"718":{"start":{"line":1743,"column":22},"end":{"line":1743,"column":50}},"719":{"start":{"line":1746,"column":25},"end":{"line":1746,"column":51}},"720":{"start":{"line":1749,"column":31},"end":{"line":1751,"column":37}},"721":{"start":{"line":1754,"column":21},"end":{"line":1754,"column":76}},"722":{"start":{"line":1757,"column":21},"end":{"line":1759,"column":6}},"723":{"start":{"line":1761,"column":17},"end":{"line":1761,"column":51}},"724":{"start":{"line":1762,"column":4},"end":{"line":1762,"column":33}},"725":{"start":{"line":1765,"column":23},"end":{"line":1778,"column":5}},"726":{"start":{"line":1775,"column":8},"end":{"line":1775,"column":39}},"727":{"start":{"line":1776,"column":8},"end":{"line":1776,"column":76}},"728":{"start":{"line":1781,"column":4},"end":{"line":1781,"column":36}},"729":{"start":{"line":1784,"column":4},"end":{"line":1784,"column":40}},"730":{"start":{"line":1787,"column":4},"end":{"line":1793,"column":5}},"731":{"start":{"line":1788,"column":6},"end":{"line":1792,"column":7}},"732":{"start":{"line":1789,"column":8},"end":{"line":1789,"column":56}},"733":{"start":{"line":1791,"column":8},"end":{"line":1791,"column":55}},"734":{"start":{"line":1797,"column":19},"end":{"line":1797,"column":64}},"735":{"start":{"line":1798,"column":4},"end":{"line":1798,"column":24}},"736":{"start":{"line":1798,"column":17},"end":{"line":1798,"column":24}},"737":{"start":{"line":1800,"column":4},"end":{"line":1802,"column":5}},"738":{"start":{"line":1801,"column":6},"end":{"line":1801,"column":30}},"739":{"start":{"line":1805,"column":4},"end":{"line":1834,"column":7}},"740":{"start":{"line":1806,"column":28},"end":{"line":1806,"column":89}},"741":{"start":{"line":1806,"column":62},"end":{"line":1806,"column":88}},"742":{"start":{"line":1808,"column":6},"end":{"line":1833,"column":7}},"743":{"start":{"line":1810,"column":35},"end":{"line":1810,"column":68}},"744":{"start":{"line":1813,"column":8},"end":{"line":1817,"column":10}},"745":{"start":{"line":1819,"column":8},"end":{"line":1823,"column":10}},"746":{"start":{"line":1826,"column":8},"end":{"line":1832,"column":11}},"747":{"start":{"line":1838,"column":4},"end":{"line":1838,"column":50}},"748":{"start":{"line":1841,"column":21},"end":{"line":1841,"column":25}},"749":{"start":{"line":1842,"column":18},"end":{"line":1842,"column":23}},"750":{"start":{"line":1845,"column":23},"end":{"line":1845,"column":72}},"751":{"start":{"line":1845,"column":55},"end":{"line":1845,"column":71}},"752":{"start":{"line":1846,"column":4},"end":{"line":1859,"column":5}},"753":{"start":{"line":1847,"column":6},"end":{"line":1847,"column":48}},"754":{"start":{"line":1848,"column":6},"end":{"line":1848,"column":21}},"755":{"start":{"line":1851,"column":6},"end":{"line":1858,"column":9}},"756":{"start":{"line":1852,"column":8},"end":{"line":1852,"column":40}},"757":{"start":{"line":1852,"column":33},"end":{"line":1852,"column":40}},"758":{"start":{"line":1854,"column":22},"end":{"line":1854,"column":73}},"759":{"start":{"line":1854,"column":56},"end":{"line":1854,"column":72}},"760":{"start":{"line":1855,"column":8},"end":{"line":1857,"column":9}},"761":{"start":{"line":1856,"column":10},"end":{"line":1856,"column":49}},"762":{"start":{"line":1862,"column":24},"end":{"line":1864,"column":60}},"763":{"start":{"line":1866,"column":4},"end":{"line":1868,"column":5}},"764":{"start":{"line":1867,"column":6},"end":{"line":1867,"column":60}},"765":{"start":{"line":1871,"column":4},"end":{"line":1889,"column":5}},"766":{"start":{"line":1873,"column":6},"end":{"line":1873,"column":41}},"767":{"start":{"line":1874,"column":6},"end":{"line":1874,"column":45}},"768":{"start":{"line":1875,"column":11},"end":{"line":1889,"column":5}},"769":{"start":{"line":1877,"column":6},"end":{"line":1888,"column":9}},"770":{"start":{"line":1878,"column":8},"end":{"line":1878,"column":40}},"771":{"start":{"line":1878,"column":33},"end":{"line":1878,"column":40}},"772":{"start":{"line":1880,"column":22},"end":{"line":1880,"column":73}},"773":{"start":{"line":1880,"column":56},"end":{"line":1880,"column":72}},"774":{"start":{"line":1881,"column":8},"end":{"line":1887,"column":9}},"775":{"start":{"line":1882,"column":23},"end":{"line":1882,"column":48}},"776":{"start":{"line":1883,"column":10},"end":{"line":1885,"column":11}},"777":{"start":{"line":1884,"column":12},"end":{"line":1884,"column":41}},"778":{"start":{"line":1886,"column":10},"end":{"line":1886,"column":46}},"779":{"start":{"line":1896,"column":23},"end":{"line":1896,"column":72}},"780":{"start":{"line":1896,"column":55},"end":{"line":1896,"column":71}},"781":{"start":{"line":1897,"column":4},"end":{"line":1906,"column":5}},"782":{"start":{"line":1898,"column":25},"end":{"line":1898,"column":53}},"783":{"start":{"line":1900,"column":6},"end":{"line":1902,"column":7}},"784":{"start":{"line":1901,"column":8},"end":{"line":1901,"column":43}},"785":{"start":{"line":1905,"column":6},"end":{"line":1905,"column":45}},"786":{"start":{"line":1909,"column":4},"end":{"line":1922,"column":7}},"787":{"start":{"line":1910,"column":6},"end":{"line":1910,"column":38}},"788":{"start":{"line":1910,"column":31},"end":{"line":1910,"column":38}},"789":{"start":{"line":1912,"column":20},"end":{"line":1912,"column":71}},"790":{"start":{"line":1912,"column":54},"end":{"line":1912,"column":70}},"791":{"start":{"line":1913,"column":6},"end":{"line":1921,"column":7}},"792":{"start":{"line":1914,"column":27},"end":{"line":1914,"column":52}},"793":{"start":{"line":1916,"column":8},"end":{"line":1918,"column":9}},"794":{"start":{"line":1917,"column":10},"end":{"line":1917,"column":45}},"795":{"start":{"line":1920,"column":8},"end":{"line":1920,"column":44}},"796":{"start":{"line":1925,"column":4},"end":{"line":1930,"column":5}},"797":{"start":{"line":1926,"column":6},"end":{"line":1929,"column":8}},"798":{"start":{"line":1935,"column":4},"end":{"line":1935,"column":37}},"799":{"start":{"line":1938,"column":19},"end":{"line":1938,"column":52}},"800":{"start":{"line":1941,"column":4},"end":{"line":1946,"column":5}},"801":{"start":{"line":1942,"column":6},"end":{"line":1945,"column":8}},"802":{"start":{"line":1949,"column":4},"end":{"line":1952,"column":5}},"803":{"start":{"line":1950,"column":6},"end":{"line":1950,"column":60}},"804":{"start":{"line":1951,"column":6},"end":{"line":1951,"column":25}},"805":{"start":{"line":1955,"column":20},"end":{"line":1955,"column":74}},"806":{"start":{"line":1956,"column":4},"end":{"line":1958,"column":5}},"807":{"start":{"line":1957,"column":6},"end":{"line":1957,"column":82}},"808":{"start":{"line":1963,"column":4},"end":{"line":1971,"column":5}},"809":{"start":{"line":1964,"column":23},"end":{"line":1964,"column":51}},"810":{"start":{"line":1965,"column":6},"end":{"line":1970,"column":7}},"811":{"start":{"line":1967,"column":8},"end":{"line":1969,"column":9}},"812":{"start":{"line":1968,"column":10},"end":{"line":1968,"column":53}},"813":{"start":{"line":1975,"column":19},"end":{"line":1975,"column":69}},"814":{"start":{"line":1976,"column":4},"end":{"line":1976,"column":24}},"815":{"start":{"line":1976,"column":17},"end":{"line":1976,"column":24}},"816":{"start":{"line":1979,"column":4},"end":{"line":1983,"column":5}},"817":{"start":{"line":1981,"column":6},"end":{"line":1981,"column":43}},"818":{"start":{"line":1982,"column":6},"end":{"line":1982,"column":43}},"819":{"start":{"line":1986,"column":4},"end":{"line":2027,"column":5}},"820":{"start":{"line":1988,"column":6},"end":{"line":1988,"column":38}},"821":{"start":{"line":1989,"column":6},"end":{"line":1989,"column":42}},"822":{"start":{"line":1992,"column":6},"end":{"line":1998,"column":7}},"823":{"start":{"line":1993,"column":8},"end":{"line":1997,"column":10}},"824":{"start":{"line":2001,"column":6},"end":{"line":2003,"column":7}},"825":{"start":{"line":2002,"column":8},"end":{"line":2002,"column":58}},"826":{"start":{"line":2006,"column":6},"end":{"line":2011,"column":7}},"827":{"start":{"line":2007,"column":23},"end":{"line":2007,"column":79}},"828":{"start":{"line":2007,"column":51},"end":{"line":2007,"column":78}},"829":{"start":{"line":2008,"column":8},"end":{"line":2010,"column":9}},"830":{"start":{"line":2009,"column":10},"end":{"line":2009,"column":49}},"831":{"start":{"line":2014,"column":6},"end":{"line":2016,"column":7}},"832":{"start":{"line":2015,"column":8},"end":{"line":2015,"column":40}},"833":{"start":{"line":2019,"column":6},"end":{"line":2019,"column":39}},"834":{"start":{"line":2020,"column":6},"end":{"line":2020,"column":43}},"835":{"start":{"line":2021,"column":6},"end":{"line":2021,"column":43}},"836":{"start":{"line":2024,"column":6},"end":{"line":2026,"column":7}},"837":{"start":{"line":2025,"column":8},"end":{"line":2025,"column":39}},"838":{"start":{"line":2031,"column":18},"end":{"line":2031,"column":74}},"839":{"start":{"line":2031,"column":51},"end":{"line":2031,"column":73}},"840":{"start":{"line":2033,"column":4},"end":{"line":2042,"column":5}},"841":{"start":{"line":2035,"column":26},"end":{"line":2035,"column":50}},"842":{"start":{"line":2036,"column":6},"end":{"line":2038,"column":7}},"843":{"start":{"line":2037,"column":8},"end":{"line":2037,"column":44}},"844":{"start":{"line":2041,"column":6},"end":{"line":2041,"column":41}},"845":{"start":{"line":2047,"column":4},"end":{"line":2047,"column":26}},"846":{"start":{"line":2048,"column":4},"end":{"line":2048,"column":57}},"847":{"start":{"line":2051,"column":4},"end":{"line":2051,"column":31}}},"fnMap":{"0":{"name":"(anonymous_0)","decl":{"start":{"line":23,"column":2},"end":{"line":23,"column":3}},"loc":{"start":{"line":23,"column":25},"end":{"line":152,"column":3}},"line":23},"1":{"name":"(anonymous_1)","decl":{"start":{"line":54,"column":16},"end":{"line":54,"column":17}},"loc":{"start":{"line":54,"column":28},"end":{"line":57,"column":9}},"line":54},"2":{"name":"(anonymous_2)","decl":{"start":{"line":62,"column":16},"end":{"line":62,"column":17}},"loc":{"start":{"line":62,"column":28},"end":{"line":70,"column":9}},"line":62},"3":{"name":"(anonymous_3)","decl":{"start":{"line":75,"column":16},"end":{"line":75,"column":17}},"loc":{"start":{"line":75,"column":28},"end":{"line":85,"column":9}},"line":75},"4":{"name":"(anonymous_4)","decl":{"start":{"line":80,"column":21},"end":{"line":80,"column":22}},"loc":{"start":{"line":80,"column":27},"end":{"line":82,"column":11}},"line":80},"5":{"name":"(anonymous_5)","decl":{"start":{"line":90,"column":16},"end":{"line":90,"column":17}},"loc":{"start":{"line":90,"column":28},"end":{"line":116,"column":9}},"line":90},"6":{"name":"(anonymous_6)","decl":{"start":{"line":108,"column":21},"end":{"line":108,"column":22}},"loc":{"start":{"line":108,"column":27},"end":{"line":113,"column":11}},"line":108},"7":{"name":"(anonymous_7)","decl":{"start":{"line":121,"column":16},"end":{"line":121,"column":17}},"loc":{"start":{"line":121,"column":28},"end":{"line":124,"column":9}},"line":121},"8":{"name":"(anonymous_8)","decl":{"start":{"line":154,"column":2},"end":{"line":154,"column":3}},"loc":{"start":{"line":154,"column":9},"end":{"line":202,"column":3}},"line":154},"9":{"name":"(anonymous_9)","decl":{"start":{"line":155,"column":23},"end":{"line":155,"column":24}},"loc":{"start":{"line":155,"column":44},"end":{"line":201,"column":5}},"line":155},"10":{"name":"(anonymous_10)","decl":{"start":{"line":167,"column":52},"end":{"line":167,"column":53}},"loc":{"start":{"line":167,"column":62},"end":{"line":169,"column":9}},"line":167},"11":{"name":"(anonymous_11)","decl":{"start":{"line":171,"column":53},"end":{"line":171,"column":54}},"loc":{"start":{"line":171,"column":63},"end":{"line":175,"column":9}},"line":171},"12":{"name":"(anonymous_12)","decl":{"start":{"line":177,"column":55},"end":{"line":177,"column":56}},"loc":{"start":{"line":177,"column":65},"end":{"line":181,"column":9}},"line":177},"13":{"name":"(anonymous_13)","decl":{"start":{"line":184,"column":37},"end":{"line":184,"column":38}},"loc":{"start":{"line":184,"column":43},"end":{"line":197,"column":9}},"line":184},"14":{"name":"(anonymous_14)","decl":{"start":{"line":204,"column":2},"end":{"line":204,"column":3}},"loc":{"start":{"line":204,"column":15},"end":{"line":240,"column":3}},"line":204},"15":{"name":"(anonymous_15)","decl":{"start":{"line":242,"column":2},"end":{"line":242,"column":3}},"loc":{"start":{"line":242,"column":14},"end":{"line":264,"column":3}},"line":242},"16":{"name":"(anonymous_16)","decl":{"start":{"line":266,"column":2},"end":{"line":266,"column":3}},"loc":{"start":{"line":266,"column":21},"end":{"line":337,"column":3}},"line":266},"17":{"name":"(anonymous_17)","decl":{"start":{"line":267,"column":23},"end":{"line":267,"column":24}},"loc":{"start":{"line":267,"column":44},"end":{"line":336,"column":5}},"line":267},"18":{"name":"(anonymous_18)","decl":{"start":{"line":271,"column":20},"end":{"line":271,"column":21}},"loc":{"start":{"line":271,"column":31},"end":{"line":277,"column":9}},"line":271},"19":{"name":"(anonymous_19)","decl":{"start":{"line":273,"column":34},"end":{"line":273,"column":35}},"loc":{"start":{"line":273,"column":40},"end":{"line":276,"column":11}},"line":273},"20":{"name":"(anonymous_20)","decl":{"start":{"line":280,"column":20},"end":{"line":280,"column":21}},"loc":{"start":{"line":280,"column":31},"end":{"line":286,"column":9}},"line":280},"21":{"name":"(anonymous_21)","decl":{"start":{"line":282,"column":33},"end":{"line":282,"column":34}},"loc":{"start":{"line":282,"column":39},"end":{"line":285,"column":11}},"line":282},"22":{"name":"(anonymous_22)","decl":{"start":{"line":289,"column":20},"end":{"line":289,"column":21}},"loc":{"start":{"line":289,"column":31},"end":{"line":300,"column":9}},"line":289},"23":{"name":"(anonymous_23)","decl":{"start":{"line":291,"column":32},"end":{"line":291,"column":33}},"loc":{"start":{"line":291,"column":38},"end":{"line":299,"column":11}},"line":291},"24":{"name":"(anonymous_24)","decl":{"start":{"line":295,"column":39},"end":{"line":295,"column":40}},"loc":{"start":{"line":295,"column":45},"end":{"line":298,"column":13}},"line":295},"25":{"name":"(anonymous_25)","decl":{"start":{"line":303,"column":20},"end":{"line":303,"column":21}},"loc":{"start":{"line":303,"column":31},"end":{"line":307,"column":9}},"line":303},"26":{"name":"(anonymous_26)","decl":{"start":{"line":310,"column":22},"end":{"line":310,"column":23}},"loc":{"start":{"line":310,"column":43},"end":{"line":323,"column":9}},"line":310},"27":{"name":"(anonymous_27)","decl":{"start":{"line":324,"column":14},"end":{"line":324,"column":15}},"loc":{"start":{"line":324,"column":20},"end":{"line":328,"column":9}},"line":324},"28":{"name":"(anonymous_28)","decl":{"start":{"line":328,"column":17},"end":{"line":328,"column":18}},"loc":{"start":{"line":328,"column":26},"end":{"line":331,"column":9}},"line":328},"29":{"name":"(anonymous_29)","decl":{"start":{"line":339,"column":2},"end":{"line":339,"column":3}},"loc":{"start":{"line":339,"column":24},"end":{"line":361,"column":3}},"line":339},"30":{"name":"(anonymous_30)","decl":{"start":{"line":363,"column":2},"end":{"line":363,"column":3}},"loc":{"start":{"line":363,"column":15},"end":{"line":403,"column":3}},"line":363},"31":{"name":"(anonymous_31)","decl":{"start":{"line":366,"column":27},"end":{"line":366,"column":28}},"loc":{"start":{"line":366,"column":37},"end":{"line":370,"column":7}},"line":366},"32":{"name":"(anonymous_32)","decl":{"start":{"line":376,"column":32},"end":{"line":376,"column":33}},"loc":{"start":{"line":376,"column":47},"end":{"line":380,"column":7}},"line":376},"33":{"name":"(anonymous_33)","decl":{"start":{"line":386,"column":29},"end":{"line":386,"column":30}},"loc":{"start":{"line":386,"column":41},"end":{"line":390,"column":7}},"line":386},"34":{"name":"(anonymous_34)","decl":{"start":{"line":396,"column":25},"end":{"line":396,"column":26}},"loc":{"start":{"line":396,"column":33},"end":{"line":400,"column":7}},"line":396},"35":{"name":"(anonymous_35)","decl":{"start":{"line":405,"column":2},"end":{"line":405,"column":3}},"loc":{"start":{"line":405,"column":26},"end":{"line":442,"column":3}},"line":405},"36":{"name":"(anonymous_36)","decl":{"start":{"line":409,"column":25},"end":{"line":409,"column":26}},"loc":{"start":{"line":409,"column":35},"end":{"line":411,"column":5}},"line":409},"37":{"name":"(anonymous_37)","decl":{"start":{"line":415,"column":35},"end":{"line":415,"column":36}},"loc":{"start":{"line":415,"column":49},"end":{"line":439,"column":5}},"line":415},"38":{"name":"(anonymous_38)","decl":{"start":{"line":444,"column":2},"end":{"line":444,"column":3}},"loc":{"start":{"line":444,"column":31},"end":{"line":487,"column":3}},"line":444},"39":{"name":"(anonymous_39)","decl":{"start":{"line":452,"column":40},"end":{"line":452,"column":41}},"loc":{"start":{"line":452,"column":59},"end":{"line":484,"column":5}},"line":452},"40":{"name":"(anonymous_40)","decl":{"start":{"line":456,"column":41},"end":{"line":456,"column":42}},"loc":{"start":{"line":456,"column":51},"end":{"line":456,"column":79}},"line":456},"41":{"name":"(anonymous_41)","decl":{"start":{"line":489,"column":2},"end":{"line":489,"column":3}},"loc":{"start":{"line":489,"column":28},"end":{"line":550,"column":3}},"line":489},"42":{"name":"(anonymous_42)","decl":{"start":{"line":497,"column":37},"end":{"line":497,"column":38}},"loc":{"start":{"line":497,"column":53},"end":{"line":547,"column":5}},"line":497},"43":{"name":"(anonymous_43)","decl":{"start":{"line":552,"column":2},"end":{"line":552,"column":3}},"loc":{"start":{"line":552,"column":24},"end":{"line":586,"column":3}},"line":552},"44":{"name":"(anonymous_44)","decl":{"start":{"line":560,"column":33},"end":{"line":560,"column":34}},"loc":{"start":{"line":560,"column":45},"end":{"line":583,"column":5}},"line":560},"45":{"name":"(anonymous_45)","decl":{"start":{"line":588,"column":2},"end":{"line":588,"column":3}},"loc":{"start":{"line":588,"column":27},"end":{"line":602,"column":3}},"line":588},"46":{"name":"(anonymous_46)","decl":{"start":{"line":605,"column":2},"end":{"line":605,"column":3}},"loc":{"start":{"line":605,"column":16},"end":{"line":608,"column":3}},"line":605},"47":{"name":"(anonymous_47)","decl":{"start":{"line":611,"column":2},"end":{"line":611,"column":3}},"loc":{"start":{"line":611,"column":18},"end":{"line":614,"column":3}},"line":611},"48":{"name":"(anonymous_48)","decl":{"start":{"line":616,"column":2},"end":{"line":616,"column":3}},"loc":{"start":{"line":616,"column":23},"end":{"line":619,"column":3}},"line":616},"49":{"name":"(anonymous_49)","decl":{"start":{"line":621,"column":2},"end":{"line":621,"column":3}},"loc":{"start":{"line":621,"column":20},"end":{"line":624,"column":3}},"line":621},"50":{"name":"(anonymous_50)","decl":{"start":{"line":626,"column":2},"end":{"line":626,"column":3}},"loc":{"start":{"line":626,"column":54},"end":{"line":651,"column":3}},"line":626},"51":{"name":"(anonymous_51)","decl":{"start":{"line":646,"column":6},"end":{"line":646,"column":7}},"loc":{"start":{"line":646,"column":20},"end":{"line":649,"column":7}},"line":646},"52":{"name":"(anonymous_52)","decl":{"start":{"line":653,"column":2},"end":{"line":653,"column":3}},"loc":{"start":{"line":653,"column":23},"end":{"line":698,"column":3}},"line":653},"53":{"name":"(anonymous_53)","decl":{"start":{"line":700,"column":2},"end":{"line":700,"column":3}},"loc":{"start":{"line":700,"column":23},"end":{"line":745,"column":3}},"line":700},"54":{"name":"(anonymous_54)","decl":{"start":{"line":747,"column":2},"end":{"line":747,"column":3}},"loc":{"start":{"line":747,"column":27},"end":{"line":753,"column":3}},"line":747},"55":{"name":"(anonymous_55)","decl":{"start":{"line":755,"column":2},"end":{"line":755,"column":3}},"loc":{"start":{"line":755,"column":23},"end":{"line":784,"column":3}},"line":755},"56":{"name":"(anonymous_56)","decl":{"start":{"line":786,"column":2},"end":{"line":786,"column":3}},"loc":{"start":{"line":786,"column":20},"end":{"line":883,"column":3}},"line":786},"57":{"name":"(anonymous_57)","decl":{"start":{"line":804,"column":46},"end":{"line":804,"column":47}},"loc":{"start":{"line":804,"column":56},"end":{"line":853,"column":7}},"line":804},"58":{"name":"(anonymous_58)","decl":{"start":{"line":885,"column":2},"end":{"line":885,"column":3}},"loc":{"start":{"line":885,"column":40},"end":{"line":899,"column":3}},"line":885},"59":{"name":"(anonymous_59)","decl":{"start":{"line":901,"column":2},"end":{"line":901,"column":3}},"loc":{"start":{"line":901,"column":17},"end":{"line":920,"column":3}},"line":901},"60":{"name":"(anonymous_60)","decl":{"start":{"line":913,"column":40},"end":{"line":913,"column":41}},"loc":{"start":{"line":913,"column":46},"end":{"line":918,"column":7}},"line":913},"61":{"name":"(anonymous_61)","decl":{"start":{"line":922,"column":2},"end":{"line":922,"column":3}},"loc":{"start":{"line":922,"column":10},"end":{"line":942,"column":3}},"line":922},"62":{"name":"(anonymous_62)","decl":{"start":{"line":933,"column":33},"end":{"line":933,"column":34}},"loc":{"start":{"line":933,"column":43},"end":{"line":933,"column":58}},"line":933},"63":{"name":"(anonymous_63)","decl":{"start":{"line":944,"column":2},"end":{"line":944,"column":3}},"loc":{"start":{"line":944,"column":9},"end":{"line":946,"column":3}},"line":944},"64":{"name":"(anonymous_64)","decl":{"start":{"line":948,"column":2},"end":{"line":948,"column":3}},"loc":{"start":{"line":948,"column":10},"end":{"line":950,"column":3}},"line":948},"65":{"name":"(anonymous_65)","decl":{"start":{"line":952,"column":2},"end":{"line":952,"column":3}},"loc":{"start":{"line":952,"column":11},"end":{"line":956,"column":3}},"line":952},"66":{"name":"(anonymous_66)","decl":{"start":{"line":958,"column":2},"end":{"line":958,"column":3}},"loc":{"start":{"line":958,"column":19},"end":{"line":965,"column":3}},"line":958},"67":{"name":"(anonymous_67)","decl":{"start":{"line":967,"column":2},"end":{"line":967,"column":3}},"loc":{"start":{"line":967,"column":12},"end":{"line":996,"column":3}},"line":967},"68":{"name":"(anonymous_68)","decl":{"start":{"line":971,"column":26},"end":{"line":971,"column":27}},"loc":{"start":{"line":971,"column":32},"end":{"line":971,"column":46}},"line":971},"69":{"name":"(anonymous_69)","decl":{"start":{"line":998,"column":2},"end":{"line":998,"column":3}},"loc":{"start":{"line":998,"column":21},"end":{"line":1008,"column":3}},"line":998},"70":{"name":"(anonymous_70)","decl":{"start":{"line":1010,"column":2},"end":{"line":1010,"column":3}},"loc":{"start":{"line":1010,"column":16},"end":{"line":1163,"column":3}},"line":1010},"71":{"name":"(anonymous_71)","decl":{"start":{"line":1049,"column":27},"end":{"line":1049,"column":28}},"loc":{"start":{"line":1049,"column":33},"end":{"line":1049,"column":64}},"line":1049},"72":{"name":"(anonymous_72)","decl":{"start":{"line":1082,"column":32},"end":{"line":1082,"column":33}},"loc":{"start":{"line":1082,"column":47},"end":{"line":1084,"column":7}},"line":1082},"73":{"name":"(anonymous_73)","decl":{"start":{"line":1099,"column":27},"end":{"line":1099,"column":28}},"loc":{"start":{"line":1099,"column":37},"end":{"line":1101,"column":7}},"line":1099},"74":{"name":"(anonymous_74)","decl":{"start":{"line":1116,"column":23},"end":{"line":1116,"column":24}},"loc":{"start":{"line":1116,"column":31},"end":{"line":1118,"column":5}},"line":1116},"75":{"name":"(anonymous_75)","decl":{"start":{"line":1121,"column":27},"end":{"line":1121,"column":28}},"loc":{"start":{"line":1121,"column":39},"end":{"line":1123,"column":5}},"line":1121},"76":{"name":"(anonymous_76)","decl":{"start":{"line":1165,"column":2},"end":{"line":1165,"column":3}},"loc":{"start":{"line":1165,"column":22},"end":{"line":1187,"column":3}},"line":1165},"77":{"name":"(anonymous_77)","decl":{"start":{"line":1189,"column":2},"end":{"line":1189,"column":3}},"loc":{"start":{"line":1189,"column":27},"end":{"line":1271,"column":3}},"line":1189},"78":{"name":"(anonymous_78)","decl":{"start":{"line":1230,"column":46},"end":{"line":1230,"column":47}},"loc":{"start":{"line":1230,"column":56},"end":{"line":1269,"column":7}},"line":1230},"79":{"name":"(anonymous_79)","decl":{"start":{"line":1273,"column":2},"end":{"line":1273,"column":3}},"loc":{"start":{"line":1273,"column":11},"end":{"line":1276,"column":3}},"line":1273},"80":{"name":"(anonymous_80)","decl":{"start":{"line":1278,"column":2},"end":{"line":1278,"column":3}},"loc":{"start":{"line":1278,"column":26},"end":{"line":1418,"column":3}},"line":1278},"81":{"name":"(anonymous_81)","decl":{"start":{"line":1336,"column":23},"end":{"line":1336,"column":24}},"loc":{"start":{"line":1336,"column":29},"end":{"line":1338,"column":13}},"line":1336},"82":{"name":"(anonymous_82)","decl":{"start":{"line":1362,"column":23},"end":{"line":1362,"column":24}},"loc":{"start":{"line":1362,"column":29},"end":{"line":1367,"column":13}},"line":1362},"83":{"name":"(anonymous_83)","decl":{"start":{"line":1385,"column":23},"end":{"line":1385,"column":24}},"loc":{"start":{"line":1385,"column":29},"end":{"line":1389,"column":13}},"line":1385},"84":{"name":"(anonymous_84)","decl":{"start":{"line":1420,"column":2},"end":{"line":1420,"column":3}},"loc":{"start":{"line":1420,"column":40},"end":{"line":1527,"column":3}},"line":1420},"85":{"name":"(anonymous_85)","decl":{"start":{"line":1423,"column":46},"end":{"line":1423,"column":47}},"loc":{"start":{"line":1423,"column":56},"end":{"line":1463,"column":7}},"line":1423},"86":{"name":"(anonymous_86)","decl":{"start":{"line":1529,"column":2},"end":{"line":1529,"column":3}},"loc":{"start":{"line":1529,"column":16},"end":{"line":1558,"column":3}},"line":1529},"87":{"name":"(anonymous_87)","decl":{"start":{"line":1560,"column":2},"end":{"line":1560,"column":3}},"loc":{"start":{"line":1560,"column":43},"end":{"line":1562,"column":3}},"line":1560},"88":{"name":"(anonymous_88)","decl":{"start":{"line":1564,"column":2},"end":{"line":1564,"column":3}},"loc":{"start":{"line":1564,"column":23},"end":{"line":1566,"column":3}},"line":1564},"89":{"name":"(anonymous_89)","decl":{"start":{"line":1568,"column":2},"end":{"line":1568,"column":3}},"loc":{"start":{"line":1568,"column":31},"end":{"line":1570,"column":3}},"line":1568},"90":{"name":"(anonymous_90)","decl":{"start":{"line":1572,"column":2},"end":{"line":1572,"column":3}},"loc":{"start":{"line":1572,"column":36},"end":{"line":1654,"column":3}},"line":1572},"91":{"name":"(anonymous_91)","decl":{"start":{"line":1656,"column":2},"end":{"line":1656,"column":3}},"loc":{"start":{"line":1656,"column":41},"end":{"line":1683,"column":3}},"line":1656},"92":{"name":"(anonymous_92)","decl":{"start":{"line":1685,"column":2},"end":{"line":1685,"column":3}},"loc":{"start":{"line":1685,"column":34},"end":{"line":1702,"column":3}},"line":1685},"93":{"name":"(anonymous_93)","decl":{"start":{"line":1696,"column":33},"end":{"line":1696,"column":34}},"loc":{"start":{"line":1696,"column":47},"end":{"line":1700,"column":7}},"line":1696},"94":{"name":"(anonymous_94)","decl":{"start":{"line":1704,"column":2},"end":{"line":1704,"column":3}},"loc":{"start":{"line":1704,"column":40},"end":{"line":1794,"column":3}},"line":1704},"95":{"name":"(anonymous_95)","decl":{"start":{"line":1721,"column":53},"end":{"line":1721,"column":54}},"loc":{"start":{"line":1721,"column":58},"end":{"line":1721,"column":74}},"line":1721},"96":{"name":"(anonymous_96)","decl":{"start":{"line":1774,"column":6},"end":{"line":1774,"column":7}},"loc":{"start":{"line":1774,"column":20},"end":{"line":1777,"column":7}},"line":1774},"97":{"name":"(anonymous_97)","decl":{"start":{"line":1796,"column":2},"end":{"line":1796,"column":3}},"loc":{"start":{"line":1796,"column":54},"end":{"line":1835,"column":3}},"line":1796},"98":{"name":"(anonymous_98)","decl":{"start":{"line":1805,"column":24},"end":{"line":1805,"column":25}},"loc":{"start":{"line":1805,"column":42},"end":{"line":1834,"column":5}},"line":1805},"99":{"name":"(anonymous_99)","decl":{"start":{"line":1806,"column":57},"end":{"line":1806,"column":58}},"loc":{"start":{"line":1806,"column":62},"end":{"line":1806,"column":88}},"line":1806},"100"
[...]
"column":5}},"line":82}},"branchMap":{"0":{"loc":{"start":{"line":12,"column":4},"end":{"line":16,"column":5}},"type":"if","locations":[{"start":{"line":12,"column":4},"end":{"line":16,"column":5}},{"start":{},"end":{}}],"line":12},"1":{"loc":{"start":{"line":19,"column":28},"end":{"line":19,"column":41}},"type":"default-arg","locations":[{"start":{"line":19,"column":35},"end":{"line":19,"column":41}}],"line":19},"2":{"loc":{"start":{"line":23,"column":4},"end":{"line":28,"column":5}},"type":"if","locations":[{"start":{"line":23,"column":4},"end":{"line":28,"column":5}},{"start":{},"end":{}}],"line":23},"3":{"loc":{"start":{"line":32,"column":4},"end":{"line":56,"column":5}},"type":"switch","locations":[{"start":{"line":33,"column":6},"end":{"line":36,"column":14}},{"start":{"line":37,"column":6},"end":{"line":40,"column":14}},{"start":{"line":41,"column":6},"end":{"line":44,"column":14}},{"start":{"line":45,"column":6},"end":{"line":48,"column":14}},{"start":{"line":49,"column":6},"end":{"line":52,"column":14}},{"start":{"line":53,"column":6},"end":{"line":55,"column":71}}],"line":32},"4":{"loc":{"start":{"line":77,"column":4},"end":{"line":79,"column":5}},"type":"if","locations":[{"start":{"line":77,"column":4},"end":{"line":79,"column":5}},{"start":{},"end":{}}],"line":77},"5":{"loc":{"start":{"line":84,"column":7},"end":{"line":84,"column":56}},"type":"cond-expr","locations":[{"start":{"line":84,"column":45},"end":{"line":84,"column":49}},{"start":{"line":84,"column":52},"end":{"line":84,"column":56}}],"line":84},"6":{"loc":{"start":{"line":84,"column":7},"end":{"line":84,"column":42}},"type":"binary-expr","locations":[{"start":{"line":84,"column":7},"end":{"line":84,"column":22}},{"start":{"line":84,"column":26},"end":{"line":84,"column":42}}],"line":84}},"s":{"0":0,"1":0,"2":0,"3":0,"4":0,"5":0,"6":0,"7":0,"8":0,"9":0,"10":0,"11":0,"12":0,"13":0,"14":0,"15":0,"16":0,"17":0,"18":0,"19":0,"20":0,"21":0,"22":0,"23":0,"24":0,"25":0,"26":0,"27":0,"28":0,"29":0,"30":0,"31":0,"32":0,"33":0,"34":0,"35":0,"36":0,"37":0,"38":0,"39":0,"40":0,"41":0,"42":0,"43":0,"44":0},"f":{"0":0,"1":0,"2":0,"3":0},"b":{"0":[0,0],"1":[0],"2":[0,0],"3":[0,0,0,0,0,0],"4":[0,0],"5":[0,0],"6":[0,0]}}
,"/Users/lokesh-inumpudi1/Desktop/Experiments/moana-city/client/src/js/utils/PhysicsManager.js": {"path":"/Users/lokesh-inumpudi1/Desktop/Experiments/moana-city/client/src/js/utils/PhysicsManager.js","statementMap":{"0":{"start":{"line":9,"column":4},"end":{"line":11,"column":7}},"1":{"start":{"line":13,"column":4},"end":{"line":13,"column":28}},"2":{"start":{"line":14,"column":4},"end":{"line":14,"column":27}},"3":{"start":{"line":15,"column":4},"end":{"line":15,"column":26}},"4":{"start":{"line":18,"column":4},"end":{"line":18,"column":58}},"5":{"start":{"line":19,"column":4},"end":{"line":19,"column":40}},"6":{"start":{"line":20,"column":4},"end":{"line":20,"column":43}},"7":{"start":{"line":23,"column":35},"end":{"line":32,"column":5}},"8":{"start":{"line":34,"column":4},"end":{"line":34,"column":58}},"9":{"start":{"line":35,"column":4},"end":{"line":35,"column":63}},"10":{"start":{"line":40,"column":4},"end":{"line":40,"column":40}},"11":{"start":{"line":43,"column":4},"end":{"line":46,"column":7}},"12":{"start":{"line":44,"column":6},"end":{"line":44,"column":40}},"13":{"start":{"line":45,"column":6},"end":{"line":45,"column":44}},"14":{"start":{"line":49,"column":4},"end":{"line":51,"column":5}},"15":{"start":{"line":50,"column":6},"end":{"line":50,"column":31}},"16":{"start":{"line":55,"column":18},"end":{"line":55,"column":63}},"17":{"start":{"line":58,"column":17},"end":{"line":67,"column":6}},"18":{"start":{"line":70,"column":4},"end":{"line":70,"column":29}},"19":{"start":{"line":73,"column":4},"end":{"line":73,"column":32}},"20":{"start":{"line":76,"column":4},"end":{"line":78,"column":5}},"21":{"start":{"line":77,"column":6},"end":{"line":77,"column":33}},"22":{"start":{"line":80,"column":4},"end":{"line":80,"column":16}},"23":{"start":{"line":84,"column":17},"end":{"line":84,"column":38}},"24":{"start":{"line":85,"column":4},"end":{"line":88,"column":5}},"25":{"start":{"line":86,"column":6},"end":{"line":86,"column":34}},"26":{"start":{"line":87,"column":6},"end":{"line":87,"column":31}},"27":{"start":{"line":93,"column":4},"end":{"line":93,"column":35}},"28":{"start":{"line":95,"column":4},"end":{"line":134,"column":5}},"29":{"start":{"line":97,"column":20},"end":{"line":97,"column":56}},"30":{"start":{"line":98,"column":21},"end":{"line":98,"column":53}},"31":{"start":{"line":99,"column":8},"end":{"line":99,"column":83}},"32":{"start":{"line":103,"column":23},"end":{"line":103,"column":41}},"33":{"start":{"line":104,"column":8},"end":{"line":104,"column":71}},"34":{"start":{"line":105,"column":8},"end":{"line":105,"column":48}},"35":{"start":{"line":109,"column":25},"end":{"line":109,"column":61}},"36":{"start":{"line":110,"column":29},"end":{"line":110,"column":66}},"37":{"start":{"line":111,"column":8},"end":{"line":116,"column":10}},"38":{"start":{"line":120,"column":21},"end":{"line":120,"column":57}},"39":{"start":{"line":121,"column":25},"end":{"line":121,"column":58}},"40":{"start":{"line":122,"column":8},"end":{"line":127,"column":10}},"41":{"start":{"line":130,"column":8},"end":{"line":130,"column":76}},"42":{"start":{"line":131,"column":27},"end":{"line":131,"column":63}},"43":{"start":{"line":132,"column":28},"end":{"line":132,"column":67}},"44":{"start":{"line":133,"column":8},"end":{"line":133,"column":104}},"45":{"start":{"line":141,"column":4},"end":{"line":181,"column":5}},"46":{"start":{"line":142,"column":26},"end":{"line":146,"column":7}},"47":{"start":{"line":147,"column":6},"end":{"line":153,"column":8}},"48":{"start":{"line":154,"column":11},"end":{"line":181,"column":5}},"49":{"start":{"line":155,"column":29},"end":{"line":159,"column":7}},"50":{"start":{"line":160,"column":6},"end":{"line":166,"column":8}},"51":{"start":{"line":167,"column":11},"end":{"line":181,"column":5}},"52":{"start":{"line":168,"column":31},"end":{"line":173,"column":7}},"53":{"start":{"line":174,"column":6},"end":{"line":180,"column":8}},"54":{"start":{"line":183,"column":4},"end":{"line":187,"column":5}},"55":{"start":{"line":184,"column":6},"end":{"line":184,"column":45}},"56":{"start":{"line":185,"column":6},"end":{"line":185,"column":49}},"57":{"start":{"line":186,"column":6},"end":{"line":186,"column":61}},"58":{"start":{"line":189,"column":4},"end":{"line":189,"column":21}},"59":{"start":{"line":193,"column":4},"end":{"line":196,"column":7}},"60":{"start":{"line":194,"column":6},"end":{"line":194,"column":50}},"61":{"start":{"line":195,"column":6},"end":{"line":195,"column":54}},"62":{"start":{"line":200,"column":4},"end":{"line":200,"column":37}},"63":{"start":{"line":202,"column":4},"end":{"line":216,"column":5}},"64":{"start":{"line":204,"column":6},"end":{"line":209,"column":9}},"65":{"start":{"line":205,"column":26},"end":{"line":205,"column":52}},"66":{"start":{"line":206,"column":8},"end":{"line":208,"column":9}},"67":{"start":{"line":207,"column":10},"end":{"line":207,"column":31}},"68":{"start":{"line":212,"column":6},"end":{"line":214,"column":9}},"69":{"start":{"line":213,"column":8},"end":{"line":213,"column":32}},"70":{"start":{"line":215,"column":6},"end":{"line":215,"column":28}}},"fnMap":{"0":{"name":"(anonymous_0)","decl":{"start":{"line":8,"column":2},"end":{"line":8,"column":3}},"loc":{"start":{"line":8,"column":16},"end":{"line":36,"column":3}},"line":8},"1":{"name":"(anonymous_1)","decl":{"start":{"line":38,"column":2},"end":{"line":38,"column":3}},"loc":{"start":{"line":38,"column":20},"end":{"line":52,"column":3}},"line":38},"2":{"name":"(anonymous_2)","decl":{"start":{"line":43,"column":24},"end":{"line":43,"column":25}},"loc":{"start":{"line":43,"column":40},"end":{"line":46,"column":5}},"line":43},"3":{"name":"(anonymous_3)","decl":{"start":{"line":54,"column":2},"end":{"line":54,"column":3}},"loc":{"start":{"line":54,"column":30},"end":{"line":81,"column":3}},"line":54},"4":{"name":"(anonymous_4)","decl":{"start":{"line":83,"column":2},"end":{"line":83,"column":3}},"loc":{"start":{"line":83,"column":19},"end":{"line":89,"column":3}},"line":83},"5":{"name":"(anonymous_5)","decl":{"start":{"line":91,"column":2},"end":{"line":91,"column":3}},"loc":{"start":{"line":91,"column":39},"end":{"line":135,"column":3}},"line":91},"6":{"name":"(anonymous_6)","decl":{"start":{"line":137,"column":2},"end":{"line":137,"column":3}},"loc":{"start":{"line":137,"column":24},"end":{"line":190,"column":3}},"line":137},"7":{"name":"(anonymous_7)","decl":{"start":{"line":192,"column":2},"end":{"line":192,"column":3}},"loc":{"start":{"line":192,"column":22},"end":{"line":197,"column":3}},"line":192},"8":{"name":"(anonymous_8)","decl":{"start":{"line":193,"column":29},"end":{"line":193,"column":30}},"loc":{"start":{"line":193,"column":37},"end":{"line":196,"column":5}},"line":193},"9":{"name":"(anonymous_9)","decl":{"start":{"line":199,"column":2},"end":{"line":199,"column":3}},"loc":{"start":{"line":199,"column":25},"end":{"line":217,"column":3}},"line":199},"10":{"name":"(anonymous_10)","decl":{"start":{"line":204,"column":26},"end":{"line":204,"column":27}},"loc":{"start":{"line":204,"column":42},"end":{"line":209,"column":7}},"line":204},"11":{"name":"(anonymous_11)","decl":{"start":{"line":212,"column":31},"end":{"line":212,"column":32}},"loc":{"start":{"line":212,"column":39},"end":{"line":214,"column":7}},"line":212}},"branchMap":{"0":{"loc":{"start":{"line":49,"column":4},"end":{"line":51,"column":5}},"type":"if","locations":[{"start":{"line":49,"column":4},"end":{"line":51,"column":5}},{"start":{},"end":{}}],"line":49},"1":{"loc":{"start":{"line":54,"column":16},"end":{"line":54,"column":28}},"type":"default-arg","locations":[{"start":{"line":54,"column":26},"end":{"line":54,"column":28}}],"line":54},"2":{"loc":{"start":{"line":59,"column":12},"end":{"line":59,"column":29}},"type":"binary-expr","locations":[{"start":{"line":59,"column":12},"end":{"line":59,"column":24}},{"start":{"line":59,"column":28},"end":{"line":59,"column":29}}],"line":59},"3":{"loc":{"start":{"line":66,"column":16},"end":{"line":66,"column":56}},"type":"binary-expr","locations":[{"start":{"line":66,"column":16},"end":{"line":66,"column":32}},{"start":{"line":66,"column":36},"end":{"line":66,"column":56}}],"line":66},"4":{"loc":{"start":{"line":76,"column":4},"end":{"line":78,"column":5}},"type":"if","locations":[{"start":{"line":76,"column":4},"end":{"line":78,"column":5}},{"start":{},"end":{}}],"line":76},"5":{"loc":{"start":{"line":85,"column":4},"end":{"line":88,"column":5}},"type":"if","locations":[{"start":{"line":85,"column":4},"end":{"line":88,"column":5}},{"start":{},"end":{}}],"line":85},"6":{"loc":{"start":{"line":93,"column":16},"end":{"line":93,"column":34}},"type":"binary-expr","locations":[{"start":{"line":93,"column":16},"end":{"line":93,"column":25}},{"start":{"line":93,"column":29},"end":{"line":93,"column":34}}],"line":93},"7":{"loc":{"start":{"line":95,"column":4},"end":{"line":134,"column":5}},"type":"switch","locations":[{"start":{"line":96,"column":6},"end":{"line":99,"column":83}},{"start":{"line":101,"column":6},"end":{"line":105,"column":48}},{"start":{"line":107,"column":6},"end":{"line":116,"column":10}},{"start":{"line":118,"column":6},"end":{"line":127,"column":10}},{"start":{"line":129,"column":6},"end":{"line":133,"column":104}}],"line":95},"8":{"loc":{"start":{"line":141,"column":4},"end":{"line":181,"column":5}},"type":"if","locations":[{"start":{"line":141,"column":4},"end":{"line":181,"column":5}},{"start":{"line":154,"column":11},"end":{"line":181,"column":5}}],"line":141},"9":{"loc":{"start":{"line":154,"column":11},"end":{"line":181,"column":5}},"type":"if","locations":[{"start":{"line":154,"column":11},"end":{"line":181,"column":5}},{"start":{"line":167,"column":11},"end":{"line":181,"column":5}}],"line":154},"10":{"loc":{"start":{"line":167,"column":11},"end":{"line":181,"column":5}},"type":"if","locations":[{"start":{"line":167,"column":11},"end":{"line":181,"column":5}},{"start":{},"end":{}}],"line":167},"11":{"loc":{"start":{"line":183,"column":4},"end":{"line":187,"column":5}},"type":"if","locations":[{"start":{"line":183,"column":4},"end":{"line":187,"column":5}},{"start":{},"end":{}}],"line":183},"12":{"loc":{"start":{"line":202,"column":4},"end":{"line":216,"column":5}},"type":"if","locations":[{"start":{"line":202,"column":4},"end":{"line":216,"column":5}},{"start":{"line":210,"column":11},"end":{"line":216,"column":5}}],"line":202},"13":{"loc":{"start":{"line":206,"column":8},"end":{"line":208,"column":9}},"type":"if","locations":[{"start":{"line":206,"column":8},"end":{"line":208,"column":9}},{"start":{},"end":{}}],"line":206}},"s":{"0":0,"1":0,"2":0,"3":0,"4":0,"5":0,"6":0,"7":0,"8":0,"9":0,"10":0,"11":0,"12":0,"13":0,"14":0,"15":0,"16":0,"17":0,"18":0,"19":0,"20":0,"21":0,"22":0,"23":0,"24":0,"25":0,"26":0,"27":0,"28":0,"29":0,"30":0,"31":0,"32":0,"33":0,"34":0,"35":0,"36":0,"37":0,"38":0,"39":0,"40":0,"41":0,"42":0,"43":0,"44":0,"45":0,"46":0,"47":0,"48":0,"49":0,"50":0,"51":0,"52":0,"53":0,"54":0,"55":0,"56":0,"57":0,"58":0,"59":0,"60":0,"61":0,"62":0,"63":0,"64":0,"65":0,"66":0,"67":0,"68":0,"69":0,"70":0},"f":{"0":0,"1":0,"2":0,"3":0,"4":0,"5":0,"6":0,"7":0,"8":0,"9":0,"10":0,"11":0},"b":{"0":[0,0],"1":[0],"2":[0,0],"3":[0,0],"4":[0,0],"5":[0,0],"6":[0,0],"7":[0,0,0,0,0],"8":[0,0],"9":[0,0],"10":[0,0],"11":[0,0],"12":[0,0],"13":[0,0]}}
,"/Users/lokesh-inumpudi1/Desktop/Experiments/moana-city/client/src/js/utils/ShipModelGenerator.js": {"path":"/Users/lokesh-inumpudi1/Desktop/Experiments/moana-city/client/src/js/utils/ShipModelGenerator.js","statementMap":{"0":{"start":{"line":7,"column":22},"end":{"line":7,"column":39}},"1":{"start":{"line":10,"column":25},"end":{"line":10,"column":55}},"2":{"start":{"line":11,"column":25},"end":{"line":15,"column":6}},"3":{"start":{"line":16,"column":17},"end":{"line":16,"column":59}},"4":{"start":{"line":17,"column":4},"end":{"line":17,"column":23}},"5":{"start":{"line":18,"column":4},"end":{"line":18,"column":27}},"6":{"start":{"line":19,"column":4},"end":{"line":19,"column":30}},"7":{"start":{"line":20,"column":4},"end":{"line":20,"column":24}},"8":{"start":{"line":23,"column":25},"end":{"line":23,"column":67}},"9":{"start":{"line":24,"column":25},"end":{"line":27,"column":6}},"10":{"start":{"line":28,"column":17},"end":{"line":28,"column":59}},"11":{"start":{"line":29,"column":4},"end":{"line":29,"column":23}},"12":{"start":{"line":30,"column":4},"end":{"line":30,"column":33}},"13":{"start":{"line":31,"column":4},"end":{"line":31,"column":27}},"14":{"start":{"line":32,"column":4},"end":{"line":32,"column":24}},"15":{"start":{"line":35,"column":25},"end":{"line":35,"column":54}},"16":{"start":{"line":36,"column":25},"end":{"line":40,"column":6}},"17":{"start":{"line":41,"column":17},"end":{"line":41,"column":59}},"18":{"start":{"line":42,"column":4},"end":{"line":42,"column":23}},"19":{"start":{"line":43,"column":4},"end":{"line":43,"column":33}},"20":{"start":{"line":44,"column":4},"end":{"line":44,"column":34}},"21":{"start":{"line":45,"column":4},"end":{"line":45,"column":27}},"22":{"start":{"line":46,"column":4},"end":{"line":46,"column":24}},"23":{"start":{"line":49,"column":26},"end":{"line":49,"column":68}},"24":{"start":{"line":50,"column":4},"end":{"line":50,"column":39}},"25":{"start":{"line":51,"column":18},"end":{"line":51,"column":61}},"26":{"start":{"line":52,"column":4},"end":{"line":52,"column":25}},"27":{"start":{"line":53,"column":4},"end":{"line":53,"column":34}},"28":{"start":{"line":54,"column":4},"end":{"line":54,"column":31}},"29":{"start":{"line":55,"column":4},"end":{"line":55,"column":28}},"30":{"start":{"line":56,"column":4},"end":{"line":56,"column":25}},"31":{"start":{"line":59,"column":25},"end":{"line":59,"column":59}},"32":{"start":{"line":60,"column":18},"end":{"line":60,"column":60}},"33":{"start":{"line":61,"column":4},"end":{"line":61,"column":25}},"34":{"start":{"line":62,"column":4},"end":{"line":62,"column":39}},"35":{"start":{"line":63,"column":4},"end":{"line":63,"column":28}},"36":{"start":{"line":64,"column":4},"end":{"line":64,"column":25}},"37":{"start":{"line":66,"column":18},"end":{"line":66,"column":60}},"38":{"start":{"line":67,"column":4},"end":{"line":67,"column":25}},"39":{"start":{"line":68,"column":4},"end":{"line":68,"column":40}},"40":{"start":{"line":69,"column":4},"end":{"line":69,"column":28}},"41":{"start":{"line":70,"column":4},"end":{"line":70,"column":25}},"42":{"start":{"line":73,"column":32},"end":{"line":73,"column":76}},"43":{"start":{"line":74,"column":4},"end":{"line":74,"column":45}},"44":{"start":{"line":75,"column":32},"end":{"line":75,"column":83}},"45":{"start":{"line":78,"column":28},"end":{"line":78,"column":84}},"46":{"start":{"line":79,"column":4},"end":{"line":79,"column":45}},"47":{"start":{"line":80,"column":4},"end":{"line":80,"column":47}},"48":{"start":{"line":81,"column":4},"end":{"line":81,"column":45}},"49":{"start":{"line":82,"column":4},"end":{"line":82,"column":35}},"50":{"start":{"line":85,"column":29},"end":{"line":85,"column":85}},"51":{"start":{"line":86,"column":4},"end":{"line":86,"column":47}},"52":{"start":{"line":87,"column":4},"end":{"line":87,"column":47}},"53":{"start":{"line":88,"column":4},"end":{"line":88,"column":47}},"54":{"start":{"line":89,"column":4},"end":{"line":89,"column":36}},"55":{"start":{"line":92,"column":29},"end":{"line":92,"column":85}},"56":{"start":{"line":93,"column":4},"end":{"line":93,"column":47}},"57":{"start":{"line":94,"column":4},"end":{"line":94,"column":48}},"58":{"start":{"line":95,"column":4},"end":{"line":95,"column":36}},"59":{"start":{"line":97,"column":4},"end":{"line":97,"column":21}},"60":{"start":{"line":101,"column":22},"end":{"line":101,"column":52}},"61":{"start":{"line":102,"column":21},"end":{"line":102,"column":39}},"62":{"start":{"line":104,"column":4},"end":{"line":107,"column":25}},"63":{"start":{"line":105,"column":19},"end":{"line":105,"column":73}},"64":{"start":{"line":106,"column":6},"end":{"line":106,"column":21}},"65":{"start":{"line":111,"column":4},"end":{"line":116,"column":7}},"66":{"start":{"line":112,"column":19},"end":{"line":112,"column":46}},"67":{"start":{"line":113,"column":6},"end":{"line":113,"column":44}},"68":{"start":{"line":114,"column":6},"end":{"line":114,"column":33}},"69":{"start":{"line":115,"column":6},"end":{"line":115,"column":19}}},"fnMap":{"0":{"name":"(anonymous_0)","decl":{"start":{"line":5,"column":2},"end":{"line":5,"column":3}},"loc":{"start":{"line":5,"column":35},"end":{"line":98,"column":3}},"line":5},"1":{"name":"(anonymous_1)","decl":{"start":{"line":100,"column":2},"end":{"line":100,"column":3}},"loc":{"start":{"line":100,"column":31},"end":{"line":108,"column":3}},"line":100},"2":{"name":"(anonymous_2)","decl":{"start":{"line":104,"column":30},"end":{"line":104,"column":31}},"loc":{"start":{"line":104,"column":40},"end":{"line":107,"column":5}},"line":104},"3":{"name":"(anonymous_3)","decl":{"start":{"line":110,"column":2},"end":{"line":110,"column":3}},"loc":{"start":{"line":110,"column":29},"end":{"line":117,"column":3}},"line":110},"4":{"name":"(anonymous_4)","decl":{"start":{"line":111,"column":21},"end":{"line":111,"column":22}},"loc":{"start":{"line":111,"column":31},"end":{"line":116,"column":5}},"line":111}},"branchMap":{},"s":{"0":0,"1":0,"2":0,"3":0,"4":0,"5":0,"6":0,"7":0,"8":0,"9":0,"10":0,"11":0,"12":0,"13":0,"14":0,"15":0,"16":0,"17":0,"18":0,"19":0,"20":0,"21":0,"22":0,"23":0,"24":0,"25":0,"26":0,"27":0,"28":0,"29":0,"30":0,"31":0,"32":0,"33":0,"34":0,"35":0,"36":0,"37":0,"38":0,"39":0,"40":0,"41":0,"42":0,"43":0,"44":0,"45":0,"46":0,"47":0,"48":0,"49":0,"50":0,"51":0,"52":0,"53":0,"54":0,"55":0,"56":0,"57":0,"58":0,"59":0,"60":0,"61":0,"62":0,"63":0,"64":0,"65":0,"66":0,"67":0,"68":0,"69":0},"f":{"0":0,"1":0,"2":0,"3":0,"4":0},"b":{}}
}
