TN:
SF:src/js/Game.js
FN:23,(anonymous_0)
FN:54,(anonymous_1)
FN:62,(anonymous_2)
FN:75,(anonymous_3)
FN:80,(anonymous_4)
FN:90,(anonymous_5)
FN:108,(anonymous_6)
FN:121,(anonymous_7)
FN:154,(anonymous_8)
FN:155,(anonymous_9)
FN:167,(anonymous_10)
FN:171,(anonymous_11)
FN:177,(anonymous_12)
FN:184,(anonymous_13)
FN:204,(anonymous_14)
FN:242,(anonymous_15)
FN:266,(anonymous_16)
FN:267,(anonymous_17)
FN:271,(anonymous_18)
FN:273,(anonymous_19)
FN:280,(anonymous_20)
FN:282,(anonymous_21)
FN:289,(anonymous_22)
FN:291,(anonymous_23)
FN:295,(anonymous_24)
FN:303,(anonymous_25)
FN:310,(anonymous_26)
FN:324,(anonymous_27)
FN:328,(anonymous_28)
FN:339,(anonymous_29)
FN:363,(anonymous_30)
FN:366,(anonymous_31)
FN:376,(anonymous_32)
FN:386,(anonymous_33)
FN:396,(anonymous_34)
FN:405,(anonymous_35)
FN:409,(anonymous_36)
FN:415,(anonymous_37)
FN:444,(anonymous_38)
FN:452,(anonymous_39)
FN:456,(anonymous_40)
FN:489,(anonymous_41)
FN:497,(anonymous_42)
FN:552,(anonymous_43)
FN:560,(anonymous_44)
FN:588,(anonymous_45)
FN:605,(anonymous_46)
FN:611,(anonymous_47)
FN:616,(anonymous_48)
FN:621,(anonymous_49)
FN:626,(anonymous_50)
FN:646,(anonymous_51)
FN:653,(anonymous_52)
FN:700,(anonymous_53)
FN:747,(anonymous_54)
FN:755,(anonymous_55)
FN:786,(anonymous_56)
FN:804,(anonymous_57)
FN:885,(anonymous_58)
FN:901,(anonymous_59)
FN:913,(anonymous_60)
FN:922,(anonymous_61)
FN:933,(anonymous_62)
FN:944,(anonymous_63)
FN:948,(anonymous_64)
FN:952,(anonymous_65)
FN:958,(anonymous_66)
FN:967,(anonymous_67)
FN:971,(anonymous_68)
FN:998,(anonymous_69)
FN:1010,(anonymous_70)
FN:1049,(anonymous_71)
FN:1082,(anonymous_72)
FN:1099,(anonymous_73)
FN:1116,(anonymous_74)
FN:1121,(anonymous_75)
FN:1165,(anonymous_76)
FN:1189,(anonymous_77)
FN:1230,(anonymous_78)
FN:1273,(anonymous_79)
FN:1278,(anonymous_80)
FN:1336,(anonymous_81)
FN:1362,(anonymous_82)
FN:1385,(anonymous_83)
FN:1420,(anonymous_84)
FN:1423,(anonymous_85)
FN:1529,(anonymous_86)
FN:1560,(anonymous_87)
FN:1564,(anonymous_88)
FN:1568,(anonymous_89)
FN:1572,(anonymous_90)
FN:1656,(anonymous_91)
FN:1685,(anonymous_92)
FN:1696,(anonymous_93)
FN:1704,(anonymous_94)
FN:1721,(anonymous_95)
FN:1774,(anonymous_96)
FN:1796,(anonymous_97)
FN:1805,(anonymous_98)
FN:1806,(anonymous_99)
FN:1837,(anonymous_100)
FN:1845,(anonymous_101)
FN:1851,(anonymous_102)
FN:1854,(anonymous_103)
FN:1877,(anonymous_104)
FN:1880,(anonymous_105)
FN:1892,(anonymous_106)
FN:1896,(anonymous_107)
FN:1909,(anonymous_108)
FN:1912,(anonymous_109)
FN:1933,(anonymous_110)
FN:1962,(anonymous_111)
FN:1974,(anonymous_112)
FN:2007,(anonymous_113)
FN:2030,(anonymous_114)
FN:2031,(anonymous_115)
FN:2046,(anonymous_116)
FNF:117
FNH:0
FNDA:0,(anonymous_0)
FNDA:0,(anonymous_1)
FNDA:0,(anonymous_2)
FNDA:0,(anonymous_3)
FNDA:0,(anonymous_4)
FNDA:0,(anonymous_5)
FNDA:0,(anonymous_6)
FNDA:0,(anonymous_7)
FNDA:0,(anonymous_8)
FNDA:0,(anonymous_9)
FNDA:0,(anonymous_10)
FNDA:0,(anonymous_11)
FNDA:0,(anonymous_12)
FNDA:0,(anonymous_13)
FNDA:0,(anonymous_14)
FNDA:0,(anonymous_15)
FNDA:0,(anonymous_16)
FNDA:0,(anonymous_17)
FNDA:0,(anonymous_18)
FNDA:0,(anonymous_19)
FNDA:0,(anonymous_20)
FNDA:0,(anonymous_21)
FNDA:0,(anonymous_22)
FNDA:0,(anonymous_23)
FNDA:0,(anonymous_24)
FNDA:0,(anonymous_25)
FNDA:0,(anonymous_26)
FNDA:0,(anonymous_27)
FNDA:0,(anonymous_28)
FNDA:0,(anonymous_29)
FNDA:0,(anonymous_30)
FNDA:0,(anonymous_31)
FNDA:0,(anonymous_32)
FNDA:0,(anonymous_33)
FNDA:0,(anonymous_34)
FNDA:0,(anonymous_35)
FNDA:0,(anonymous_36)
FNDA:0,(anonymous_37)
FNDA:0,(anonymous_38)
FNDA:0,(anonymous_39)
FNDA:0,(anonymous_40)
FNDA:0,(anonymous_41)
FNDA:0,(anonymous_42)
FNDA:0,(anonymous_43)
FNDA:0,(anonymous_44)
FNDA:0,(anonymous_45)
FNDA:0,(anonymous_46)
FNDA:0,(anonymous_47)
FNDA:0,(anonymous_48)
FNDA:0,(anonymous_49)
FNDA:0,(anonymous_50)
FNDA:0,(anonymous_51)
FNDA:0,(anonymous_52)
FNDA:0,(anonymous_53)
FNDA:0,(anonymous_54)
FNDA:0,(anonymous_55)
FNDA:0,(anonymous_56)
FNDA:0,(anonymous_57)
FNDA:0,(anonymous_58)
FNDA:0,(anonymous_59)
FNDA:0,(anonymous_60)
FNDA:0,(anonymous_61)
FNDA:0,(anonymous_62)
FNDA:0,(anonymous_63)
FNDA:0,(anonymous_64)
FNDA:0,(anonymous_65)
FNDA:0,(anonymous_66)
FNDA:0,(anonymous_67)
FNDA:0,(anonymous_68)
FNDA:0,(anonymous_69)
FNDA:0,(anonymous_70)
FNDA:0,(anonymous_71)
FNDA:0,(anonymous_72)
FNDA:0,(anonymous_73)
FNDA:0,(anonymous_74)
FNDA:0,(anonymous_75)
FNDA:0,(anonymous_76)
FNDA:0,(anonymous_77)
FNDA:0,(anonymous_78)
FNDA:0,(anonymous_79)
FNDA:0,(anonymous_80)
FNDA:0,(anonymous_81)
FNDA:0,(anonymous_82)
FNDA:0,(anonymous_83)
FNDA:0,(anonymous_84)
FNDA:0,(anonymous_85)
FNDA:0,(anonymous_86)
FNDA:0,(anonymous_87)
FNDA:0,(anonymous_88)
FNDA:0,(anonymous_89)
FNDA:0,(anonymous_90)
FNDA:0,(anonymous_91)
FNDA:0,(anonymous_92)
FNDA:0,(anonymous_93)
FNDA:0,(anonymous_94)
FNDA:0,(anonymous_95)
FNDA:0,(anonymous_96)
FNDA:0,(anonymous_97)
FNDA:0,(anonymous_98)
FNDA:0,(anonymous_99)
FNDA:0,(anonymous_100)
FNDA:0,(anonymous_101)
FNDA:0,(anonymous_102)
FNDA:0,(anonymous_103)
FNDA:0,(anonymous_104)
FNDA:0,(anonymous_105)
FNDA:0,(anonymous_106)
FNDA:0,(anonymous_107)
FNDA:0,(anonymous_108)
FNDA:0,(anonymous_109)
FNDA:0,(anonymous_110)
FNDA:0,(anonymous_111)
FNDA:0,(anonymous_112)
FNDA:0,(anonymous_113)
FNDA:0,(anonymous_114)
FNDA:0,(anonymous_115)
FNDA:0,(anonymous_116)
DA:25,0
DA:28,0
DA:29,0
DA:30,0
DA:31,0
DA:32,0
DA:35,0
DA:36,0
DA:39,0
DA:40,0
DA:41,0
DA:42,0
DA:45,0
DA:46,0
DA:47,0
DA:50,0
DA:55,0
DA:56,0
DA:64,0
DA:69,0
DA:77,0
DA:78,0
DA:80,0
DA:81,0
DA:84,0
DA:92,0
DA:95,0
DA:96,0
DA:97,0
DA:102,0
DA:103,0
DA:105,0
DA:108,0
DA:109,0
DA:110,0
DA:111,0
DA:115,0
DA:122,0
DA:123,0
DA:129,0
DA:130,0
DA:133,0
DA:136,0
DA:137,0
DA:145,0
DA:147,0
DA:148,0
DA:151,0
DA:155,0
DA:156,0
DA:158,0
DA:161,0
DA:164,0
DA:167,0
DA:168,0
DA:171,0
DA:172,0
DA:173,0
DA:177,0
DA:178,0
DA:179,0
DA:184,0
DA:186,0
DA:189,0
DA:192,0
DA:193,0
DA:194,0
DA:196,0
DA:199,0
DA:206,0
DA:209,0
DA:212,0
DA:218,0
DA:221,0
DA:222,0
DA:223,0
DA:224,0
DA:225,0
DA:228,0
DA:231,0
DA:234,0
DA:235,0
DA:236,0
DA:237,0
DA:238,0
DA:239,0
DA:244,0
DA:245,0
DA:246,0
DA:249,0
DA:250,0
DA:251,0
DA:252,0
DA:253,0
DA:254,0
DA:255,0
DA:256,0
DA:259,0
DA:262,0
DA:263,0
DA:267,0
DA:268,0
DA:269,0
DA:272,0
DA:273,0
DA:274,0
DA:275,0
DA:281,0
DA:282,0
DA:283,0
DA:284,0
DA:290,0
DA:291,0
DA:292,0
DA:294,0
DA:295,0
DA:296,0
DA:297,0
DA:304,0
DA:305,0
DA:306,0
DA:311,0
DA:312,0
DA:314,0
DA:317,0
DA:319,0
DA:321,0
DA:326,0
DA:327,0
DA:329,0
DA:330,0
DA:333,0
DA:334,0
DA:340,0
DA:341,0
DA:342,0
DA:346,0
DA:349,0
DA:352,0
DA:355,0
DA:358,0
DA:360,0
DA:365,0
DA:366,0
DA:367,0
DA:368,0
DA:371,0
DA:375,0
DA:376,0
DA:377,0
DA:378,0
DA:381,0
DA:385,0
DA:386,0
DA:387,0
DA:388,0
DA:391,0
DA:395,0
DA:396,0
DA:397,0
DA:398,0
DA:401,0
DA:406,0
DA:409,0
DA:410,0
DA:412,0
DA:415,0
DA:416,0
DA:430,0
DA:433,0
DA:434,0
DA:438,0
DA:441,0
DA:445,0
DA:446,0
DA:447,0
DA:450,0
DA:452,0
DA:453,0
DA:455,0
DA:456,0
DA:458,0
DA:459,0
DA:460,0
DA:464,0
DA:471,0
DA:479,0
DA:480,0
DA:482,0
DA:486,0
DA:490,0
DA:491,0
DA:492,0
DA:495,0
DA:497,0
DA:498,0
DA:500,0
DA:509,0
DA:511,0
DA:517,0
DA:519,0
DA:525,0
DA:527,0
DA:533,0
DA:535,0
DA:536,0
DA:540,0
DA:542,0
DA:543,0
DA:545,0
DA:549,0
DA:553,0
DA:554,0
DA:555,0
DA:558,0
DA:560,0
DA:561,0
DA:563,0
DA:570,0
DA:576,0
DA:578,0
DA:579,0
DA:581,0
DA:585,0
DA:589,0
DA:592,0
DA:600,0
DA:601,0
DA:606,0
DA:607,0
DA:612,0
DA:613,0
DA:617,0
DA:618,0
DA:622,0
DA:623,0
DA:627,0
DA:631,0
DA:632,0
DA:636,0
DA:637,0
DA:639,0
DA:647,0
DA:648,0
DA:655,0
DA:658,0
DA:661,0
DA:668,0
DA:671,0
DA:674,0
DA:677,0
DA:678,0
DA:682,0
DA:683,0
DA:687,0
DA:688,0
DA:694,0
DA:697,0
DA:702,0
DA:705,0
DA:708,0
DA:715,0
DA:718,0
DA:721,0
DA:724,0
DA:725,0
DA:729,0
DA:730,0
DA:734,0
DA:735,0
DA:741,0
DA:744,0
DA:748,0
DA:750,0
DA:751,0
DA:756,0
DA:759,0
DA:760,0
DA:763,0
DA:766,0
DA:767,0
DA:770,0
DA:771,0
DA:774,0
DA:775,0
DA:777,0
DA:778,0
DA:781,0
DA:787,0
DA:790,0
DA:791,0
DA:794,0
DA:797,0
DA:800,0
DA:803,0
DA:804,0
DA:805,0
DA:808,0
DA:809,0
DA:812,0
DA:815,0
DA:817,0
DA:818,0
DA:819,0
DA:822,0
DA:823,0
DA:826,0
DA:829,0
DA:832,0
DA:834,0
DA:837,0
DA:838,0
DA:839,0
DA:840,0
DA:844,0
DA:850,0
DA:857,0
DA:859,0
DA:860,0
DA:862,0
DA:863,0
DA:864,0
DA:866,0
DA:869,0
DA:870,0
DA:873,0
DA:874,0
DA:876,0
DA:878,0
DA:887,0
DA:892,0
DA:895,0
DA:898,0
DA:902,0
DA:913,0
DA:923,0
DA:926,0
DA:927,0
DA:928,0
DA:932,0
DA:933,0
DA:936,0
DA:937,0
DA:938,0
DA:941,0
DA:945,0
DA:949,0
DA:953,0
DA:954,0
DA:955,0
DA:960,0
DA:961,0
DA:964,0
DA:968,0
DA:971,0
DA:974,0
DA:977,0
DA:978,0
DA:979,0
DA:982,0
DA:983,0
DA:987,0
DA:988,0
DA:992,0
DA:995,0
DA:999,0
DA:1001,0
DA:1002,0
DA:1003,0
DA:1004,0
DA:1005,0
DA:1006,0
DA:1011,0
DA:1014,0
DA:1017,0
DA:1019,0
DA:1022,0
DA:1023,0
DA:1024,0
DA:1026,0
DA:1032,0
DA:1033,0
DA:1034,0
DA:1037,0
DA:1042,0
DA:1043,0
DA:1044,0
DA:1046,0
DA:1047,0
DA:1048,0
DA:1049,0
DA:1053,0
DA:1058,0
DA:1065,0
DA:1066,0
DA:1071,0
DA:1076,0
DA:1077,0
DA:1081,0
DA:1082,0
DA:1083,0
DA:1088,0
DA:1089,0
DA:1093,0
DA:1094,0
DA:1098,0
DA:1099,0
DA:1100,0
DA:1105,0
DA:1108,0
DA:1111,0
DA:1112,0
DA:1116,0
DA:1117,0
DA:1121,0
DA:1122,0
DA:1126,0
DA:1127,0
DA:1128,0
DA:1129,0
DA:1130,0
DA:1134,0
DA:1137,0
DA:1138,0
DA:1142,0
DA:1143,0
DA:1160,0
DA:1161,0
DA:1166,0
DA:1169,0
DA:1172,0
DA:1173,0
DA:1176,0
DA:1177,0
DA:1178,0
DA:1179,0
DA:1182,0
DA:1185,0
DA:1186,0
DA:1191,0
DA:1194,0
DA:1195,0
DA:1196,0
DA:1199,0
DA:1200,0
DA:1203,0
DA:1204,0
DA:1205,0
DA:1209,0
DA:1212,0
DA:1213,0
DA:1215,0
DA:1217,0
DA:1220,0
DA:1221,0
DA:1225,0
DA:1229,0
DA:1230,0
DA:1232,0
DA:1233,0
DA:1234,0
DA:1237,0
DA:1238,0
DA:1241,0
DA:1242,0
DA:1243,0
DA:1246,0
DA:1249,0
DA:1250,0
DA:1251,0
DA:1255,0
DA:1256,0
DA:1257,0
DA:1258,0
DA:1261,0
DA:1263,0
DA:1266,0
DA:1275,0
DA:1279,0
DA:1281,0
DA:1282,0
DA:1285,0
DA:1286,0
DA:1289,0
DA:1292,0
DA:1295,0
DA:1297,0
DA:1300,0
DA:1301,0
DA:1302,0
DA:1306,0
DA:1307,0
DA:1308,0
DA:1312,0
DA:1313,0
DA:1314,0
DA:1318,0
DA:1319,0
DA:1320,0
DA:1321,0
DA:1325,0
DA:1326,0
DA:1327,0
DA:1328,0
DA:1332,0
DA:1333,0
DA:1334,0
DA:1336,0
DA:1337,0
DA:1340,0
DA:1341,0
DA:1345,0
DA:1346,0
DA:1349,0
DA:1350,0
DA:1351,0
DA:1356,0
DA:1357,0
DA:1359,0
DA:1362,0
DA:1363,0
DA:1364,0
DA:1365,0
DA:1369,0
DA:1370,0
DA:1374,0
DA:1375,0
DA:1378,0
DA:1379,0
DA:1382,0
DA:1383,0
DA:1385,0
DA:1386,0
DA:1387,0
DA:1388,0
DA:1391,0
DA:1392,0
DA:1395,0
DA:1396,0
DA:1400,0
DA:1403,0
DA:1406,0
DA:1407,0
DA:1413,0
DA:1414,0
DA:1422,0
DA:1423,0
DA:1424,0
DA:1426,0
DA:1427,0
DA:1429,0
DA:1431,0
DA:1433,0
DA:1440,0
DA:1441,0
DA:1445,0
DA:1446,0
DA:1450,0
DA:1451,0
DA:1452,0
DA:1453,0
DA:1457,0
DA:1458,0
DA:1461,0
DA:1467,0
DA:1468,0
DA:1470,0
DA:1471,0
DA:1473,0
DA:1475,0
DA:1477,0
DA:1478,0
DA:1482,0
DA:1483,0
DA:1484,0
DA:1485,0
DA:1489,0
DA:1490,0
DA:1493,0
DA:1498,0
DA:1499,0
DA:1500,0
DA:1502,0
DA:1504,0
DA:1506,0
DA:1507,0
DA:1511,0
DA:1512,0
DA:1513,0
DA:1514,0
DA:1518,0
DA:1519,0
DA:1522,0
DA:1526,0
DA:1531,0
DA:1532,0
DA:1533,0
DA:1534,0
DA:1537,0
DA:1540,0
DA:1541,0
DA:1550,0
DA:1553,0
DA:1554,0
DA:1561,0
DA:1569,0
DA:1573,0
DA:1576,0
DA:1579,0
DA:1580,0
DA:1581,0
DA:1582,0
DA:1583,0
DA:1584,0
DA:1587,0
DA:1588,0
DA:1589,0
DA:1590,0
DA:1591,0
DA:1592,0
DA:1595,0
DA:1596,0
DA:1600,0
DA:1601,0
DA:1602,0
DA:1603,0
DA:1604,0
DA:1607,0
DA:1608,0
DA:1609,0
DA:1611,0
DA:1612,0
DA:1613,0
DA:1614,0
DA:1617,0
DA:1618,0
DA:1619,0
DA:1620,0
DA:1623,0
DA:1624,0
DA:1625,0
DA:1626,0
DA:1627,0
DA:1628,0
DA:1631,0
DA:1634,0
DA:1635,0
DA:1636,0
DA:1639,0
DA:1640,0
DA:1641,0
DA:1646,0
DA:1651,0
DA:1653,0
DA:1657,0
DA:1658,0
DA:1661,0
DA:1662,0
DA:1665,0
DA:1666,0
DA:1668,0
DA:1673,0
DA:1676,0
DA:1677,0
DA:1680,0
DA:1681,0
DA:1686,0
DA:1687,0
DA:1690,0
DA:1691,0
DA:1695,0
DA:1696,0
DA:1697,0
DA:1698,0
DA:1706,0
DA:1709,0
DA:1710,0
DA:1711,0
DA:1712,0
DA:1716,0
DA:1717,0
DA:1721,0
DA:1722,0
DA:1724,0
DA:1725,0
DA:1726,0
DA:1730,0
DA:1736,0
DA:1743,0
DA:1746,0
DA:1749,0
DA:1754,0
DA:1757,0
DA:1761,0
DA:1762,0
DA:1765,0
DA:1775,0
DA:1776,0
DA:1781,0
DA:1784,0
DA:1787,0
DA:1788,0
DA:1789,0
DA:1791,0
DA:1797,0
DA:1798,0
DA:1800,0
DA:1801,0
DA:1805,0
DA:1806,0
DA:1808,0
DA:1810,0
DA:1813,0
DA:1819,0
DA:1826,0
DA:1838,0
DA:1841,0
DA:1842,0
DA:1845,0
DA:1846,0
DA:1847,0
DA:1848,0
DA:1851,0
DA:1852,0
DA:1854,0
DA:1855,0
DA:1856,0
DA:1862,0
DA:1866,0
DA:1867,0
DA:1871,0
DA:1873,0
DA:1874,0
DA:1875,0
DA:1877,0
DA:1878,0
DA:1880,0
DA:1881,0
DA:1882,0
DA:1883,0
DA:1884,0
DA:1886,0
DA:1896,0
DA:1897,0
DA:1898,0
DA:1900,0
DA:1901,0
DA:1905,0
DA:1909,0
DA:1910,0
DA:1912,0
DA:1913,0
DA:1914,0
DA:1916,0
DA:1917,0
DA:1920,0
DA:1925,0
DA:1926,0
DA:1935,0
DA:1938,0
DA:1941,0
DA:1942,0
DA:1949,0
DA:1950,0
DA:1951,0
DA:1955,0
DA:1956,0
DA:1957,0
DA:1963,0
DA:1964,0
DA:1965,0
DA:1967,0
DA:1968,0
DA:1975,0
DA:1976,0
DA:1979,0
DA:1981,0
DA:1982,0
DA:1986,0
DA:1988,0
DA:1989,0
DA:1992,0
DA:1993,0
DA:2001,0
DA:2002,0
DA:2006,0
DA:2007,0
DA:2008,0
DA:2009,0
DA:2014,0
DA:2015,0
DA:2019,0
DA:2020,0
DA:2021,0
DA:2024,0
DA:2025,0
DA:2031,0
DA:2033,0
DA:2035,0
DA:2036,0
DA:2037,0
DA:2041,0
DA:2047,0
DA:2048,0
DA:2051,0
LF:805
LH:0
BRDA:95,0,0,0
BRDA:95,0,1,0
BRDA:110,1,0,0
BRDA:110,1,1,0
BRDA:168,2,0,0
BRDA:168,2,1,0
BRDA:172,3,0,0
BRDA:172,3,1,0
BRDA:173,4,0,0
BRDA:173,4,1,0
BRDA:178,5,0,0
BRDA:178,5,1,0
BRDA:179,6,0,0
BRDA:179,6,1,0
BRDA:312,7,0,0
BRDA:312,7,1,0
BRDA:340,8,0,0
BRDA:340,8,1,0
BRDA:365,9,0,0
BRDA:365,9,1,0
BRDA:367,10,0,0
BRDA:367,10,1,0
BRDA:375,11,0,0
BRDA:375,11,1,0
BRDA:377,12,0,0
BRDA:377,12,1,0
BRDA:385,13,0,0
BRDA:385,13,1,0
BRDA:387,14,0,0
BRDA:387,14,1,0
BRDA:395,15,0,0
BRDA:395,15,1,0
BRDA:397,16,0,0
BRDA:397,16,1,0
BRDA:420,17,0,0
BRDA:420,17,1,0
BRDA:433,18,0,0
BRDA:433,18,1,0
BRDA:445,19,0,0
BRDA:445,19,1,0
BRDA:445,20,0,0
BRDA:445,20,1,0
BRDA:458,21,0,0
BRDA:458,21,1,0
BRDA:490,22,0,0
BRDA:490,22,1,0
BRDA:490,23,0,0
BRDA:490,23,1,0
BRDA:509,24,0,0
BRDA:509,24,1,0
BRDA:509,24,2,0
BRDA:509,24,3,0
BRDA:553,25,0,0
BRDA:553,25,1,0
BRDA:553,26,0,0
BRDA:553,26,1,0
BRDA:627,27,0,0
BRDA:627,27,1,0
BRDA:633,28,0,0
BRDA:633,28,1,0
BRDA:658,29,0,0
BRDA:658,29,1,0
BRDA:677,30,0,0
BRDA:677,30,1,0
BRDA:682,31,0,0
BRDA:682,31,1,0
BRDA:687,32,0,0
BRDA:687,32,1,0
BRDA:705,33,0,0
BRDA:705,33,1,0
BRDA:724,34,0,0
BRDA:724,34,1,0
BRDA:729,35,0,0
BRDA:729,35,1,0
BRDA:734,36,0,0
BRDA:734,36,1,0
BRDA:748,37,0,0
BRDA:748,37,1,0
BRDA:759,38,0,0
BRDA:759,38,1,0
BRDA:777,39,0,0
BRDA:777,39,1,0
BRDA:777,40,0,0
BRDA:777,40,1,0
BRDA:790,41,0,0
BRDA:790,41,1,0
BRDA:797,42,0,0
BRDA:797,42,1,0
BRDA:797,43,0,0
BRDA:797,43,1,0
BRDA:803,44,0,0
BRDA:803,44,1,0
BRDA:803,45,0,0
BRDA:803,45,1,0
BRDA:805,46,0,0
BRDA:805,46,1,0
BRDA:805,47,0,0
BRDA:805,47,1,0
BRDA:809,48,0,0
BRDA:809,48,1,0
BRDA:822,49,0,0
BRDA:822,49,1,0
BRDA:832,50,0,0
BRDA:832,50,1,0
BRDA:839,51,0,0
BRDA:839,51,1,0
BRDA:846,52,0,0
BRDA:846,52,1,0
BRDA:857,53,0,0
BRDA:857,53,1,0
BRDA:857,54,0,0
BRDA:857,54,1,0
BRDA:866,55,0,0
BRDA:866,55,1,0
BRDA:870,56,0,0
BRDA:870,56,1,0
BRDA:873,57,0,0
BRDA:873,57,1,0
BRDA:876,58,0,0
BRDA:876,58,1,0
BRDA:903,59,0,0
BRDA:903,59,1,0
BRDA:917,60,0,0
BRDA:917,60,1,0
BRDA:927,61,0,0
BRDA:927,61,1,0
BRDA:936,62,0,0
BRDA:936,62,1,0
BRDA:968,63,0,0
BRDA:968,63,1,0
BRDA:974,64,0,0
BRDA:974,64,1,0
BRDA:982,65,0,0
BRDA:982,65,1,0
BRDA:987,66,0,0
BRDA:987,66,1,0
BRDA:1002,67,0,0
BRDA:1002,67,1,0
BRDA:1011,68,0,0
BRDA:1011,68,1,0
BRDA:1017,69,0,0
BRDA:1017,69,1,0
BRDA:1017,70,0,0
BRDA:1017,70,1,0
BRDA:1022,71,0,0
BRDA:1022,71,1,0
BRDA:1024,72,0,0
BRDA:1024,72,1,0
BRDA:1032,73,0,0
BRDA:1032,73,1,0
BRDA:1042,74,0,0
BRDA:1042,74,1,0
BRDA:1042,75,0,0
BRDA:1042,75,1,0
BRDA:1044,76,0,0
BRDA:1044,76,1,0
BRDA:1046,77,0,0
BRDA:1046,77,1,0
BRDA:1065,78,0,0
BRDA:1065,78,1,0
BRDA:1076,79,0,0
BRDA:1076,79,1,0
BRDA:1076,80,0,0
BRDA:1076,80,1,0
BRDA:1081,81,0,0
BRDA:1081,81,1,0
BRDA:1088,82,0,0
BRDA:1088,82,1,0
BRDA:1093,83,0,0
BRDA:1093,83,1,0
BRDA:1098,84,0,0
BRDA:1098,84,1,0
BRDA:1111,85,0,0
BRDA:1111,85,1,0
BRDA:1127,86,0,0
BRDA:1127,86,1,0
BRDA:1137,87,0,0
BRDA:1137,87,1,0
BRDA:1142,88,0,0
BRDA:1142,88,1,0
BRDA:1144,89,0,0
BRDA:1144,89,1,0
BRDA:1145,90,0,0
BRDA:1145,90,1,0
BRDA:1148,91,0,0
BRDA:1148,91,1,0
BRDA:1149,92,0,0
BRDA:1149,92,1,0
BRDA:1150,93,0,0
BRDA:1150,93,1,0
BRDA:1155,94,0,0
BRDA:1155,94,1,0
BRDA:1160,95,0,0
BRDA:1160,95,1,0
BRDA:1166,96,0,0
BRDA:1166,96,1,0
BRDA:1166,97,0,0
BRDA:1166,97,1,0
BRDA:1191,98,0,0
BRDA:1191,98,1,0
BRDA:1203,99,0,0
BRDA:1203,99,1,0
BRDA:1203,100,0,0
BRDA:1203,100,1,0
BRDA:1215,101,0,0
BRDA:1215,101,1,0
BRDA:1215,102,0,0
BRDA:1215,102,1,0
BRDA:1229,103,0,0
BRDA:1229,103,1,0
BRDA:1229,104,0,0
BRDA:1229,104,1,0
BRDA:1232,105,0,0
BRDA:1232,105,1,0
BRDA:1232,106,0,0
BRDA:1232,106,1,0
BRDA:1241,107,0,0
BRDA:1241,107,1,0
BRDA:1241,108,0,0
BRDA:1241,108,1,0
BRDA:1250,109,0,0
BRDA:1250,109,1,0
BRDA:1261,110,0,0
BRDA:1261,110,1,0
BRDA:1279,111,0,0
BRDA:1279,111,1,0
BRDA:1279,112,0,0
BRDA:1279,112,1,0
BRDA:1289,113,0,0
BRDA:1289,113,1,0
BRDA:1289,114,0,0
BRDA:1289,114,1,0
BRDA:1295,115,0,0
BRDA:1295,115,1,0
BRDA:1297,116,0,0
BRDA:1297,116,1,0
BRDA:1297,116,2,0
BRDA:1297,116,3,0
BRDA:1297,116,4,0
BRDA:1297,116,5,0
BRDA:1297,116,6,0
BRDA:1297,116,7,0
BRDA:1297,116,8,0
BRDA:1349,117,0,0
BRDA:1349,117,1,0
BRDA:1364,118,0,0
BRDA:1364,118,1,0
BRDA:1406,119,0,0
BRDA:1406,119,1,0
BRDA:1413,120,0,0
BRDA:1413,120,1,0
BRDA:1422,121,0,0
BRDA:1422,121,1,0
BRDA:1422,122,0,0
BRDA:1422,122,1,0
BRDA:1424,123,0,0
BRDA:1424,123,1,0
BRDA:1431,124,0,0
BRDA:1431,124,1,0
BRDA:1437,125,0,0
BRDA:1437,125,1,0
BRDA:1440,126,0,0
BRDA:1440,126,1,0
BRDA:1445,127,0,0
BRDA:1445,127,1,0
BRDA:1452,128,0,0
BRDA:1452,128,1,0
BRDA:1457,129,0,0
BRDA:1457,129,1,0
BRDA:1468,130,0,0
BRDA:1468,130,1,0
BRDA:1471,131,0,0
BRDA:1471,131,1,0
BRDA:1475,132,0,0
BRDA:1475,132,1,0
BRDA:1477,133,0,0
BRDA:1477,133,1,0
BRDA:1484,134,0,0
BRDA:1484,134,1,0
BRDA:1489,135,0,0
BRDA:1489,135,1,0
BRDA:1504,136,0,0
BRDA:1504,136,1,0
BRDA:1506,137,0,0
BRDA:1506,137,1,0
BRDA:1513,138,0,0
BRDA:1513,138,1,0
BRDA:1518,139,0,0
BRDA:1518,139,1,0
BRDA:1540,140,0,0
BRDA:1540,140,1,0
BRDA:1553,141,0,0
BRDA:1553,141,1,0
BRDA:1560,142,0,0
BRDA:1634,143,0,0
BRDA:1634,143,1,0
BRDA:1639,144,0,0
BRDA:1639,144,1,0
BRDA:1658,145,0,0
BRDA:1658,145,1,0
BRDA:1658,146,0,0
BRDA:1658,146,1,0
BRDA:1666,147,0,0
BRDA:1666,147,1,0
BRDA:1687,148,0,0
BRDA:1687,148,1,0
BRDA:1690,149,0,0
BRDA:1690,149,1,0
BRDA:1695,150,0,0
BRDA:1695,150,1,0
BRDA:1697,151,0,0
BRDA:1697,151,1,0
BRDA:1697,152,0,0
BRDA:1697,152,1,0
BRDA:1706,153,0,0
BRDA:1706,153,1,0
BRDA:1710,154,0,0
BRDA:1710,154,1,0
BRDA:1716,155,0,0
BRDA:1716,155,1,0
BRDA:1722,156,0,0
BRDA:1722,156,1,0
BRDA:1731,157,0,0
BRDA:1731,157,1,0
BRDA:1732,158,0,0
BRDA:1732,158,1,0
BRDA:1733,159,0,0
BRDA:1733,159,1,0
BRDA:1737,160,0,0
BRDA:1737,160,1,0
BRDA:1738,161,0,0
BRDA:1738,161,1,0
BRDA:1739,162,0,0
BRDA:1739,162,1,0
BRDA:1749,163,0,0
BRDA:1749,163,1,0
BRDA:1758,164,0,0
BRDA:1758,164,1,0
BRDA:1787,165,0,0
BRDA:1787,165,1,0
BRDA:1788,166,0,0
BRDA:1788,166,1,0
BRDA:1798,167,0,0
BRDA:1798,167,1,0
BRDA:1800,168,0,0
BRDA:1800,168,1,0
BRDA:1808,169,0,0
BRDA:1808,169,1,0
BRDA:1814,170,0,0
BRDA:1814,170,1,0
BRDA:1815,171,0,0
BRDA:1815,171,1,0
BRDA:1816,172,0,0
BRDA:1816,172,1,0
BRDA:1820,173,0,0
BRDA:1820,173,1,0
BRDA:1821,174,0,0
BRDA:1821,174,1,0
BRDA:1822,175,0,0
BRDA:1822,175,1,0
BRDA:1831,176,0,0
BRDA:1831,176,1,0
BRDA:1846,177,0,0
BRDA:1846,177,1,0
BRDA:1852,178,0,0
BRDA:1852,178,1,0
BRDA:1855,179,0,0
BRDA:1855,179,1,0
BRDA:1862,180,0,0
BRDA:1862,180,1,0
BRDA:1864,181,0,0
BRDA:1864,181,1,0
BRDA:1866,182,0,0
BRDA:1866,182,1,0
BRDA:1866,183,0,0
BRDA:1866,183,1,0
BRDA:1871,184,0,0
BRDA:1871,184,1,0
BRDA:1871,185,0,0
BRDA:1871,185,1,0
BRDA:1875,186,0,0
BRDA:1875,186,1,0
BRDA:1878,187,0,0
BRDA:1878,187,1,0
BRDA:1881,188,0,0
BRDA:1881,188,1,0
BRDA:1883,189,0,0
BRDA:1883,189,1,0
BRDA:1883,190,0,0
BRDA:1883,190,1,0
BRDA:1897,191,0,0
BRDA:1897,191,1,0
BRDA:1900,192,0,0
BRDA:1900,192,1,0
BRDA:1900,193,0,0
BRDA:1900,193,1,0
BRDA:1910,194,0,0
BRDA:1910,194,1,0
BRDA:1913,195,0,0
BRDA:1913,195,1,0
BRDA:1916,196,0,0
BRDA:1916,196,1,0
BRDA:1916,197,0,0
BRDA:1916,197,1,0
BRDA:1925,198,0,0
BRDA:1925,198,1,0
BRDA:1925,199,0,0
BRDA:1925,199,1,0
BRDA:1925,199,2,0
BRDA:1928,200,0,0
BRDA:1928,200,1,0
BRDA:1941,201,0,0
BRDA:1941,201,1,0
BRDA:1941,202,0,0
BRDA:1941,202,1,0
BRDA:1949,203,0,0
BRDA:1949,203,1,0
BRDA:1956,204,0,0
BRDA:1956,204,1,0
BRDA:1957,205,0,0
BRDA:1957,205,1,0
BRDA:1963,206,0,0
BRDA:1963,206,1,0
BRDA:1963,207,0,0
BRDA:1963,207,1,0
BRDA:1965,208,0,0
BRDA:1965,208,1,0
BRDA:1967,209,0,0
BRDA:1967,209,1,0
BRDA:1976,210,0,0
BRDA:1976,210,1,0
BRDA:1979,211,0,0
BRDA:1979,211,1,0
BRDA:1986,212,0,0
BRDA:1986,212,1,0
BRDA:1992,213,0,0
BRDA:1992,213,1,0
BRDA:2001,214,0,0
BRDA:2001,214,1,0
BRDA:2006,215,0,0
BRDA:2006,215,1,0
BRDA:2008,216,0,0
BRDA:2008,216,1,0
BRDA:2014,217,0,0
BRDA:2014,217,1,0
BRDA:2024,218,0,0
BRDA:2024,218,1,0
BRDA:2033,219,0,0
BRDA:2033,219,1,0
BRDA:2036,220,0,0
BRDA:2036,220,1,0
BRF:451
BRH:0
end_of_record
TN:
SF:src/js/SocketManager.js
FN:5,(anonymous_0)
FN:52,(anonymous_1)
FN:60,(anonymous_2)
FN:64,(anonymous_3)
FN:81,(anonymous_4)
FN:85,(anonymous_5)
FN:94,(anonymous_6)
FN:99,(anonymous_7)
FN:105,(anonymous_8)
FN:117,(anonymous_9)
FN:125,(anonymous_10)
FN:137,(anonymous_11)
FN:150,(anonymous_12)
FN:156,(anonymous_13)
FN:161,(anonymous_14)
FN:166,(anonymous_15)
FN:171,(anonymous_16)
FN:176,(anonymous_17)
FN:180,(anonymous_18)
FN:186,(anonymous_19)
FN:193,(anonymous_20)
FN:198,(anonymous_21)
FN:210,(anonymous_22)
FN:218,(anonymous_23)
FN:234,(anonymous_24)
FN:240,(anonymous_25)
FN:245,(anonymous_26)
FN:270,(anonymous_27)
FN:315,(anonymous_28)
FN:338,(anonymous_29)
FN:348,(anonymous_30)
FN:380,(anonymous_31)
FN:441,(anonymous_32)
FN:514,(anonymous_33)
FN:519,(anonymous_34)
FN:520,(anonymous_35)
FN:555,(anonymous_36)
FN:560,(anonymous_37)
FN:570,(anonymous_38)
FN:575,(anonymous_39)
FN:580,(anonymous_40)
FN:585,(anonymous_41)
FN:591,(anonymous_42)
FN:598,(anonymous_43)
FN:605,(anonymous_44)
FN:611,(anonymous_45)
FN:622,(anonymous_46)
FNF:47
FNH:0
FNDA:0,(anonymous_0)
FNDA:0,(anonymous_1)
FNDA:0,(anonymous_2)
FNDA:0,(anonymous_3)
FNDA:0,(anonymous_4)
FNDA:0,(anonymous_5)
FNDA:0,(anonymous_6)
FNDA:0,(anonymous_7)
FNDA:0,(anonymous_8)
FNDA:0,(anonymous_9)
FNDA:0,(anonymous_10)
FNDA:0,(anonymous_11)
FNDA:0,(anonymous_12)
FNDA:0,(anonymous_13)
FNDA:0,(anonymous_14)
FNDA:0,(anonymous_15)
FNDA:0,(anonymous_16)
FNDA:0,(anonymous_17)
FNDA:0,(anonymous_18)
FNDA:0,(anonymous_19)
FNDA:0,(anonymous_20)
FNDA:0,(anonymous_21)
FNDA:0,(anonymous_22)
FNDA:0,(anonymous_23)
FNDA:0,(anonymous_24)
FNDA:0,(anonymous_25)
FNDA:0,(anonymous_26)
FNDA:0,(anonymous_27)
FNDA:0,(anonymous_28)
FNDA:0,(anonymous_29)
FNDA:0,(anonymous_30)
FNDA:0,(anonymous_31)
FNDA:0,(anonymous_32)
FNDA:0,(anonymous_33)
FNDA:0,(anonymous_34)
FNDA:0,(anonymous_35)
FNDA:0,(anonymous_36)
FNDA:0,(anonymous_37)
FNDA:0,(anonymous_38)
FNDA:0,(anonymous_39)
FNDA:0,(anonymous_40)
FNDA:0,(anonymous_41)
FNDA:0,(anonymous_42)
FNDA:0,(anonymous_43)
FNDA:0,(anonymous_44)
FNDA:0,(anonymous_45)
FNDA:0,(anonymous_46)
DA:6,0
DA:7,0
DA:10,0
DA:11,0
DA:12,0
DA:13,0
DA:16,0
DA:17,0
DA:18,0
DA:19,0
DA:22,0
DA:23,0
DA:26,0
DA:27,0
DA:30,0
DA:31,0
DA:32,0
DA:33,0
DA:34,0
DA:37,0
DA:38,0
DA:41,0
DA:42,0
DA:43,0
DA:46,0
DA:47,0
DA:49,0
DA:54,0
DA:57,0
DA:62,0
DA:64,0
DA:65,0
DA:67,0
DA:68,0
DA:76,0
DA:77,0
DA:81,0
DA:82,0
DA:85,0
DA:86,0
DA:87,0
DA:88,0
DA:94,0
DA:95,0
DA:98,0
DA:99,0
DA:100,0
DA:105,0
DA:106,0
DA:107,0
DA:108,0
DA:110,0
DA:117,0
DA:118,0
DA:119,0
DA:120,0
DA:125,0
DA:126,0
DA:127,0
DA:128,0
DA:129,0
DA:131,0
DA:137,0
DA:139,0
DA:140,0
DA:141,0
DA:142,0
DA:144,0
DA:150,0
DA:151,0
DA:152,0
DA:156,0
DA:157,0
DA:161,0
DA:162,0
DA:166,0
DA:167,0
DA:171,0
DA:172,0
DA:176,0
DA:177,0
DA:180,0
DA:181,0
DA:186,0
DA:187,0
DA:188,0
DA:193,0
DA:194,0
DA:198,0
DA:199,0
DA:202,0
DA:203,0
DA:206,0
DA:210,0
DA:211,0
DA:214,0
DA:218,0
DA:220,0
DA:223,0
DA:226,0
DA:227,0
DA:234,0
DA:235,0
DA:236,0
DA:242,0
DA:243,0
DA:245,0
DA:246,0
DA:248,0
DA:249,0
DA:250,0
DA:251,0
DA:252,0
DA:254,0
DA:259,0
DA:261,0
DA:263,0
DA:267,0
DA:271,0
DA:273,0
DA:274,0
DA:275,0
DA:278,0
DA:281,0
DA:284,0
DA:287,0
DA:290,0
DA:291,0
DA:297,0
DA:305,0
DA:308,0
DA:309,0
DA:312,0
DA:317,0
DA:335,0
DA:340,0
DA:343,0
DA:344,0
DA:347,0
DA:348,0
DA:351,0
DA:354,0
DA:361,0
DA:362,0
DA:365,0
DA:372,0
DA:373,0
DA:374,0
DA:381,0
DA:384,0
DA:402,0
DA:403,0
DA:408,0
DA:411,0
DA:412,0
DA:417,0
DA:420,0
DA:421,0
DA:424,0
DA:425,0
DA:433,0
DA:436,0
DA:438,0
DA:442,0
DA:443,0
DA:446,0
DA:447,0
DA:448,0
DA:451,0
DA:453,0
DA:454,0
DA:457,0
DA:458,0
DA:462,0
DA:463,0
DA:466,0
DA:467,0
DA:474,0
DA:475,0
DA:483,0
DA:484,0
DA:486,0
DA:487,0
DA:488,0
DA:492,0
DA:493,0
DA:497,0
DA:498,0
DA:507,0
DA:508,0
DA:511,0
DA:516,0
DA:520,0
DA:521,0
DA:525,0
DA:526,0
DA:529,0
DA:532,0
DA:538,0
DA:541,0
DA:544,0
DA:547,0
DA:548,0
DA:549,0
DA:550,0
DA:556,0
DA:557,0
DA:561,0
DA:564,0
DA:567,0
DA:572,0
DA:577,0
DA:582,0
DA:587,0
DA:592,0
DA:593,0
DA:599,0
DA:600,0
DA:606,0
DA:607,0
DA:612,0
DA:615,0
DA:616,0
DA:619,0
DA:623,0
DA:626,0
DA:629,0
LF:227
LH:0
BRDA:6,0,0,0
BRDA:6,0,1,0
BRDA:67,1,0,0
BRDA:67,1,1,0
BRDA:86,2,0,0
BRDA:86,2,1,0
BRDA:99,3,0,0
BRDA:99,3,1,0
BRDA:106,4,0,0
BRDA:106,4,1,0
BRDA:107,5,0,0
BRDA:107,5,1,0
BRDA:119,6,0,0
BRDA:119,6,1,0
BRDA:119,7,0,0
BRDA:119,7,1,0
BRDA:126,8,0,0
BRDA:126,8,1,0
BRDA:128,9,0,0
BRDA:128,9,1,0
BRDA:139,10,0,0
BRDA:139,10,1,0
BRDA:141,11,0,0
BRDA:141,11,1,0
BRDA:187,12,0,0
BRDA:187,12,1,0
BRDA:199,13,0,0
BRDA:199,13,1,0
BRDA:203,14,0,0
BRDA:203,14,1,0
BRDA:211,15,0,0
BRDA:211,15,1,0
BRDA:226,16,0,0
BRDA:226,16,1,0
BRDA:250,17,0,0
BRDA:250,17,1,0
BRDA:251,18,0,0
BRDA:251,18,1,0
BRDA:261,19,0,0
BRDA:261,19,1,0
BRDA:271,20,0,0
BRDA:271,20,1,0
BRDA:271,21,0,0
BRDA:271,21,1,0
BRDA:275,22,0,0
BRDA:275,22,1,0
BRDA:278,23,0,0
BRDA:278,23,1,0
BRDA:290,24,0,0
BRDA:290,24,1,0
BRDA:308,25,0,0
BRDA:308,25,1,0
BRDA:324,26,0,0
BRDA:324,26,1,0
BRDA:325,27,0,0
BRDA:325,27,1,0
BRDA:325,27,2,0
BRDA:326,28,0,0
BRDA:326,28,1,0
BRDA:327,29,0,0
BRDA:327,29,1,0
BRDA:327,29,2,0
BRDA:328,30,0,0
BRDA:328,30,1,0
BRDA:329,31,0,0
BRDA:329,31,1,0
BRDA:329,31,2,0
BRDA:330,32,0,0
BRDA:330,32,1,0
BRDA:331,33,0,0
BRDA:331,33,1,0
BRDA:331,33,2,0
BRDA:340,34,0,0
BRDA:340,34,1,0
BRDA:344,35,0,0
BRDA:344,35,1,0
BRDA:351,36,0,0
BRDA:351,36,1,0
BRDA:361,37,0,0
BRDA:361,37,1,0
BRDA:373,38,0,0
BRDA:373,38,1,0
BRDA:386,39,0,0
BRDA:386,39,1,0
BRDA:394,40,0,0
BRDA:394,40,1,0
BRDA:395,41,0,0
BRDA:395,41,1,0
BRDA:402,42,0,0
BRDA:402,42,1,0
BRDA:402,43,0,0
BRDA:402,43,1,0
BRDA:404,44,0,0
BRDA:404,44,1,0
BRDA:405,45,0,0
BRDA:405,45,1,0
BRDA:406,46,0,0
BRDA:406,46,1,0
BRDA:411,47,0,0
BRDA:411,47,1,0
BRDA:411,48,0,0
BRDA:411,48,1,0
BRDA:413,49,0,0
BRDA:413,49,1,0
BRDA:414,50,0,0
BRDA:414,50,1,0
BRDA:415,51,0,0
BRDA:415,51,1,0
BRDA:420,52,0,0
BRDA:420,52,1,0
BRDA:420,53,0,0
BRDA:420,53,1,0
BRDA:424,54,0,0
BRDA:424,54,1,0
BRDA:424,55,0,0
BRDA:424,55,1,0
BRDA:426,56,0,0
BRDA:426,56,1,0
BRDA:427,57,0,0
BRDA:427,57,1,0
BRDA:428,58,0,0
BRDA:428,58,1,0
BRDA:443,59,0,0
BRDA:443,59,1,0
BRDA:446,60,0,0
BRDA:446,60,1,0
BRDA:446,60,2,0
BRDA:447,61,0,0
BRDA:447,61,1,0
BRDA:447,61,2,0
BRDA:451,62,0,0
BRDA:451,62,1,0
BRDA:453,63,0,0
BRDA:453,63,1,0
BRDA:457,64,0,0
BRDA:457,64,1,0
BRDA:466,65,0,0
BRDA:466,65,1,0
BRDA:468,66,0,0
BRDA:468,66,1,0
BRDA:469,67,0,0
BRDA:469,67,1,0
BRDA:470,68,0,0
BRDA:470,68,1,0
BRDA:474,69,0,0
BRDA:474,69,1,0
BRDA:476,70,0,0
BRDA:476,70,1,0
BRDA:477,71,0,0
BRDA:477,71,1,0
BRDA:478,72,0,0
BRDA:478,72,1,0
BRDA:486,73,0,0
BRDA:486,73,1,0
BRDA:492,74,0,0
BRDA:492,74,1,0
BRDA:497,75,0,0
BRDA:497,75,1,0
BRDA:499,76,0,0
BRDA:499,76,1,0
BRDA:500,77,0,0
BRDA:500,77,1,0
BRDA:501,78,0,0
BRDA:501,78,1,0
BRDA:507,79,0,0
BRDA:507,79,1,0
BRDA:507,80,0,0
BRDA:507,80,1,0
BRDA:548,81,0,0
BRDA:548,81,1,0
BRDA:557,82,0,0
BRDA:557,82,1,0
BRDA:592,83,0,0
BRDA:592,83,1,0
BRDA:592,84,0,0
BRDA:592,84,1,0
BRDA:599,85,0,0
BRDA:599,85,1,0
BRDA:599,86,0,0
BRDA:599,86,1,0
BRDA:606,87,0,0
BRDA:606,87,1,0
BRDA:606,88,0,0
BRDA:606,88,1,0
BRDA:612,89,0,0
BRDA:612,89,1,0
BRDA:623,90,0,0
BRDA:623,90,1,0
BRF:188
BRH:0
end_of_record
TN:
SF:src/js/components/Buoy.js
FN:4,(anonymous_0)
FN:27,(anonymous_1)
FN:79,(anonymous_2)
FNF:3
FNH:0
FNDA:0,(anonymous_0)
FNDA:0,(anonymous_1)
FNDA:0,(anonymous_2)
DA:6,0
DA:7,0
DA:8,0
DA:9,0
DA:12,0
DA:13,0
DA:17,0
DA:18,0
DA:19,0
DA:20,0
DA:21,0
DA:24,0
DA:30,0
DA:31,0
DA:32,0
DA:33,0
DA:36,0
DA:40,0
DA:41,0
DA:42,0
DA:43,0
DA:44,0
DA:47,0
DA:48,0
DA:49,0
DA:50,0
DA:51,0
DA:54,0
DA:55,0
DA:56,0
DA:57,0
DA:58,0
DA:61,0
DA:62,0
DA:68,0
DA:69,0
DA:70,0
DA:73,0
DA:74,0
DA:75,0
DA:76,0
DA:81,0
DA:82,0
DA:86,0
DA:89,0
DA:90,0
DA:91,0
DA:92,0
DA:100,0
DA:101,0
LF:50
LH:0
BRDA:4,0,0,0
BRDA:6,1,0,0
BRDA:6,1,1,0
BRDA:7,2,0,0
BRDA:7,2,1,0
BRDA:12,3,0,0
BRDA:12,3,1,0
BRDA:30,4,0,0
BRDA:30,4,1,0
BRDA:32,5,0,0
BRDA:32,5,1,0
BRDA:81,6,0,0
BRDA:81,6,1,0
BRDA:89,7,0,0
BRDA:89,7,1,0
BRDA:100,8,0,0
BRDA:100,8,1,0
BRF:17
BRH:0
end_of_record
TN:
SF:src/js/components/Character.js
FN:4,(anonymous_0)
FN:15,(anonymous_1)
FN:22,(anonymous_2)
FN:76,(anonymous_3)
FN:84,(anonymous_4)
FN:134,(anonymous_5)
FN:139,(anonymous_6)
FN:156,(anonymous_7)
FN:165,(anonymous_8)
FNF:9
FNH:0
FNDA:0,(anonymous_0)
FNDA:0,(anonymous_1)
FNDA:0,(anonymous_2)
FNDA:0,(anonymous_3)
FNDA:0,(anonymous_4)
FNDA:0,(anonymous_5)
FNDA:0,(anonymous_6)
FNDA:0,(anonymous_7)
FNDA:0,(anonymous_8)
DA:6,0
DA:7,0
DA:8,0
DA:11,0
DA:12,0
DA:17,0
DA:19,0
DA:24,0
DA:25,0
DA:26,0
DA:27,0
DA:28,0
DA:31,0
DA:32,0
DA:33,0
DA:34,0
DA:35,0
DA:38,0
DA:39,0
DA:42,0
DA:43,0
DA:45,0
DA:46,0
DA:47,0
DA:49,0
DA:50,0
DA:51,0
DA:54,0
DA:55,0
DA:56,0
DA:57,0
DA:58,0
DA:59,0
DA:62,0
DA:63,0
DA:64,0
DA:65,0
DA:66,0
DA:69,0
DA:70,0
DA:71,0
DA:72,0
DA:73,0
DA:76,0
DA:77,0
DA:78,0
DA:79,0
DA:86,0
DA:89,0
DA:90,0
DA:91,0
DA:92,0
DA:93,0
DA:96,0
DA:97,0
DA:98,0
DA:100,0
DA:101,0
DA:102,0
DA:105,0
DA:112,0
DA:113,0
DA:114,0
DA:115,0
DA:116,0
DA:119,0
DA:120,0
DA:121,0
DA:124,0
DA:125,0
DA:128,0
DA:129,0
DA:134,0
DA:141,0
DA:144,0
DA:145,0
DA:146,0
DA:147,0
DA:151,0
DA:152,0
DA:158,0
DA:161,0
DA:162,0
DA:165,0
DA:167,0
DA:168,0
DA:171,0
DA:174,0
DA:175,0
DA:178,0
DA:181,0
DA:182,0
DA:183,0
DA:186,0
DA:187,0
DA:190,0
DA:193,0
DA:196,0
DA:197,0
DA:198,0
DA:200,0
DA:201,0
DA:202,0
LF:103
LH:0
BRDA:77,0,0,0
BRDA:77,0,1,0
BRDA:119,1,0,0
BRDA:119,1,1,0
BRDA:144,2,0,0
BRDA:144,2,1,0
BRDA:144,3,0,0
BRDA:144,3,1,0
BRDA:151,4,0,0
BRDA:151,4,1,0
BRDA:158,5,0,0
BRDA:158,5,1,0
BRDA:200,6,0,0
BRDA:200,6,1,0
BRF:14
BRH:0
end_of_record
TN:
SF:src/js/components/Collectible.js
FN:4,(anonymous_0)
FN:15,(anonymous_1)
FN:53,(anonymous_2)
FN:92,(anonymous_3)
FN:108,(anonymous_4)
FN:135,(anonymous_5)
FN:150,(anonymous_6)
FN:166,(anonymous_7)
FN:198,(anonymous_8)
FNF:9
FNH:0
FNDA:0,(anonymous_0)
FNDA:0,(anonymous_1)
FNDA:0,(anonymous_2)
FNDA:0,(anonymous_3)
FNDA:0,(anonymous_4)
FNDA:0,(anonymous_5)
FNDA:0,(anonymous_6)
FNDA:0,(anonymous_7)
FNDA:0,(anonymous_8)
DA:5,0
DA:6,0
DA:7,0
DA:8,0
DA:9,0
DA:10,0
DA:12,0
DA:17,0
DA:19,0
DA:20,0
DA:22,0
DA:23,0
DA:25,0
DA:26,0
DA:28,0
DA:29,0
DA:31,0
DA:32,0
DA:34,0
DA:35,0
DA:37,0
DA:38,0
DA:40,0
DA:41,0
DA:43,0
DA:47,0
DA:50,0
DA:55,0
DA:56,0
DA:62,0
DA:65,0
DA:66,0
DA:72,0
DA:73,0
DA:74,0
DA:77,0
DA:78,0
DA:84,0
DA:85,0
DA:86,0
DA:88,0
DA:89,0
DA:94,0
DA:95,0
DA:103,0
DA:104,0
DA:105,0
DA:110,0
DA:111,0
DA:117,0
DA:120,0
DA:121,0
DA:127,0
DA:128,0
DA:129,0
DA:131,0
DA:132,0
DA:137,0
DA:138,0
DA:144,0
DA:145,0
DA:146,0
DA:147,0
DA:152,0
DA:153,0
DA:161,0
DA:162,0
DA:163,0
DA:168,0
DA:169,0
DA:177,0
DA:180,0
DA:181,0
DA:187,0
DA:188,0
DA:191,0
DA:192,0
DA:195,0
DA:199,0
DA:202,0
DA:205,0
LF:81
LH:0
BRDA:4,0,0,0
BRDA:5,1,0,0
BRDA:5,1,1,0
BRDA:6,2,0,0
BRDA:6,2,1,0
BRDA:7,3,0,0
BRDA:7,3,1,0
BRDA:8,4,0,0
BRDA:8,4,1,0
BRDA:9,5,0,0
BRDA:9,5,1,0
BRDA:17,6,0,0
BRDA:17,6,1,0
BRDA:17,6,2,0
BRDA:17,6,3,0
BRDA:17,6,4,0
BRDA:17,6,5,0
BRDA:17,6,6,0
BRDA:17,6,7,0
BRDA:17,6,8,0
BRDA:199,7,0,0
BRDA:199,7,1,0
BRF:22
BRH:0
end_of_record
TN:
SF:src/js/components/Explorer.js
FN:4,(anonymous_0)
FN:24,(anonymous_1)
FN:70,(anonymous_2)
FN:104,(anonymous_3)
FN:134,(anonymous_4)
FN:192,(anonymous_5)
FN:228,(anonymous_6)
FN:243,(anonymous_7)
FN:258,(anonymous_8)
FN:276,(anonymous_9)
FNF:10
FNH:0
FNDA:0,(anonymous_0)
FNDA:0,(anonymous_1)
FNDA:0,(anonymous_2)
FNDA:0,(anonymous_3)
FNDA:0,(anonymous_4)
FNDA:0,(anonymous_5)
FNDA:0,(anonymous_6)
FNDA:0,(anonymous_7)
FNDA:0,(anonymous_8)
FNDA:0,(anonymous_9)
DA:5,0
DA:6,0
DA:7,0
DA:8,0
DA:9,0
DA:10,0
DA:11,0
DA:12,0
DA:13,0
DA:14,0
DA:17,0
DA:18,0
DA:21,0
DA:27,0
DA:28,0
DA:34,0
DA:35,0
DA:36,0
DA:37,0
DA:40,0
DA:41,0
DA:47,0
DA:48,0
DA:49,0
DA:50,0
DA:53,0
DA:54,0
DA:60,0
DA:61,0
DA:62,0
DA:63,0
DA:66,0
DA:71,0
DA:76,0
DA:80,0
DA:81,0
DA:83,0
DA:84,0
DA:85,0
DA:86,0
DA:89,0
DA:90,0
DA:91,0
DA:94,0
DA:95,0
DA:98,0
DA:99,0
DA:105,0
DA:108,0
DA:109,0
DA:112,0
DA:113,0
DA:114,0
DA:118,0
DA:119,0
DA:120,0
DA:124,0
DA:125,0
DA:131,0
DA:135,0
DA:138,0
DA:139,0
DA:140,0
DA:143,0
DA:144,0
DA:147,0
DA:148,0
DA:151,0
DA:152,0
DA:153,0
DA:154,0
DA:155,0
DA:156,0
DA:160,0
DA:161,0
DA:162,0
DA:163,0
DA:164,0
DA:165,0
DA:169,0
DA:170,0
DA:171,0
DA:172,0
DA:173,0
DA:174,0
DA:178,0
DA:181,0
DA:184,0
DA:187,0
DA:188,0
DA:193,0
DA:195,0
DA:196,0
DA:199,0
DA:201,0
DA:203,0
DA:205,0
DA:211,0
DA:212,0
DA:215,0
DA:218,0
DA:219,0
DA:229,0
DA:231,0
DA:234,0
DA:235,0
DA:236,0
DA:237,0
DA:238,0
DA:244,0
DA:247,0
DA:248,0
DA:249,0
DA:253,0
DA:254,0
DA:259,0
DA:261,0
DA:277,0
DA:280,0
DA:281,0
DA:282,0
DA:283,0
DA:286,0
DA:287,0
DA:289,0
DA:292,0
DA:293,0
DA:297,0
DA:298,0
DA:299,0
LF:130
LH:0
BRDA:90,0,0,0
BRDA:90,0,1,0
BRDA:98,1,0,0
BRDA:98,1,1,0
BRDA:105,2,0,0
BRDA:105,2,1,0
BRDA:105,3,0,0
BRDA:105,3,1,0
BRDA:113,4,0,0
BRDA:113,4,1,0
BRDA:118,5,0,0
BRDA:118,5,1,0
BRDA:124,6,0,0
BRDA:124,6,1,0
BRDA:135,7,0,0
BRDA:135,7,1,0
BRDA:151,8,0,0
BRDA:151,8,1,0
BRDA:151,9,0,0
BRDA:151,9,1,0
BRDA:154,10,0,0
BRDA:154,10,1,0
BRDA:154,11,0,0
BRDA:154,11,1,0
BRDA:160,12,0,0
BRDA:160,12,1,0
BRDA:163,13,0,0
BRDA:163,13,1,0
BRDA:169,14,0,0
BRDA:169,14,1,0
BRDA:169,15,0,0
BRDA:169,15,1,0
BRDA:172,16,0,0
BRDA:172,16,1,0
BRDA:172,17,0,0
BRDA:172,17,1,0
BRDA:187,18,0,0
BRDA:187,18,1,0
BRDA:187,19,0,0
BRDA:187,19,1,0
BRDA:193,20,0,0
BRDA:193,20,1,0
BRDA:199,21,0,0
BRDA:199,21,1,0
BRDA:203,22,0,0
BRDA:203,22,1,0
BRDA:218,23,0,0
BRDA:218,23,1,0
BRDA:229,24,0,0
BRDA:229,24,1,0
BRDA:234,25,0,0
BRDA:234,25,1,0
BRDA:234,26,0,0
BRDA:234,26,1,0
BRDA:237,27,0,0
BRDA:237,27,1,0
BRDA:244,28,0,0
BRDA:244,28,1,0
BRDA:247,29,0,0
BRDA:247,29,1,0
BRDA:254,30,0,0
BRDA:254,30,1,0
BRDA:259,31,0,0
BRDA:259,31,1,0
BRDA:271,32,0,0
BRDA:271,32,1,0
BRDA:277,33,0,0
BRDA:277,33,1,0
BRDA:287,34,0,0
BRDA:287,34,1,0
BRDA:297,35,0,0
BRDA:297,35,1,0
BRF:72
BRH:0
end_of_record
TN:
SF:src/js/components/HUD.js
FN:2,(anonymous_0)
FN:12,(anonymous_1)
FN:57,(anonymous_2)
FN:102,(anonymous_3)
FN:112,(anonymous_4)
FN:116,(anonymous_5)
FN:126,(anonymous_6)
FN:128,(anonymous_7)
FN:225,(anonymous_8)
FN:230,(anonymous_9)
FN:247,(anonymous_10)
FN:276,(anonymous_11)
FN:304,(anonymous_12)
FN:344,(anonymous_13)
FN:377,(anonymous_14)
FNF:15
FNH:0
FNDA:0,(anonymous_0)
FNDA:0,(anonymous_1)
FNDA:0,(anonymous_2)
FNDA:0,(anonymous_3)
FNDA:0,(anonymous_4)
FNDA:0,(anonymous_5)
FNDA:0,(anonymous_6)
FNDA:0,(anonymous_7)
FNDA:0,(anonymous_8)
FNDA:0,(anonymous_9)
FNDA:0,(anonymous_10)
FNDA:0,(anonymous_11)
FNDA:0,(anonymous_12)
FNDA:0,(anonymous_13)
FNDA:0,(anonymous_14)
DA:3,0
DA:6,0
DA:9,0
DA:14,0
DA:17,0
DA:18,0
DA:19,0
DA:20,0
DA:21,0
DA:22,0
DA:23,0
DA:26,0
DA:29,0
DA:30,0
DA:33,0
DA:36,0
DA:37,0
DA:40,0
DA:41,0
DA:44,0
DA:45,0
DA:48,0
DA:49,0
DA:52,0
DA:53,0
DA:59,0
DA:60,0
DA:64,0
DA:65,0
DA:67,0
DA:68,0
DA:71,0
DA:72,0
DA:73,0
DA:74,0
DA:76,0
DA:80,0
DA:81,0
DA:86,0
DA:87,0
DA:91,0
DA:92,0
DA:96,0
DA:99,0
DA:104,0
DA:105,0
DA:106,0
DA:109,0
DA:112,0
DA:113,0
DA:116,0
DA:117,0
DA:118,0
DA:123,0
DA:128,0
DA:130,0
DA:132,0
DA:133,0
DA:136,0
DA:137,0
DA:138,0
DA:139,0
DA:143,0
DA:147,0
DA:155,0
DA:156,0
DA:159,0
DA:160,0
DA:163,0
DA:164,0
DA:166,0
DA:168,0
DA:169,0
DA:170,0
DA:172,0
DA:173,0
DA:174,0
DA:176,0
DA:177,0
DA:178,0
DA:180,0
DA:181,0
DA:182,0
DA:184,0
DA:185,0
DA:186,0
DA:189,0
DA:192,0
DA:193,0
DA:196,0
DA:197,0
DA:198,0
DA:201,0
DA:202,0
DA:203,0
DA:206,0
DA:207,0
DA:209,0
DA:210,0
DA:213,0
DA:216,0
DA:219,0
DA:222,0
DA:226,0
DA:227,0
DA:230,0
DA:231,0
DA:232,0
DA:234,0
DA:236,0
DA:239,0
DA:240,0
DA:241,0
DA:247,0
DA:249,0
DA:250,0
DA:254,0
DA:255,0
DA:256,0
DA:260,0
DA:263,0
DA:264,0
DA:265,0
DA:266,0
DA:267,0
DA:268,0
DA:269,0
DA:272,0
DA:278,0
DA:279,0
DA:282,0
DA:285,0
DA:286,0
DA:289,0
DA:290,0
DA:293,0
DA:294,0
DA:297,0
DA:299,0
DA:300,0
DA:303,0
DA:304,0
DA:305,0
DA:306,0
DA:309,0
DA:312,0
DA:313,0
DA:314,0
DA:318,0
DA:319,0
DA:320,0
DA:323,0
DA:324,0
DA:325,0
DA:326,0
DA:329,0
DA:330,0
DA:333,0
DA:334,0
DA:337,0
DA:338,0
DA:343,0
DA:344,0
DA:345,0
DA:348,0
DA:351,0
DA:352,0
DA:353,0
DA:357,0
DA:358,0
DA:359,0
DA:362,0
DA:363,0
DA:364,0
DA:365,0
DA:368,0
DA:369,0
DA:370,0
DA:372,0
DA:378,0
LF:180
LH:0
BRDA:36,0,0,0
BRDA:36,0,1,0
BRDA:40,1,0,0
BRDA:40,1,1,0
BRDA:44,2,0,0
BRDA:44,2,1,0
BRDA:48,3,0,0
BRDA:48,3,1,0
BRDA:52,4,0,0
BRDA:52,4,1,0
BRDA:57,5,0,0
BRDA:59,6,0,0
BRDA:59,6,1,0
BRDA:59,7,0,0
BRDA:59,7,1,0
BRDA:64,8,0,0
BRDA:64,8,1,0
BRDA:64,9,0,0
BRDA:64,9,1,0
BRDA:67,10,0,0
BRDA:67,10,1,0
BRDA:71,11,0,0
BRDA:71,11,1,0
BRDA:73,12,0,0
BRDA:73,12,1,0
BRDA:80,13,0,0
BRDA:80,13,1,0
BRDA:86,14,0,0
BRDA:86,14,1,0
BRDA:86,15,0,0
BRDA:86,15,1,0
BRDA:91,16,0,0
BRDA:91,16,1,0
BRDA:91,17,0,0
BRDA:91,17,1,0
BRDA:102,18,0,0
BRDA:117,19,0,0
BRDA:117,19,1,0
BRDA:130,20,0,0
BRDA:130,20,1,0
BRDA:136,21,0,0
BRDA:136,21,1,0
BRDA:138,22,0,0
BRDA:138,22,1,0
BRDA:166,23,0,0
BRDA:166,23,1,0
BRDA:166,23,2,0
BRDA:166,23,3,0
BRDA:166,23,4,0
BRDA:234,24,0,0
BRDA:234,24,1,0
BRDA:240,25,0,0
BRDA:240,25,1,0
BRDA:249,26,0,0
BRDA:249,26,1,0
BRDA:249,27,0,0
BRDA:249,27,1,0
BRDA:255,28,0,0
BRDA:255,28,1,0
BRDA:264,29,0,0
BRDA:264,29,1,0
BRDA:264,29,2,0
BRDA:264,29,3,0
BRDA:264,29,4,0
BRDA:303,30,0,0
BRDA:303,30,1,0
BRDA:303,31,0,0
BRDA:303,31,1,0
BRDA:305,32,0,0
BRDA:305,32,1,0
BRDA:306,33,0,0
BRDA:306,33,1,0
BRDA:313,34,0,0
BRDA:313,34,1,0
BRDA:313,35,0,0
BRDA:313,35,1,0
BRDA:333,36,0,0
BRDA:333,36,1,0
BRDA:343,37,0,0
BRDA:343,37,1,0
BRDA:352,38,0,0
BRDA:352,38,1,0
BRDA:352,39,0,0
BRDA:352,39,1,0
BRF:84
BRH:0
end_of_record
TN:
SF:src/js/components/Island.js
FN:5,(anonymous_0)
FN:41,(anonymous_1)
FN:157,(anonymous_2)
FN:244,(anonymous_3)
FN:311,(anonymous_4)
FN:351,(anonymous_5)
FN:363,(anonymous_6)
FN:378,(anonymous_7)
FN:382,(anonymous_8)
FN:386,(anonymous_9)
FN:395,(anonymous_10)
FN:399,(anonymous_11)
FN:403,(anonymous_12)
FN:413,(anonymous_13)
FN:424,(anonymous_14)
FNF:15
FNH:0
FNDA:0,(anonymous_0)
FNDA:0,(anonymous_1)
FNDA:0,(anonymous_2)
FNDA:0,(anonymous_3)
FNDA:0,(anonymous_4)
FNDA:0,(anonymous_5)
FNDA:0,(anonymous_6)
FNDA:0,(anonymous_7)
FNDA:0,(anonymous_8)
FNDA:0,(anonymous_9)
FNDA:0,(anonymous_10)
FNDA:0,(anonymous_11)
FNDA:0,(anonymous_12)
FNDA:0,(anonymous_13)
FNDA:0,(anonymous_14)
DA:7,0
DA:8,0
DA:9,0
DA:10,0
DA:11,0
DA:12,0
DA:13,0
DA:14,0
DA:15,0
DA:16,0
DA:17,0
DA:18,0
DA:19,0
DA:22,0
DA:23,0
DA:24,0
DA:25,0
DA:28,0
DA:31,0
DA:32,0
DA:36,0
DA:37,0
DA:43,0
DA:46,0
DA:49,0
DA:52,0
DA:54,0
DA:56,0
DA:57,0
DA:58,0
DA:61,0
DA:64,0
DA:65,0
DA:66,0
DA:71,0
DA:74,0
DA:80,0
DA:87,0
DA:88,0
DA:89,0
DA:90,0
DA:93,0
DA:94,0
DA:97,0
DA:98,0
DA:101,0
DA:102,0
DA:104,0
DA:107,0
DA:110,0
DA:118,0
DA:119,0
DA:120,0
DA:123,0
DA:124,0
DA:127,0
DA:128,0
DA:131,0
DA:132,0
DA:134,0
DA:137,0
DA:139,0
DA:145,0
DA:146,0
DA:147,0
DA:149,0
DA:152,0
DA:153,0
DA:159,0
DA:162,0
DA:163,0
DA:166,0
DA:172,0
DA:179,0
DA:181,0
DA:182,0
DA:183,0
DA:184,0
DA:187,0
DA:190,0
DA:191,0
DA:192,0
DA:193,0
DA:196,0
DA:197,0
DA:198,0
DA:199,0
DA:202,0
DA:205,0
DA:209,0
DA:210,0
DA:211,0
DA:217,0
DA:219,0
DA:220,0
DA:221,0
DA:222,0
DA:225,0
DA:226,0
DA:227,0
DA:232,0
DA:237,0
DA:240,0
DA:246,0
DA:247,0
DA:248,0
DA:251,0
DA:252,0
DA:259,0
DA:260,0
DA:261,0
DA:264,0
DA:265,0
DA:266,0
DA:267,0
DA:270,0
DA:273,0
DA:276,0
DA:282,0
DA:285,0
DA:286,0
DA:293,0
DA:294,0
DA:297,0
DA:298,0
DA:300,0
DA:306,0
DA:307,0
DA:312,0
DA:315,0
DA:316,0
DA:321,0
DA:322,0
DA:323,0
DA:326,0
DA:329,0
DA:336,0
DA:339,0
DA:340,0
DA:343,0
DA:345,0
DA:348,0
DA:352,0
DA:355,0
DA:360,0
DA:365,0
DA:366,0
DA:367,0
DA:370,0
DA:371,0
DA:375,0
DA:383,0
DA:387,0
DA:388,0
DA:390,0
DA:391,0
DA:396,0
DA:400,0
DA:405,0
DA:406,0
DA:407,0
DA:410,0
DA:414,0
DA:417,0
DA:418,0
DA:419,0
DA:421,0
DA:425,0
LF:168
LH:0
BRDA:5,0,0,0
BRDA:7,1,0,0
BRDA:7,1,1,0
BRDA:8,2,0,0
BRDA:8,2,1,0
BRDA:9,3,0,0
BRDA:9,3,1,0
BRDA:10,4,0,0
BRDA:10,4,1,0
BRDA:11,5,0,0
BRDA:11,5,1,0
BRDA:12,6,0,0
BRDA:12,6,1,0
BRDA:18,7,0,0
BRDA:18,7,1,0
BRDA:31,8,0,0
BRDA:31,8,1,0
BRDA:36,9,0,0
BRDA:36,9,1,0
BRDA:54,10,0,0
BRDA:54,10,1,0
BRDA:54,11,0,0
BRDA:54,11,1,0
BRDA:152,12,0,0
BRDA:152,12,1,0
BRDA:297,13,0,0
BRDA:297,13,1,0
BRDA:298,14,0,0
BRDA:298,14,1,0
BRDA:312,15,0,0
BRDA:312,15,1,0
BRDA:352,16,0,0
BRDA:352,16,1,0
BRDA:370,17,0,0
BRDA:370,17,1,0
BRDA:390,18,0,0
BRDA:390,18,1,0
BRDA:403,19,0,0
BRDA:413,20,0,0
BRDA:414,21,0,0
BRDA:414,21,1,0
BRF:41
BRH:0
end_of_record
TN:
SF:src/js/components/Obstacle.js
FN:4,(anonymous_0)
FN:26,(anonymous_1)
FN:49,(anonymous_2)
FN:78,(anonymous_3)
FN:96,(anonymous_4)
FN:126,(anonymous_5)
FN:174,(anonymous_6)
FN:214,(anonymous_7)
FNF:8
FNH:0
FNDA:0,(anonymous_0)
FNDA:0,(anonymous_1)
FNDA:0,(anonymous_2)
FNDA:0,(anonymous_3)
FNDA:0,(anonymous_4)
FNDA:0,(anonymous_5)
FNDA:0,(anonymous_6)
FNDA:0,(anonymous_7)
DA:6,0
DA:7,0
DA:8,0
DA:11,0
DA:12,0
DA:15,0
DA:16,0
DA:20,0
DA:23,0
DA:27,0
DA:29,0
DA:30,0
DA:32,0
DA:33,0
DA:35,0
DA:36,0
DA:38,0
DA:39,0
DA:41,0
DA:42,0
DA:44,0
DA:50,0
DA:51,0
DA:57,0
DA:58,0
DA:59,0
DA:62,0
DA:63,0
DA:64,0
DA:71,0
DA:74,0
DA:79,0
DA:80,0
DA:86,0
DA:87,0
DA:88,0
DA:89,0
DA:92,0
DA:98,0
DA:99,0
DA:105,0
DA:106,0
DA:107,0
DA:110,0
DA:111,0
DA:117,0
DA:118,0
DA:121,0
DA:122,0
DA:127,0
DA:130,0
DA:131,0
DA:132,0
DA:133,0
DA:143,0
DA:144,0
DA:151,0
DA:154,0
DA:155,0
DA:156,0
DA:163,0
DA:164,0
DA:166,0
DA:167,0
DA:170,0
DA:176,0
DA:177,0
DA:183,0
DA:184,0
DA:185,0
DA:186,0
DA:189,0
DA:190,0
DA:195,0
DA:196,0
DA:197,0
DA:199,0
DA:200,0
DA:201,0
DA:202,0
DA:205,0
DA:206,0
DA:207,0
DA:209,0
DA:210,0
DA:211,0
LF:86
LH:0
BRDA:4,0,0,0
BRDA:6,1,0,0
BRDA:6,1,1,0
BRDA:7,2,0,0
BRDA:7,2,1,0
BRDA:11,3,0,0
BRDA:11,3,1,0
BRDA:15,4,0,0
BRDA:15,4,1,0
BRDA:27,5,0,0
BRDA:27,5,1,0
BRDA:27,5,2,0
BRDA:27,5,3,0
BRDA:27,5,4,0
BRDA:27,5,5,0
BRF:15
BRH:0
end_of_record
TN:
SF:src/js/components/Ocean.js
FN:5,(anonymous_0)
FN:14,(anonymous_1)
FN:19,(anonymous_2)
FN:40,(anonymous_3)
FN:42,(anonymous_4)
FN:47,(anonymous_5)
FN:100,(anonymous_6)
FN:127,(anonymous_7)
FNF:8
FNH:0
FNDA:0,(anonymous_0)
FNDA:0,(anonymous_1)
FNDA:0,(anonymous_2)
FNDA:0,(anonymous_3)
FNDA:0,(anonymous_4)
FNDA:0,(anonymous_5)
FNDA:0,(anonymous_6)
FNDA:0,(anonymous_7)
DA:7,0
DA:8,0
DA:9,0
DA:10,0
DA:11,0
DA:15,0
DA:16,0
DA:21,0
DA:34,0
DA:37,0
DA:38,0
DA:39,0
DA:40,0
DA:41,0
DA:43,0
DA:44,0
DA:48,0
DA:49,0
DA:54,0
DA:55,0
DA:56,0
DA:59,0
DA:64,0
DA:65,0
DA:66,0
DA:69,0
DA:72,0
DA:75,0
DA:90,0
DA:91,0
DA:92,0
DA:93,0
DA:95,0
DA:97,0
DA:102,0
DA:103,0
DA:105,0
DA:106,0
DA:107,0
DA:110,0
DA:111,0
DA:112,0
DA:115,0
DA:116,0
DA:117,0
DA:118,0
DA:122,0
DA:123,0
DA:124,0
DA:128,0
DA:129,0
DA:130,0
LF:52
LH:0
BRDA:54,0,0,0
BRDA:54,0,1,0
BRDA:64,1,0,0
BRDA:64,1,1,0
BRDA:129,2,0,0
BRDA:129,2,1,0
BRDA:129,3,0,0
BRDA:129,3,1,0
BRF:8
BRH:0
end_of_record
TN:
SF:src/js/components/ParticleSystem.js
FN:4,(anonymous_0)
FN:16,(anonymous_1)
FN:29,(anonymous_2)
FN:79,(anonymous_3)
FN:150,(anonymous_4)
FN:157,(anonymous_5)
FN:165,(anonymous_6)
FN:197,(anonymous_7)
FN:259,(anonymous_8)
FN:284,(anonymous_9)
FN:311,(anonymous_10)
FN:341,(anonymous_11)
FN:418,(anonymous_12)
FN:447,(anonymous_13)
FN:476,(anonymous_14)
FN:508,(anonymous_15)
FN:539,(anonymous_16)
FNF:17
FNH:0
FNDA:0,(anonymous_0)
FNDA:0,(anonymous_1)
FNDA:0,(anonymous_2)
FNDA:0,(anonymous_3)
FNDA:0,(anonymous_4)
FNDA:0,(anonymous_5)
FNDA:0,(anonymous_6)
FNDA:0,(anonymous_7)
FNDA:0,(anonymous_8)
FNDA:0,(anonymous_9)
FNDA:0,(anonymous_10)
FNDA:0,(anonymous_11)
FNDA:0,(anonymous_12)
FNDA:0,(anonymous_13)
FNDA:0,(anonymous_14)
FNDA:0,(anonymous_15)
FNDA:0,(anonymous_16)
DA:5,0
DA:6,0
DA:7,0
DA:10,0
DA:13,0
DA:18,0
DA:19,0
DA:20,0
DA:23,0
DA:26,0
DA:31,0
DA:39,0
DA:47,0
DA:55,0
DA:63,0
DA:71,0
DA:81,0
DA:95,0
DA:99,0
DA:101,0
DA:102,0
DA:104,0
DA:105,0
DA:107,0
DA:111,0
DA:112,0
DA:115,0
DA:122,0
DA:125,0
DA:140,0
DA:143,0
DA:144,0
DA:147,0
DA:151,0
DA:153,0
DA:154,0
DA:158,0
DA:159,0
DA:160,0
DA:161,0
DA:167,0
DA:169,0
DA:171,0
DA:178,0
DA:185,0
DA:199,0
DA:202,0
DA:204,0
DA:211,0
DA:218,0
DA:230,0
DA:232,0
DA:239,0
DA:246,0
DA:261,0
DA:263,0
DA:265,0
DA:272,0
DA:286,0
DA:288,0
DA:290,0
DA:297,0
DA:313,0
DA:314,0
DA:317,0
DA:319,0
DA:321,0
DA:328,0
DA:343,0
DA:347,0
DA:349,0
DA:350,0
DA:352,0
DA:353,0
DA:355,0
DA:356,0
DA:358,0
DA:359,0
DA:361,0
DA:365,0
DA:373,0
DA:375,0
DA:382,0
DA:385,0
DA:398,0
DA:406,0
DA:420,0
DA:421,0
DA:423,0
DA:424,0
DA:425,0
DA:426,0
DA:428,0
DA:449,0
DA:451,0
DA:452,0
DA:453,0
DA:454,0
DA:455,0
DA:457,0
DA:478,0
DA:479,0
DA:481,0
DA:482,0
DA:483,0
DA:485,0
DA:486,0
DA:487,0
DA:489,0
DA:510,0
DA:512,0
DA:513,0
DA:514,0
DA:516,0
DA:541,0
DA:544,0
DA:545,0
DA:548,0
DA:549,0
DA:550,0
DA:551,0
DA:555,0
DA:558,0
DA:561,0
DA:564,0
DA:565,0
DA:566,0
DA:569,0
DA:572,0
DA:575,0
DA:576,0
LF:131
LH:0
BRDA:79,0,0,0
BRDA:99,1,0,0
BRDA:99,1,1,0
BRDA:99,1,2,0
BRDA:143,2,0,0
BRDA:143,2,1,0
BRDA:151,3,0,0
BRDA:151,3,1,0
BRDA:159,4,0,0
BRDA:159,4,1,0
BRDA:347,5,0,0
BRDA:347,5,1,0
BRDA:347,5,2,0
BRDA:347,5,3,0
BRDA:347,5,4,0
BRDA:548,6,0,0
BRDA:548,6,1,0
BRDA:575,7,0,0
BRDA:575,7,1,0
BRF:19
BRH:0
end_of_record
TN:
SF:src/js/components/Projectile.js
FN:5,(anonymous_0)
FN:54,(anonymous_1)
FN:76,(anonymous_2)
FN:107,(anonymous_3)
FN:140,(anonymous_4)
FN:175,(anonymous_5)
FN:182,(anonymous_6)
FNF:7
FNH:0
FNDA:0,(anonymous_0)
FNDA:0,(anonymous_1)
FNDA:0,(anonymous_2)
FNDA:0,(anonymous_3)
FNDA:0,(anonymous_4)
FNDA:0,(anonymous_5)
FNDA:0,(anonymous_6)
DA:7,0
DA:8,0
DA:9,0
DA:10,0
DA:11,0
DA:12,0
DA:15,0
DA:16,0
DA:19,0
DA:20,0
DA:32,0
DA:33,0
DA:36,0
DA:39,0
DA:41,0
DA:44,0
DA:48,0
DA:51,0
DA:56,0
DA:57,0
DA:59,0
DA:65,0
DA:66,0
DA:67,0
DA:70,0
DA:71,0
DA:72,0
DA:73,0
DA:78,0
DA:79,0
DA:81,0
DA:82,0
DA:83,0
DA:89,0
DA:90,0
DA:91,0
DA:92,0
DA:102,0
DA:103,0
DA:109,0
DA:110,0
DA:113,0
DA:116,0
DA:119,0
DA:120,0
DA:124,0
DA:125,0
DA:128,0
DA:131,0
DA:132,0
DA:135,0
DA:142,0
DA:144,0
DA:145,0
DA:148,0
DA:149,0
DA:150,0
DA:159,0
DA:160,0
DA:161,0
DA:162,0
DA:164,0
DA:167,0
DA:168,0
DA:169,0
DA:178,0
DA:179,0
DA:183,0
DA:186,0
DA:189,0
DA:191,0
DA:193,0
DA:196,0
DA:199,0
DA:200,0
DA:203,0
DA:206,0
DA:208,0
DA:209,0
DA:212,0
DA:213,0
DA:214,0
DA:215,0
DA:219,0
DA:221,0
DA:222,0
DA:223,0
LF:87
LH:0
BRDA:5,0,0,0
BRDA:5,1,0,0
BRDA:20,2,0,0
BRDA:20,2,1,0
BRDA:39,3,0,0
BRDA:39,3,1,0
BRDA:124,4,0,0
BRDA:124,4,1,0
BRDA:131,5,0,0
BRDA:131,5,1,0
BRDA:142,6,0,0
BRDA:142,6,1,0
BRDA:148,7,0,0
BRDA:148,7,1,0
BRDA:159,8,0,0
BRDA:159,8,1,0
BRDA:161,9,0,0
BRDA:161,9,1,0
BRDA:167,10,0,0
BRDA:167,10,1,0
BRDA:183,11,0,0
BRDA:183,11,1,0
BRDA:191,12,0,0
BRDA:191,12,1,0
BRDA:199,13,0,0
BRDA:199,13,1,0
BRDA:199,14,0,0
BRDA:199,14,1,0
BRDA:206,15,0,0
BRDA:206,15,1,0
BRDA:213,16,0,0
BRDA:213,16,1,0
BRDA:221,17,0,0
BRDA:221,17,1,0
BRF:34
BRH:0
end_of_record
TN:
SF:src/js/components/Ship.js
FN:6,(anonymous_0)
FN:61,(anonymous_1)
FN:66,(anonymous_2)
FN:113,(anonymous_3)
FN:140,(anonymous_4)
FN:194,(anonymous_5)
FN:204,(anonymous_6)
FN:217,(anonymous_7)
FN:226,(anonymous_8)
FN:231,(anonymous_9)
FN:277,(anonymous_10)
FN:323,(anonymous_11)
FN:329,(anonymous_12)
FN:335,(anonymous_13)
FN:342,(anonymous_14)
FN:366,(anonymous_15)
FN:387,(anonymous_16)
FN:419,(anonymous_17)
FN:437,(anonymous_18)
FN:445,(anonymous_19)
FN:450,(anonymous_20)
FNF:21
FNH:0
FNDA:0,(anonymous_0)
FNDA:0,(anonymous_1)
FNDA:0,(anonymous_2)
FNDA:0,(anonymous_3)
FNDA:0,(anonymous_4)
FNDA:0,(anonymous_5)
FNDA:0,(anonymous_6)
FNDA:0,(anonymous_7)
FNDA:0,(anonymous_8)
FNDA:0,(anonymous_9)
FNDA:0,(anonymous_10)
FNDA:0,(anonymous_11)
FNDA:0,(anonymous_12)
FNDA:0,(anonymous_13)
FNDA:0,(anonymous_14)
FNDA:0,(anonymous_15)
FNDA:0,(anonymous_16)
FNDA:0,(anonymous_17)
FNDA:0,(anonymous_18)
FNDA:0,(anonymous_19)
FNDA:0,(anonymous_20)
DA:8,0
DA:9,0
DA:10,0
DA:11,0
DA:12,0
DA:13,0
DA:14,0
DA:15,0
DA:16,0
DA:17,0
DA:18,0
DA:21,0
DA:24,0
DA:40,0
DA:46,0
DA:53,0
DA:56,0
DA:57,0
DA:58,0
DA:62,0
DA:63,0
DA:68,0
DA:69,0
DA:74,0
DA:75,0
DA:76,0
DA:77,0
DA:78,0
DA:81,0
DA:82,0
DA:86,0
DA:87,0
DA:88,0
DA:89,0
DA:92,0
DA:93,0
DA:98,0
DA:99,0
DA:100,0
DA:101,0
DA:102,0
DA:105,0
DA:108,0
DA:110,0
DA:115,0
DA:116,0
DA:117,0
DA:120,0
DA:121,0
DA:122,0
DA:123,0
DA:126,0
DA:127,0
DA:128,0
DA:129,0
DA:132,0
DA:133,0
DA:134,0
DA:135,0
DA:136,0
DA:137,0
DA:142,0
DA:144,0
DA:147,0
DA:148,0
DA:150,0
DA:155,0
DA:156,0
DA:157,0
DA:158,0
DA:161,0
DA:162,0
DA:164,0
DA:169,0
DA:170,0
DA:172,0
DA:173,0
DA:179,0
DA:181,0
DA:184,0
DA:187,0
DA:191,0
DA:196,0
DA:197,0
DA:198,0
DA:200,0
DA:205,0
DA:208,0
DA:209,0
DA:213,0
DA:214,0
DA:217,0
DA:218,0
DA:222,0
DA:228,0
DA:233,0
DA:235,0
DA:238,0
DA:239,0
DA:242,0
DA:243,0
DA:246,0
DA:247,0
DA:251,0
DA:256,0
DA:257,0
DA:258,0
DA:259,0
DA:260,0
DA:261,0
DA:262,0
DA:263,0
DA:264,0
DA:265,0
DA:266,0
DA:267,0
DA:271,0
DA:279,0
DA:281,0
DA:284,0
DA:285,0
DA:288,0
DA:289,0
DA:292,0
DA:293,0
DA:297,0
DA:302,0
DA:303,0
DA:304,0
DA:305,0
DA:306,0
DA:307,0
DA:308,0
DA:309,0
DA:310,0
DA:311,0
DA:312,0
DA:313,0
DA:317,0
DA:324,0
DA:325,0
DA:326,0
DA:330,0
DA:331,0
DA:332,0
DA:336,0
DA:337,0
DA:338,0
DA:344,0
DA:346,0
DA:349,0
DA:353,0
DA:355,0
DA:356,0
DA:358,0
DA:359,0
DA:362,0
DA:367,0
DA:370,0
DA:373,0
DA:377,0
DA:380,0
DA:381,0
DA:383,0
DA:388,0
DA:391,0
DA:394,0
DA:397,0
DA:400,0
DA:401,0
DA:404,0
DA:405,0
DA:408,0
DA:411,0
DA:412,0
DA:415,0
DA:420,0
DA:422,0
DA:423,0
DA:426,0
DA:428,0
DA:430,0
DA:433,0
DA:438,0
DA:440,0
DA:441,0
DA:446,0
DA:452,0
DA:456,0
DA:457,0
DA:460,0
DA:463,0
DA:464,0
DA:467,0
DA:468,0
DA:469,0
DA:470,0
LF:197
LH:0
BRDA:6,0,0,0
BRDA:6,1,0,0
BRDA:140,2,0,0
BRDA:142,3,0,0
BRDA:142,3,1,0
BRDA:144,4,0,0
BRDA:144,4,1,0
BRDA:144,5,0,0
BRDA:144,5,1,0
BRDA:144,5,2,0
BRDA:144,5,3,0
BRDA:147,6,0,0
BRDA:147,6,1,0
BRDA:155,7,0,0
BRDA:155,7,1,0
BRDA:155,8,0,0
BRDA:155,8,1,0
BRDA:157,9,0,0
BRDA:157,9,1,0
BRDA:157,10,0,0
BRDA:157,10,1,0
BRDA:161,11,0,0
BRDA:161,11,1,0
BRDA:169,12,0,0
BRDA:169,12,1,0
BRDA:169,13,0,0
BRDA:169,13,1,0
BRDA:172,14,0,0
BRDA:172,14,1,0
BRDA:172,15,0,0
BRDA:172,15,1,0
BRDA:179,16,0,0
BRDA:179,16,1,0
BRDA:179,17,0,0
BRDA:179,17,1,0
BRDA:208,18,0,0
BRDA:208,18,1,0
BRDA:213,19,0,0
BRDA:213,19,1,0
BRDA:213,20,0,0
BRDA:213,20,1,0
BRDA:228,21,0,0
BRDA:228,21,1,0
BRDA:228,22,0,0
BRDA:228,22,1,0
BRDA:228,22,2,0
BRDA:233,23,0,0
BRDA:233,23,1,0
BRDA:238,24,0,0
BRDA:238,24,1,0
BRDA:238,25,0,0
BRDA:238,25,1,0
BRDA:242,26,0,0
BRDA:242,26,1,0
BRDA:242,27,0,0
BRDA:242,27,1,0
BRDA:246,28,0,0
BRDA:246,28,1,0
BRDA:246,29,0,0
BRDA:246,29,1,0
BRDA:256,30,0,0
BRDA:256,30,1,0
BRDA:260,31,0,0
BRDA:260,31,1,0
BRDA:264,32,0,0
BRDA:264,32,1,0
BRDA:279,33,0,0
BRDA:279,33,1,0
BRDA:284,34,0,0
BRDA:284,34,1,0
BRDA:284,35,0,0
BRDA:284,35,1,0
BRDA:288,36,0,0
BRDA:288,36,1,0
BRDA:288,37,0,0
BRDA:288,37,1,0
BRDA:292,38,0,0
BRDA:292,38,1,0
BRDA:292,39,0,0
BRDA:292,39,1,0
BRDA:302,40,0,0
BRDA:302,40,1,0
BRDA:306,41,0,0
BRDA:306,41,1,0
BRDA:310,42,0,0
BRDA:310,42,1,0
BRDA:344,43,0,0
BRDA:344,43,1,0
BRDA:356,44,0,0
BRDA:356,44,1,0
BRDA:356,45,0,0
BRDA:356,45,1,0
BRDA:367,46,0,0
BRDA:367,46,1,0
BRDA:367,47,0,0
BRDA:367,47,1,0
BRDA:383,48,0,0
BRDA:383,48,1,0
BRDA:388,49,0,0
BRDA:388,49,1,0
BRDA:411,50,0,0
BRDA:411,50,1,0
BRDA:420,51,0,0
BRDA:420,51,1,0
BRDA:426,52,0,0
BRDA:426,52,1,0
BRDA:437,53,0,0
BRDA:438,54,0,0
BRDA:438,54,1,0
BRDA:446,55,0,0
BRDA:446,55,1,0
BRDA:452,56,0,0
BRDA:452,56,1,0
BRF:113
BRH:0
end_of_record
TN:
SF:src/js/components/SkyBox.js
FN:4,(anonymous_0)
FN:11,(anonymous_1)
FN:84,(anonymous_2)
FN:99,(anonymous_3)
FN:104,(anonymous_4)
FN:110,(anonymous_5)
FN:170,(anonymous_6)
FN:230,(anonymous_7)
FN:244,(anonymous_8)
FNF:9
FNH:0
FNDA:0,(anonymous_0)
FNDA:0,(anonymous_1)
FNDA:0,(anonymous_2)
FNDA:0,(anonymous_3)
FNDA:0,(anonymous_4)
FNDA:0,(anonymous_5)
FNDA:0,(anonymous_6)
FNDA:0,(anonymous_7)
FNDA:0,(anonymous_8)
DA:5,0
DA:6,0
DA:7,0
DA:8,0
DA:13,0
DA:16,0
DA:19,0
DA:68,0
DA:76,0
DA:79,0
DA:81,0
DA:86,0
DA:89,0
DA:92,0
DA:99,0
DA:101,0
DA:102,0
DA:104,0
DA:105,0
DA:111,0
DA:117,0
DA:126,0
DA:128,0
DA:131,0
DA:132,0
DA:133,0
DA:135,0
DA:142,0
DA:143,0
DA:146,0
DA:147,0
DA:150,0
DA:159,0
DA:163,0
DA:167,0
DA:172,0
DA:173,0
DA:174,0
DA:175,0
DA:178,0
DA:179,0
DA:182,0
DA:183,0
DA:186,0
DA:191,0
DA:192,0
DA:193,0
DA:194,0
DA:196,0
DA:197,0
DA:198,0
DA:199,0
DA:202,0
DA:203,0
DA:204,0
DA:205,0
DA:206,0
DA:208,0
DA:213,0
DA:214,0
DA:215,0
DA:217,0
DA:218,0
DA:219,0
DA:220,0
DA:224,0
DA:225,0
DA:227,0
DA:231,0
DA:234,0
DA:237,0
DA:238,0
DA:239,0
DA:241,0
DA:244,0
DA:246,0
DA:248,0
DA:249,0
DA:252,0
LF:79
LH:0
BRDA:231,0,0,0
BRDA:231,0,1,0
BRDA:238,1,0,0
BRDA:238,1,1,0
BRF:4
BRH:0
end_of_record
TN:
SF:src/js/utils/CameraManager.js
FN:5,(anonymous_0)
FN:30,(anonymous_1)
FN:51,(anonymous_2)
FN:61,(anonymous_3)
FN:85,(anonymous_4)
FN:97,(anonymous_5)
FN:121,(anonymous_6)
FN:128,(anonymous_7)
FNF:8
FNH:0
FNDA:0,(anonymous_0)
FNDA:0,(anonymous_1)
FNDA:0,(anonymous_2)
FNDA:0,(anonymous_3)
FNDA:0,(anonymous_4)
FNDA:0,(anonymous_5)
FNDA:0,(anonymous_6)
FNDA:0,(anonymous_7)
DA:6,0
DA:7,0
DA:10,0
DA:11,0
DA:12,0
DA:13,0
DA:16,0
DA:19,0
DA:22,0
DA:32,0
DA:37,0
DA:40,0
DA:41,0
DA:42,0
DA:43,0
DA:44,0
DA:47,0
DA:48,0
DA:52,0
DA:54,0
DA:57,0
DA:62,0
DA:65,0
DA:66,0
DA:69,0
DA:70,0
DA:71,0
DA:74,0
DA:75,0
DA:78,0
DA:81,0
DA:82,0
DA:86,0
DA:89,0
DA:92,0
DA:93,0
DA:98,0
DA:100,0
DA:103,0
DA:104,0
DA:107,0
DA:110,0
DA:113,0
DA:114,0
DA:118,0
DA:123,0
DA:130,0
DA:131,0
DA:133,0
DA:134,0
LF:50
LH:0
BRDA:52,0,0,0
BRDA:52,0,1,0
BRDA:62,1,0,0
BRDA:62,1,1,0
BRDA:62,2,0,0
BRDA:62,2,1,0
BRDA:89,3,0,0
BRDA:89,3,1,0
BRDA:92,4,0,0
BRDA:92,4,1,0
BRDA:92,5,0,0
BRDA:92,5,1,0
BRDA:98,6,0,0
BRDA:98,6,1,0
BRDA:98,7,0,0
BRDA:98,7,1,0
BRDA:98,7,2,0
BRDA:103,8,0,0
BRDA:103,8,1,0
BRDA:103,9,0,0
BRDA:103,9,1,0
BRDA:123,10,0,0
BRDA:123,10,1,0
BRF:23
BRH:0
end_of_record
TN:
SF:src/js/utils/DebugOverlay.js
FN:5,(anonymous_0)
FN:22,(anonymous_1)
FN:66,(anonymous_2)
FN:72,(anonymous_3)
FNF:4
FNH:0
FNDA:0,(anonymous_0)
FNDA:0,(anonymous_1)
FNDA:0,(anonymous_2)
FNDA:0,(anonymous_3)
DA:6,0
DA:7,0
DA:8,0
DA:9,0
DA:14,0
DA:15,0
DA:16,0
DA:17,0
DA:19,0
DA:24,0
DA:25,0
DA:26,0
DA:27,0
DA:30,0
DA:31,0
DA:32,0
DA:33,0
DA:36,0
DA:37,0
DA:38,0
DA:39,0
DA:42,0
DA:43,0
DA:44,0
DA:45,0
DA:48,0
DA:49,0
DA:50,0
DA:51,0
DA:54,0
DA:55,0
DA:56,0
DA:57,0
DA:60,0
DA:61,0
DA:62,0
DA:63,0
DA:66,0
DA:67,0
DA:68,0
DA:73,0
DA:76,0
DA:78,0
DA:79,0
DA:80,0
DA:81,0
DA:85,0
DA:86,0
DA:87,0
DA:88,0
DA:92,0
DA:93,0
DA:94,0
DA:95,0
DA:96,0
DA:97,0
DA:98,0
DA:101,0
DA:104,0
DA:105,0
DA:106,0
DA:110,0
DA:111,0
LF:63
LH:0
BRDA:68,0,0,0
BRDA:68,0,1,0
BRDA:73,1,0,0
BRDA:73,1,1,0
BRDA:78,2,0,0
BRDA:78,2,1,0
BRDA:85,3,0,0
BRDA:85,3,1,0
BRDA:85,4,0,0
BRDA:85,4,1,0
BRDA:93,5,0,0
BRDA:93,5,1,0
BRDA:94,6,0,0
BRDA:94,6,1,0
BRDA:95,7,0,0
BRDA:95,7,1,0
BRDA:96,8,0,0
BRDA:96,8,1,0
BRDA:97,9,0,0
BRDA:97,9,1,0
BRDA:97,10,0,0
BRDA:97,10,1,0
BRDA:104,11,0,0
BRDA:104,11,1,0
BRDA:104,12,0,0
BRDA:104,12,1,0
BRDA:110,13,0,0
BRDA:110,13,1,0
BRDA:111,14,0,0
BRDA:111,14,1,0
BRF:30
BRH:0
end_of_record
TN:
SF:src/js/utils/InputManager.js
FN:2,(anonymous_0)
FN:30,(anonymous_1)
FN:37,(anonymous_2)
FN:43,(anonymous_3)
FN:74,(anonymous_4)
FN:85,(anonymous_5)
FN:97,(anonymous_6)
FN:109,(anonymous_7)
FN:119,(anonymous_8)
FN:139,(anonymous_9)
FN:143,(anonymous_10)
FN:147,(anonymous_11)
FN:151,(anonymous_12)
FN:155,(anonymous_13)
FN:159,(anonymous_14)
FN:160,(anonymous_15)
FN:163,(anonymous_16)
FN:164,(anonymous_17)
FN:167,(anonymous_18)
FN:168,(anonymous_19)
FN:171,(anonymous_20)
FN:172,(anonymous_21)
FN:175,(anonymous_22)
FNF:23
FNH:0
FNDA:0,(anonymous_0)
FNDA:0,(anonymous_1)
FNDA:0,(anonymous_2)
FNDA:0,(anonymous_3)
FNDA:0,(anonymous_4)
FNDA:0,(anonymous_5)
FNDA:0,(anonymous_6)
FNDA:0,(anonymous_7)
FNDA:0,(anonymous_8)
FNDA:0,(anonymous_9)
FNDA:0,(anonymous_10)
FNDA:0,(anonymous_11)
FNDA:0,(anonymous_12)
FNDA:0,(anonymous_13)
FNDA:0,(anonymous_14)
FNDA:0,(anonymous_15)
FNDA:0,(anonymous_16)
FNDA:0,(anonymous_17)
FNDA:0,(anonymous_18)
FNDA:0,(anonymous_19)
FNDA:0,(anonymous_20)
FNDA:0,(anonymous_21)
FNDA:0,(anonymous_22)
DA:3,0
DA:4,0
DA:5,0
DA:6,0
DA:7,0
DA:10,0
DA:11,0
DA:12,0
DA:13,0
DA:14,0
DA:15,0
DA:16,0
DA:17,0
DA:18,0
DA:19,0
DA:20,0
DA:23,0
DA:24,0
DA:25,0
DA:27,0
DA:32,0
DA:33,0
DA:34,0
DA:35,0
DA:36,0
DA:37,0
DA:44,0
DA:47,0
DA:48,0
DA:49,0
DA:50,0
DA:51,0
DA:52,0
DA:56,0
DA:57,0
DA:58,0
DA:59,0
DA:63,0
DA:64,0
DA:68,0
DA:69,0
DA:70,0
DA:75,0
DA:78,0
DA:79,0
DA:80,0
DA:81,0
DA:86,0
DA:87,0
DA:88,0
DA:89,0
DA:90,0
DA:91,0
DA:92,0
DA:93,0
DA:98,0
DA:99,0
DA:100,0
DA:101,0
DA:102,0
DA:103,0
DA:104,0
DA:105,0
DA:110,0
DA:111,0
DA:114,0
DA:115,0
DA:121,0
DA:123,0
DA:124,0
DA:125,0
DA:128,0
DA:129,0
DA:130,0
DA:133,0
DA:134,0
DA:135,0
DA:140,0
DA:144,0
DA:148,0
DA:152,0
DA:156,0
DA:160,0
DA:164,0
DA:168,0
DA:172,0
DA:177,0
DA:180,0
DA:184,0
DA:188,0
DA:192,0
LF:91
LH:0
BRDA:47,0,0,0
BRDA:47,0,1,0
BRDA:49,1,0,0
BRDA:49,1,1,0
BRDA:51,2,0,0
BRDA:51,2,1,0
BRDA:56,3,0,0
BRDA:56,3,1,0
BRDA:58,4,0,0
BRDA:58,4,1,0
BRDA:63,5,0,0
BRDA:63,5,1,0
BRDA:63,6,0,0
BRDA:63,6,1,0
BRDA:68,7,0,0
BRDA:68,7,1,0
BRDA:68,8,0,0
BRDA:68,8,1,0
BRDA:78,9,0,0
BRDA:78,9,1,0
BRDA:80,10,0,0
BRDA:80,10,1,0
BRDA:86,11,0,0
BRDA:86,11,1,0
BRDA:89,12,0,0
BRDA:89,12,1,0
BRDA:92,13,0,0
BRDA:92,13,1,0
BRDA:98,14,0,0
BRDA:98,14,1,0
BRDA:101,15,0,0
BRDA:101,15,1,0
BRDA:104,16,0,0
BRDA:104,16,1,0
BRDA:114,17,0,0
BRDA:114,17,1,0
BRDA:114,18,0,0
BRDA:114,18,1,0
BRDA:123,19,0,0
BRDA:123,19,1,0
BRDA:123,20,0,0
BRDA:123,20,1,0
BRDA:128,21,0,0
BRDA:128,21,1,0
BRDA:128,22,0,0
BRDA:128,22,1,0
BRDA:133,23,0,0
BRDA:133,23,1,0
BRDA:133,24,0,0
BRDA:133,24,1,0
BRDA:180,25,0,0
BRDA:180,25,1,0
BRDA:184,26,0,0
BRDA:184,26,1,0
BRDA:188,27,0,0
BRDA:188,27,1,0
BRDA:192,28,0,0
BRDA:192,28,1,0
BRF:58
BRH:0
end_of_record
TN:
SF:src/js/utils/NotificationManager.js
FN:5,(anonymous_0)
FN:11,(anonymous_1)
FN:19,(anonymous_2)
FN:82,(anonymous_3)
FNF:4
FNH:0
FNDA:0,(anonymous_0)
FNDA:0,(anonymous_1)
FNDA:0,(anonymous_2)
FNDA:0,(anonymous_3)
DA:6,0
DA:7,0
DA:8,0
DA:12,0
DA:13,0
DA:14,0
DA:15,0
DA:21,0
DA:23,0
DA:25,0
DA:26,0
DA:27,0
DA:31,0
DA:32,0
DA:34,0
DA:35,0
DA:36,0
DA:38,0
DA:39,0
DA:40,0
DA:42,0
DA:43,0
DA:44,0
DA:46,0
DA:47,0
DA:48,0
DA:50,0
DA:51,0
DA:52,0
DA:54,0
DA:55,0
DA:59,0
DA:62,0
DA:63,0
DA:64,0
DA:65,0
DA:68,0
DA:69,0
DA:70,0
DA:71,0
DA:74,0
DA:77,0
DA:78,0
DA:82,0
DA:83,0
LF:45
LH:0
BRDA:12,0,0,0
BRDA:12,0,1,0
BRDA:19,1,0,0
BRDA:23,2,0,0
BRDA:23,2,1,0
BRDA:32,3,0,0
BRDA:32,3,1,0
BRDA:32,3,2,0
BRDA:32,3,3,0
BRDA:32,3,4,0
BRDA:32,3,5,0
BRDA:77,4,0,0
BRDA:77,4,1,0
BRDA:84,5,0,0
BRDA:84,5,1,0
BRDA:84,6,0,0
BRDA:84,6,1,0
BRF:17
BRH:0
end_of_record
TN:
SF:src/js/utils/PhysicsManager.js
FN:8,(anonymous_0)
FN:38,(anonymous_1)
FN:43,(anonymous_2)
FN:54,(anonymous_3)
FN:83,(anonymous_4)
FN:91,(anonymous_5)
FN:137,(anonymous_6)
FN:192,(anonymous_7)
FN:193,(anonymous_8)
FN:199,(anonymous_9)
FN:204,(anonymous_10)
FN:212,(anonymous_11)
FNF:12
FNH:0
FNDA:0,(anonymous_0)
FNDA:0,(anonymous_1)
FNDA:0,(anonymous_2)
FNDA:0,(anonymous_3)
FNDA:0,(anonymous_4)
FNDA:0,(anonymous_5)
FNDA:0,(anonymous_6)
FNDA:0,(anonymous_7)
FNDA:0,(anonymous_8)
FNDA:0,(anonymous_9)
FNDA:0,(anonymous_10)
FNDA:0,(anonymous_11)
DA:9,0
DA:13,0
DA:14,0
DA:15,0
DA:18,0
DA:19,0
DA:20,0
DA:23,0
DA:34,0
DA:35,0
DA:40,0
DA:43,0
DA:44,0
DA:45,0
DA:49,0
DA:50,0
DA:55,0
DA:58,0
DA:70,0
DA:73,0
DA:76,0
DA:77,0
DA:80,0
DA:84,0
DA:85,0
DA:86,0
DA:87,0
DA:93,0
DA:95,0
DA:97,0
DA:98,0
DA:99,0
DA:103,0
DA:104,0
DA:105,0
DA:109,0
DA:110,0
DA:111,0
DA:120,0
DA:121,0
DA:122,0
DA:130,0
DA:131,0
DA:132,0
DA:133,0
DA:141,0
DA:142,0
DA:147,0
DA:154,0
DA:155,0
DA:160,0
DA:167,0
DA:168,0
DA:174,0
DA:183,0
DA:184,0
DA:185,0
DA:186,0
DA:189,0
DA:193,0
DA:194,0
DA:195,0
DA:200,0
DA:202,0
DA:204,0
DA:205,0
DA:206,0
DA:207,0
DA:212,0
DA:213,0
DA:215,0
LF:71
LH:0
BRDA:49,0,0,0
BRDA:49,0,1,0
BRDA:54,1,0,0
BRDA:59,2,0,0
BRDA:59,2,1,0
BRDA:66,3,0,0
BRDA:66,3,1,0
BRDA:76,4,0,0
BRDA:76,4,1,0
BRDA:85,5,0,0
BRDA:85,5,1,0
BRDA:93,6,0,0
BRDA:93,6,1,0
BRDA:95,7,0,0
BRDA:95,7,1,0
BRDA:95,7,2,0
BRDA:95,7,3,0
BRDA:95,7,4,0
BRDA:141,8,0,0
BRDA:141,8,1,0
BRDA:154,9,0,0
BRDA:154,9,1,0
BRDA:167,10,0,0
BRDA:167,10,1,0
BRDA:183,11,0,0
BRDA:183,11,1,0
BRDA:202,12,0,0
BRDA:202,12,1,0
BRDA:206,13,0,0
BRDA:206,13,1,0
BRF:30
BRH:0
end_of_record
TN:
SF:src/js/utils/ShipModelGenerator.js
FN:5,(anonymous_0)
FN:100,(anonymous_1)
FN:104,(anonymous_2)
FN:110,(anonymous_3)
FN:111,(anonymous_4)
FNF:5
FNH:0
FNDA:0,(anonymous_0)
FNDA:0,(anonymous_1)
FNDA:0,(anonymous_2)
FNDA:0,(anonymous_3)
FNDA:0,(anonymous_4)
DA:7,0
DA:10,0
DA:11,0
DA:16,0
DA:17,0
DA:18,0
DA:19,0
DA:20,0
DA:23,0
DA:24,0
DA:28,0
DA:29,0
DA:30,0
DA:31,0
DA:32,0
DA:35,0
DA:36,0
DA:41,0
DA:42,0
DA:43,0
DA:44,0
DA:45,0
DA:46,0
DA:49,0
DA:50,0
DA:51,0
DA:52,0
DA:53,0
DA:54,0
DA:55,0
DA:56,0
DA:59,0
DA:60,0
DA:61,0
DA:62,0
DA:63,0
DA:64,0
DA:66,0
DA:67,0
DA:68,0
DA:69,0
DA:70,0
DA:73,0
DA:74,0
DA:75,0
DA:78,0
DA:79,0
DA:80,0
DA:81,0
DA:82,0
DA:85,0
DA:86,0
DA:87,0
DA:88,0
DA:89,0
DA:92,0
DA:93,0
DA:94,0
DA:95,0
DA:97,0
DA:101,0
DA:102,0
DA:104,0
DA:105,0
DA:106,0
DA:111,0
DA:112,0
DA:113,0
DA:114,0
DA:115,0
LF:70
LH:0
BRF:0
BRH:0
end_of_record
